-------------------------------------------------------------------------------
Test set: org.apache.commons.io.file.FilesUncheckTest
-------------------------------------------------------------------------------
Tests run: 56, Failures: 0, Errors: 1, Skipped: 2, Time elapsed: 1.333 s <<< FAILURE! -- in org.apache.commons.io.file.FilesUncheckTest
org.apache.commons.io.file.FilesUncheckTest.testCreateSymbolicLink -- Time elapsed: 0.014 s <<< ERROR!
java.io.UncheckedIOException: 
java.nio.file.FileSystemException: target\to_another_file.txt: ?? ?????????-??????? ??? ???????? ?????? ?????????? ????????.

	at org.apache.commons.io.function.Uncheck.wrap(Uncheck.java:339)
	at org.apache.commons.io.function.Uncheck.apply(Uncheck.java:165)
	at org.apache.commons.io.file.FilesUncheck.createSymbolicLink(FilesUncheck.java:166)
	at org.apache.commons.io.file.FilesUncheckTest.testCreateSymbolicLink(FilesUncheckTest.java:135)
	at java.lang.reflect.Method.invoke(Method.java:498)
	at java.util.ArrayList.forEach(ArrayList.java:1257)
	at java.util.ArrayList.forEach(ArrayList.java:1257)
Caused by: java.nio.file.FileSystemException: target\to_another_file.txt: ?? ?????????-??????? ??? ???????? ?????? ?????????? ????????.

	at sun.nio.fs.WindowsException.translateToIOException(WindowsException.java:86)
	at sun.nio.fs.WindowsException.rethrowAsIOException(WindowsException.java:97)
	at sun.nio.fs.WindowsException.rethrowAsIOException(WindowsException.java:102)
	at sun.nio.fs.WindowsFileSystemProvider.createSymbolicLink(WindowsFileSystemProvider.java:585)
	at java.nio.file.Files.createSymbolicLink(Files.java:1043)
	at org.apache.commons.io.function.Uncheck.apply(Uncheck.java:163)
	... 5 more

