-------------------------------------------------------------------------------
Test set: org.apache.commons.io.file.PathUtilsTest
-------------------------------------------------------------------------------
Tests run: 42, Failures: 0, Errors: 3, Skipped: 0, Time elapsed: 1.123 s <<< FAILURE! -- in org.apache.commons.io.file.PathUtilsTest
org.apache.commons.io.file.PathUtilsTest.testCreateDirectoriesSymlinkClashing -- Time elapsed: 0.012 s <<< ERROR!
java.nio.file.FileSystemException: 
C:\Users\user\AppData\Local\Temp\junit-4150681201806912145\PathUtilsTest8983545382070485758\symlinked-dir: ?? ?????????-??????? ??? ???????? ?????? ?????????? ????????.

	at sun.nio.fs.WindowsException.translateToIOException(WindowsException.java:86)
	at sun.nio.fs.WindowsException.rethrowAsIOException(WindowsException.java:97)
	at sun.nio.fs.WindowsException.rethrowAsIOException(WindowsException.java:102)
	at sun.nio.fs.WindowsFileSystemProvider.createSymbolicLink(WindowsFileSystemProvider.java:585)
	at java.nio.file.Files.createSymbolicLink(Files.java:1043)
	at org.apache.commons.io.file.AbstractTempDirTest.createTempSymlinkedRelativeDir(AbstractTempDirTest.java:51)
	at org.apache.commons.io.file.PathUtilsTest.testCreateDirectoriesSymlinkClashing(PathUtilsTest.java:228)
	at java.lang.reflect.Method.invoke(Method.java:498)
	at java.util.ArrayList.forEach(ArrayList.java:1257)
	at java.util.ArrayList.forEach(ArrayList.java:1257)

org.apache.commons.io.file.PathUtilsTest.testCreateDirectoriesSymlink -- Time elapsed: 0.009 s <<< ERROR!
java.nio.file.FileSystemException: 
C:\Users\user\AppData\Local\Temp\junit-4492696174283540683\PathUtilsTest2472585108116682085\symlinked-dir: ?? ?????????-??????? ??? ???????? ?????? ?????????? ????????.

	at sun.nio.fs.WindowsException.translateToIOException(WindowsException.java:86)
	at sun.nio.fs.WindowsException.rethrowAsIOException(WindowsException.java:97)
	at sun.nio.fs.WindowsException.rethrowAsIOException(WindowsException.java:102)
	at sun.nio.fs.WindowsFileSystemProvider.createSymbolicLink(WindowsFileSystemProvider.java:585)
	at java.nio.file.Files.createSymbolicLink(Files.java:1043)
	at org.apache.commons.io.file.AbstractTempDirTest.createTempSymlinkedRelativeDir(AbstractTempDirTest.java:51)
	at org.apache.commons.io.file.PathUtilsTest.testCreateDirectoriesSymlink(PathUtilsTest.java:220)
	at java.lang.reflect.Method.invoke(Method.java:498)
	at java.util.ArrayList.forEach(ArrayList.java:1257)
	at java.util.ArrayList.forEach(ArrayList.java:1257)

org.apache.commons.io.file.PathUtilsTest.testNewOutputStreamNewFileInsideExistingSymlinkedDir -- Time elapsed: 0.005 s <<< ERROR!
java.nio.file.FileSystemException: 
C:\Users\user\AppData\Local\Temp\junit-8612023576073185082\PathUtilsTest3673095949103789413\symlinked-dir: ?? ?????????-??????? ??? ???????? ?????? ?????????? ????????.

	at sun.nio.fs.WindowsException.translateToIOException(WindowsException.java:86)
	at sun.nio.fs.WindowsException.rethrowAsIOException(WindowsException.java:97)
	at sun.nio.fs.WindowsException.rethrowAsIOException(WindowsException.java:102)
	at sun.nio.fs.WindowsFileSystemProvider.createSymbolicLink(WindowsFileSystemProvider.java:585)
	at java.nio.file.Files.createSymbolicLink(Files.java:1043)
	at org.apache.commons.io.file.AbstractTempDirTest.createTempSymlinkedRelativeDir(AbstractTempDirTest.java:51)
	at org.apache.commons.io.file.PathUtilsTest.testNewOutputStreamNewFileInsideExistingSymlinkedDir(PathUtilsTest.java:439)
	at java.lang.reflect.Method.invoke(Method.java:498)
	at java.util.ArrayList.forEach(ArrayList.java:1257)
	at java.util.ArrayList.forEach(ArrayList.java:1257)

