-------------------------------------------------------------------------------
Test set: org.apache.commons.io.FileUtilsDeleteDirectoryWindowsTest
-------------------------------------------------------------------------------
Tests run: 9, Failures: 3, Errors: 3, Skipped: 0, Time elapsed: 0.935 s <<< FAILURE! -- in org.apache.commons.io.FileUtilsDeleteDirectoryWindowsTest
org.apache.commons.io.FileUtilsDeleteDirectoryWindowsTest.testDeleteDirWithSymlinkFile -- Time elapsed: 0.170 s <<< FAILURE!
org.opentest4j.AssertionFailedError: expected: <true> but was: <false>
	at org.apache.commons.io.AbstractFileUtilsDeleteDirectoryTest.testDeleteDirWithSymlinkFile(AbstractFileUtilsDeleteDirectoryTest.java:123)
	at java.lang.reflect.Method.invoke(Method.java:498)
	at java.util.ArrayList.forEach(ArrayList.java:1257)
	at java.util.ArrayList.forEach(ArrayList.java:1257)

org.apache.commons.io.FileUtilsDeleteDirectoryWindowsTest.testDeleteDirWithASymlinkDir -- Time elapsed: 0.087 s <<< FAILURE!
org.opentest4j.AssertionFailedError: expected: <true> but was: <false>
	at org.apache.commons.io.AbstractFileUtilsDeleteDirectoryTest.testDeleteDirWithASymlinkDir(AbstractFileUtilsDeleteDirectoryTest.java:63)
	at java.lang.reflect.Method.invoke(Method.java:498)
	at java.util.ArrayList.forEach(ArrayList.java:1257)
	at java.util.ArrayList.forEach(ArrayList.java:1257)

org.apache.commons.io.FileUtilsDeleteDirectoryWindowsTest.testDeleteParentSymlink -- Time elapsed: 0.078 s <<< FAILURE!
org.opentest4j.AssertionFailedError: expected: <true> but was: <false>
	at org.apache.commons.io.AbstractFileUtilsDeleteDirectoryTest.testDeleteParentSymlink(AbstractFileUtilsDeleteDirectoryTest.java:178)
	at java.lang.reflect.Method.invoke(Method.java:498)
	at java.util.ArrayList.forEach(ArrayList.java:1257)
	at java.util.ArrayList.forEach(ArrayList.java:1257)

org.apache.commons.io.FileUtilsDeleteDirectoryWindowsTest.testDeleteDirWithASymlinkDir2 -- Time elapsed: 0.016 s <<< ERROR!
java.nio.file.FileSystemException: 
C:\Users\user\AppData\Local\Temp\junit-6244948050078375550\realouter\fakeinner: ?? ?????????-??????? ??? ???????? ?????? ?????????? ????????.

	at sun.nio.fs.WindowsException.translateToIOException(WindowsException.java:86)
	at sun.nio.fs.WindowsException.rethrowAsIOException(WindowsException.java:97)
	at sun.nio.fs.WindowsException.rethrowAsIOException(WindowsException.java:102)
	at sun.nio.fs.WindowsFileSystemProvider.createSymbolicLink(WindowsFileSystemProvider.java:585)
	at java.nio.file.Files.createSymbolicLink(Files.java:1043)
	at org.apache.commons.io.AbstractFileUtilsDeleteDirectoryTest.testDeleteDirWithASymlinkDir2(AbstractFileUtilsDeleteDirectoryTest.java:94)
	at java.lang.reflect.Method.invoke(Method.java:498)
	at java.util.ArrayList.forEach(ArrayList.java:1257)
	at java.util.ArrayList.forEach(ArrayList.java:1257)

org.apache.commons.io.FileUtilsDeleteDirectoryWindowsTest.testDeleteParentSymlink2 -- Time elapsed: 0.011 s <<< ERROR!
java.nio.file.FileSystemException: 
C:\Users\user\AppData\Local\Temp\junit-5328572103119087779\realparent\fakeinner: ?? ?????????-??????? ??? ???????? ?????? ?????????? ????????.

	at sun.nio.fs.WindowsException.translateToIOException(WindowsException.java:86)
	at sun.nio.fs.WindowsException.rethrowAsIOException(WindowsException.java:97)
	at sun.nio.fs.WindowsException.rethrowAsIOException(WindowsException.java:102)
	at sun.nio.fs.WindowsFileSystemProvider.createSymbolicLink(WindowsFileSystemProvider.java:585)
	at java.nio.file.Files.createSymbolicLink(Files.java:1043)
	at org.apache.commons.io.AbstractFileUtilsDeleteDirectoryTest.testDeleteParentSymlink2(AbstractFileUtilsDeleteDirectoryTest.java:211)
	at java.lang.reflect.Method.invoke(Method.java:498)
	at java.util.ArrayList.forEach(ArrayList.java:1257)
	at java.util.ArrayList.forEach(ArrayList.java:1257)

org.apache.commons.io.FileUtilsDeleteDirectoryWindowsTest.testDeleteInvalidLinks -- Time elapsed: 0.008 s <<< ERROR!
java.nio.file.FileSystemException: 
C:\Users\user\AppData\Local\Temp\junit-7439968924576203271\realParentDirA\realChildDirB\linkToC: ?? ?????????-??????? ??? ???????? ?????? ?????????? ????????.

	at sun.nio.fs.WindowsException.translateToIOException(WindowsException.java:86)
	at sun.nio.fs.WindowsException.rethrowAsIOException(WindowsException.java:97)
	at sun.nio.fs.WindowsException.rethrowAsIOException(WindowsException.java:102)
	at sun.nio.fs.WindowsFileSystemProvider.createSymbolicLink(WindowsFileSystemProvider.java:585)
	at java.nio.file.Files.createSymbolicLink(Files.java:1043)
	at org.apache.commons.io.AbstractFileUtilsDeleteDirectoryTest.testDeleteInvalidLinks(AbstractFileUtilsDeleteDirectoryTest.java:150)
	at java.lang.reflect.Method.invoke(Method.java:498)
	at java.util.ArrayList.forEach(ArrayList.java:1257)
	at java.util.ArrayList.forEach(ArrayList.java:1257)

