-------------------------------------------------------------------------------
Test set: org.apache.commons.io.file.DeletingPathVisitorTest
-------------------------------------------------------------------------------
Tests run: 15, Failures: 0, Errors: 2, Skipped: 0, Time elapsed: 0.972 s <<< FAILURE! -- in org.apache.commons.io.file.DeletingPathVisitorTest
org.apache.commons.io.file.DeletingPathVisitorTest.testIO850DirectoriesAndFiles -- Time elapsed: 0.399 s <<< ERROR!
java.nio.file.FileSystemException: 
C:\Users\user\AppData\Local\Temp\junit-4909358844857777080\IO850\symlinked-dir: ?? ?????????-??????? ??? ???????? ?????? ?????????? ????????.

	at sun.nio.fs.WindowsException.translateToIOException(WindowsException.java:86)
	at sun.nio.fs.WindowsException.rethrowAsIOException(WindowsException.java:97)
	at sun.nio.fs.WindowsException.rethrowAsIOException(WindowsException.java:102)
	at sun.nio.fs.WindowsFileSystemProvider.createSymbolicLink(WindowsFileSystemProvider.java:585)
	at java.nio.file.Files.createSymbolicLink(Files.java:1043)
	at org.apache.commons.io.file.AbstractTempDirTest.createTempSymlinkedRelativeDir(AbstractTempDirTest.java:51)
	at org.apache.commons.io.file.DeletingPathVisitorTest.testIO850DirectoriesAndFiles(DeletingPathVisitorTest.java:148)
	at java.lang.reflect.Method.invoke(Method.java:498)
	at java.util.ArrayList.forEach(ArrayList.java:1257)
	at java.util.ArrayList.forEach(ArrayList.java:1257)

org.apache.commons.io.file.DeletingPathVisitorTest.testIO850DirectoriesOnly -- Time elapsed: 0.008 s <<< ERROR!
java.nio.file.FileSystemException: 
C:\Users\user\AppData\Local\Temp\junit-8135526656986640689\IO850\symlinked-dir: ?? ?????????-??????? ??? ???????? ?????? ?????????? ????????.

	at sun.nio.fs.WindowsException.translateToIOException(WindowsException.java:86)
	at sun.nio.fs.WindowsException.rethrowAsIOException(WindowsException.java:97)
	at sun.nio.fs.WindowsException.rethrowAsIOException(WindowsException.java:102)
	at sun.nio.fs.WindowsFileSystemProvider.createSymbolicLink(WindowsFileSystemProvider.java:585)
	at java.nio.file.Files.createSymbolicLink(Files.java:1043)
	at org.apache.commons.io.file.AbstractTempDirTest.createTempSymlinkedRelativeDir(AbstractTempDirTest.java:51)
	at org.apache.commons.io.file.DeletingPathVisitorTest.testIO850DirectoriesOnly(DeletingPathVisitorTest.java:169)
	at java.lang.reflect.Method.invoke(Method.java:498)
	at java.util.ArrayList.forEach(ArrayList.java:1257)
	at java.util.ArrayList.forEach(ArrayList.java:1257)

