-------------------------------------------------------------------------------
Test set: org.apache.commons.io.FileUtilsTest
-------------------------------------------------------------------------------
Tests run: 187, Failures: 0, Errors: 10, Skipped: 7, Time elapsed: 3.762 s <<< FAILURE! -- in org.apache.commons.io.FileUtilsTest
org.apache.commons.io.FileUtilsTest.testCopyDir_symLink -- Time elapsed: 0.037 s <<< ERROR!
java.nio.file.FileSystemException: 
C:\Users\user\AppData\Local\Temp\junit-6121595657633573947\FileUtilsTest2237729918460597523\link_to_directory: ?? ?????????-??????? ??? ???????? ?????? ?????????? ????????.

	at sun.nio.fs.WindowsException.translateToIOException(WindowsException.java:86)
	at sun.nio.fs.WindowsException.rethrowAsIOException(WindowsException.java:97)
	at sun.nio.fs.WindowsException.rethrowAsIOException(WindowsException.java:102)
	at sun.nio.fs.WindowsFileSystemProvider.createSymbolicLink(WindowsFileSystemProvider.java:585)
	at java.nio.file.Files.createSymbolicLink(Files.java:1043)
	at org.apache.commons.io.FileUtilsTest.testCopyDir_symLink(FileUtilsTest.java:772)
	at java.lang.reflect.Method.invoke(Method.java:498)
	at java.util.ArrayList.forEach(ArrayList.java:1257)
	at java.util.ArrayList.forEach(ArrayList.java:1257)

org.apache.commons.io.FileUtilsTest.testCopyDirectory_symLink -- Time elapsed: 0.014 s <<< ERROR!
java.nio.file.FileSystemException: 
C:\Users\user\AppData\Local\Temp\junit-6786598930378354397\FileUtilsTest7044027384555296951\source_directory\linkfile: ?? ?????????-??????? ??? ???????? ?????? ?????????? ????????.

	at sun.nio.fs.WindowsException.translateToIOException(WindowsException.java:86)
	at sun.nio.fs.WindowsException.rethrowAsIOException(WindowsException.java:97)
	at sun.nio.fs.WindowsException.rethrowAsIOException(WindowsException.java:102)
	at sun.nio.fs.WindowsFileSystemProvider.createSymbolicLink(WindowsFileSystemProvider.java:585)
	at java.nio.file.Files.createSymbolicLink(Files.java:1043)
	at org.apache.commons.io.FileUtilsTest.testCopyDirectory_symLink(FileUtilsTest.java:870)
	at java.lang.reflect.Method.invoke(Method.java:498)
	at java.util.ArrayList.forEach(ArrayList.java:1257)
	at java.util.ArrayList.forEach(ArrayList.java:1257)

org.apache.commons.io.FileUtilsTest.testWriteStringToFileIntoSymlinkedDir -- Time elapsed: 0.011 s <<< ERROR!
java.nio.file.FileSystemException: 
C:\Users\user\AppData\Local\Temp\junit-4254162173577478974\FileUtilsTest5902346084755723246\symlinked-dir: ?? ?????????-??????? ??? ???????? ?????? ?????????? ????????.

	at sun.nio.fs.WindowsException.translateToIOException(WindowsException.java:86)
	at sun.nio.fs.WindowsException.rethrowAsIOException(WindowsException.java:97)
	at sun.nio.fs.WindowsException.rethrowAsIOException(WindowsException.java:102)
	at sun.nio.fs.WindowsFileSystemProvider.createSymbolicLink(WindowsFileSystemProvider.java:585)
	at java.nio.file.Files.createSymbolicLink(Files.java:1043)
	at org.apache.commons.io.FileUtilsTest.createTempSymlinkedRelativeDir(FileUtilsTest.java:250)
	at org.apache.commons.io.FileUtilsTest.testWriteStringToFileIntoSymlinkedDir(FileUtilsTest.java:3440)
	at java.lang.reflect.Method.invoke(Method.java:498)
	at java.util.ArrayList.forEach(ArrayList.java:1257)
	at java.util.ArrayList.forEach(ArrayList.java:1257)

org.apache.commons.io.FileUtilsTest.testCopyDirectory_brokenSymLink -- Time elapsed: 0.011 s <<< ERROR!
java.nio.file.FileSystemException: 
C:\Users\user\AppData\Local\Temp\junit-32705591264925572\FileUtilsTest4154931050082156060\source_directory\linkfile: ?? ?????????-??????? ??? ???????? ?????? ?????????? ????????.

	at sun.nio.fs.WindowsException.translateToIOException(WindowsException.java:86)
	at sun.nio.fs.WindowsException.rethrowAsIOException(WindowsException.java:97)
	at sun.nio.fs.WindowsException.rethrowAsIOException(WindowsException.java:102)
	at sun.nio.fs.WindowsFileSystemProvider.createSymbolicLink(WindowsFileSystemProvider.java:585)
	at java.nio.file.Files.createSymbolicLink(Files.java:1043)
	at org.apache.commons.io.FileUtilsTest.testCopyDirectory_brokenSymLink(FileUtilsTest.java:835)
	at java.lang.reflect.Method.invoke(Method.java:498)
	at java.util.ArrayList.forEach(ArrayList.java:1257)
	at java.util.ArrayList.forEach(ArrayList.java:1257)

org.apache.commons.io.FileUtilsTest.testSizeOfDirectoryAsBigInteger -- Time elapsed: 0.014 s <<< ERROR!
java.nio.file.FileSystemException: 
C:\Users\user\AppData\Local\Temp\junit-3226162887216097128\FileUtilsTest514908717008775833\FileUtilsTest\cycle: ?? ?????????-??????? ??? ???????? ?????? ?????????? ????????.

	at sun.nio.fs.WindowsException.translateToIOException(WindowsException.java:86)
	at sun.nio.fs.WindowsException.rethrowAsIOException(WindowsException.java:97)
	at sun.nio.fs.WindowsException.rethrowAsIOException(WindowsException.java:102)
	at sun.nio.fs.WindowsFileSystemProvider.createSymbolicLink(WindowsFileSystemProvider.java:585)
	at java.nio.file.Files.createSymbolicLink(Files.java:1043)
	at org.apache.commons.io.FileUtilsTest.createCircularSymLink(FileUtilsTest.java:217)
	at org.apache.commons.io.FileUtilsTest.testSizeOfDirectoryAsBigInteger(FileUtilsTest.java:2907)
	at java.lang.reflect.Method.invoke(Method.java:498)
	at java.util.ArrayList.forEach(ArrayList.java:1257)
	at java.util.ArrayList.forEach(ArrayList.java:1257)

org.apache.commons.io.FileUtilsTest.testSizeOfDirectory -- Time elapsed: 0.010 s <<< ERROR!
java.nio.file.FileSystemException: 
C:\Users\user\AppData\Local\Temp\junit-3335621771662536762\FileUtilsTest1197658860310013034\FileUtilsTest\cycle: ?? ?????????-??????? ??? ???????? ?????? ?????????? ????????.

	at sun.nio.fs.WindowsException.translateToIOException(WindowsException.java:86)
	at sun.nio.fs.WindowsException.rethrowAsIOException(WindowsException.java:97)
	at sun.nio.fs.WindowsException.rethrowAsIOException(WindowsException.java:102)
	at sun.nio.fs.WindowsFileSystemProvider.createSymbolicLink(WindowsFileSystemProvider.java:585)
	at java.nio.file.Files.createSymbolicLink(Files.java:1043)
	at org.apache.commons.io.FileUtilsTest.createCircularSymLink(FileUtilsTest.java:217)
	at org.apache.commons.io.FileUtilsTest.testSizeOfDirectory(FileUtilsTest.java:2876)
	at java.lang.reflect.Method.invoke(Method.java:498)
	at java.util.ArrayList.forEach(ArrayList.java:1257)
	at java.util.ArrayList.forEach(ArrayList.java:1257)

org.apache.commons.io.FileUtilsTest.test_openOutputStream_intoExistingSymlinkedDir -- Time elapsed: 0.008 s <<< ERROR!
java.nio.file.FileSystemException: 
C:\Users\user\AppData\Local\Temp\junit-1603848077054344925\FileUtilsTest3676527887853502444\symlinked-dir: ?? ?????????-??????? ??? ???????? ?????? ?????????? ????????.

	at sun.nio.fs.WindowsException.translateToIOException(WindowsException.java:86)
	at sun.nio.fs.WindowsException.rethrowAsIOException(WindowsException.java:97)
	at sun.nio.fs.WindowsException.rethrowAsIOException(WindowsException.java:102)
	at sun.nio.fs.WindowsFileSystemProvider.createSymbolicLink(WindowsFileSystemProvider.java:585)
	at java.nio.file.Files.createSymbolicLink(Files.java:1043)
	at org.apache.commons.io.FileUtilsTest.createTempSymlinkedRelativeDir(FileUtilsTest.java:250)
	at org.apache.commons.io.FileUtilsTest.test_openOutputStream_intoExistingSymlinkedDir(FileUtilsTest.java:405)
	at java.lang.reflect.Method.invoke(Method.java:498)
	at java.util.ArrayList.forEach(ArrayList.java:1257)
	at java.util.ArrayList.forEach(ArrayList.java:1257)

org.apache.commons.io.FileUtilsTest.testCopyDir_symLinkCycle -- Time elapsed: 0.008 s <<< ERROR!
java.nio.file.FileSystemException: 
C:\Users\user\AppData\Local\Temp\junit-1796015427659316326\FileUtilsTest106175080948765325\topDirectory\child_directory\link_to_top: ?? ?????????-??????? ??? ???????? ?????? ?????????? ????????.

	at sun.nio.fs.WindowsException.translateToIOException(WindowsException.java:86)
	at sun.nio.fs.WindowsException.rethrowAsIOException(WindowsException.java:97)
	at sun.nio.fs.WindowsException.rethrowAsIOException(WindowsException.java:102)
	at sun.nio.fs.WindowsFileSystemProvider.createSymbolicLink(WindowsFileSystemProvider.java:585)
	at java.nio.file.Files.createSymbolicLink(Files.java:1043)
	at org.apache.commons.io.FileUtilsTest.testCopyDir_symLinkCycle(FileUtilsTest.java:802)
	at java.lang.reflect.Method.invoke(Method.java:498)
	at java.util.ArrayList.forEach(ArrayList.java:1257)
	at java.util.ArrayList.forEach(ArrayList.java:1257)

org.apache.commons.io.FileUtilsTest.testCopyDirectory_symLinkExternalFile -- Time elapsed: 0.007 s <<< ERROR!
java.nio.file.FileSystemException: 
C:\Users\user\AppData\Local\Temp\junit-650246699266633890\FileUtilsTest8810262707047887836\real_directory\link_to_file: ?? ?????????-??????? ??? ???????? ?????? ?????????? ????????.

	at sun.nio.fs.WindowsException.translateToIOException(WindowsException.java:86)
	at sun.nio.fs.WindowsException.rethrowAsIOException(WindowsException.java:97)
	at sun.nio.fs.WindowsException.rethrowAsIOException(WindowsException.java:102)
	at sun.nio.fs.WindowsFileSystemProvider.createSymbolicLink(WindowsFileSystemProvider.java:585)
	at java.nio.file.Files.createSymbolicLink(Files.java:1043)
	at org.apache.commons.io.FileUtilsTest.testCopyDirectory_symLinkExternalFile(FileUtilsTest.java:902)
	at java.lang.reflect.Method.invoke(Method.java:498)
	at java.util.ArrayList.forEach(ArrayList.java:1257)
	at java.util.ArrayList.forEach(ArrayList.java:1257)

org.apache.commons.io.FileUtilsTest.testCopyFile_symLink -- Time elapsed: 0.008 s <<< ERROR!
java.nio.file.FileSystemException: 
C:\Users\user\AppData\Local\Temp\junit-7033840173716680216\FileUtilsTest2732786136891245444\source_directory\linkfile: ?? ?????????-??????? ??? ???????? ?????? ?????????? ????????.

	at sun.nio.fs.WindowsException.translateToIOException(WindowsException.java:86)
	at sun.nio.fs.WindowsException.rethrowAsIOException(WindowsException.java:97)
	at sun.nio.fs.WindowsException.rethrowAsIOException(WindowsException.java:102)
	at sun.nio.fs.WindowsFileSystemProvider.createSymbolicLink(WindowsFileSystemProvider.java:585)
	at java.nio.file.Files.createSymbolicLink(Files.java:1043)
	at org.apache.commons.io.FileUtilsTest.testCopyFile_symLink(FileUtilsTest.java:1206)
	at java.lang.reflect.Method.invoke(Method.java:498)
	at java.util.ArrayList.forEach(ArrayList.java:1257)
	at java.util.ArrayList.forEach(ArrayList.java:1257)

