-------------------------------------------------------------------------------
Test set: org.apache.commons.io.output.WriterOutputStreamTest
-------------------------------------------------------------------------------
Tests run: 17, Failures: 3, Errors: 0, Skipped: 0, Time elapsed: 0.297 s <<< FAILURE! -- in org.apache.commons.io.output.WriterOutputStreamTest
org.apache.commons.io.output.WriterOutputStreamTest.testNullCharsetNameWithSingleByteWrite -- Time elapsed: 0.083 s <<< FAILURE!
org.opentest4j.AssertionFailedError: expected: <à peine arrivés nous entrâmes dans sa chambre> but was: <? peine arriv?s nous entr?mes dans sa chambre>
	at org.junit.jupiter.api.AssertionFailureBuilder.build(AssertionFailureBuilder.java:151)
	at org.junit.jupiter.api.AssertionFailureBuilder.buildAndThrow(AssertionFailureBuilder.java:132)
	at org.junit.jupiter.api.AssertEquals.failNotEqual(AssertEquals.java:197)
	at org.junit.jupiter.api.AssertEquals.assertEquals(AssertEquals.java:182)
	at org.junit.jupiter.api.AssertEquals.assertEquals(AssertEquals.java:177)
	at org.junit.jupiter.api.Assertions.assertEquals(Assertions.java:1145)
	at org.apache.commons.io.output.WriterOutputStreamTest.testWithSingleByteWrite(WriterOutputStreamTest.java:205)
	at org.apache.commons.io.output.WriterOutputStreamTest.testNullCharsetNameWithSingleByteWrite(WriterOutputStreamTest.java:95)
	at java.lang.reflect.Method.invoke(Method.java:498)
	at java.util.ArrayList.forEach(ArrayList.java:1257)
	at java.util.ArrayList.forEach(ArrayList.java:1257)

org.apache.commons.io.output.WriterOutputStreamTest.testNullCharsetDecoderWithSingleByteWrite -- Time elapsed: 0.003 s <<< FAILURE!
org.opentest4j.AssertionFailedError: expected: <à peine arrivés nous entrâmes dans sa chambre> but was: <? peine arriv?s nous entr?mes dans sa chambre>
	at org.junit.jupiter.api.AssertionFailureBuilder.build(AssertionFailureBuilder.java:151)
	at org.junit.jupiter.api.AssertionFailureBuilder.buildAndThrow(AssertionFailureBuilder.java:132)
	at org.junit.jupiter.api.AssertEquals.failNotEqual(AssertEquals.java:197)
	at org.junit.jupiter.api.AssertEquals.assertEquals(AssertEquals.java:182)
	at org.junit.jupiter.api.AssertEquals.assertEquals(AssertEquals.java:177)
	at org.junit.jupiter.api.Assertions.assertEquals(Assertions.java:1145)
	at org.apache.commons.io.output.WriterOutputStreamTest.testWithSingleByteWrite(WriterOutputStreamTest.java:190)
	at org.apache.commons.io.output.WriterOutputStreamTest.testNullCharsetDecoderWithSingleByteWrite(WriterOutputStreamTest.java:90)
	at java.lang.reflect.Method.invoke(Method.java:498)
	at java.util.ArrayList.forEach(ArrayList.java:1257)
	at java.util.ArrayList.forEach(ArrayList.java:1257)

org.apache.commons.io.output.WriterOutputStreamTest.testNullCharsetWithSingleByteWrite -- Time elapsed: 0.003 s <<< FAILURE!
org.opentest4j.AssertionFailedError: expected: <à peine arrivés nous entrâmes dans sa chambre> but was: <? peine arriv?s nous entr?mes dans sa chambre>
	at org.junit.jupiter.api.AssertionFailureBuilder.build(AssertionFailureBuilder.java:151)
	at org.junit.jupiter.api.AssertionFailureBuilder.buildAndThrow(AssertionFailureBuilder.java:132)
	at org.junit.jupiter.api.AssertEquals.failNotEqual(AssertEquals.java:197)
	at org.junit.jupiter.api.AssertEquals.assertEquals(AssertEquals.java:182)
	at org.junit.jupiter.api.AssertEquals.assertEquals(AssertEquals.java:177)
	at org.junit.jupiter.api.Assertions.assertEquals(Assertions.java:1145)
	at org.apache.commons.io.output.WriterOutputStreamTest.testWithSingleByteWrite(WriterOutputStreamTest.java:175)
	at org.apache.commons.io.output.WriterOutputStreamTest.testNullCharsetWithSingleByteWrite(WriterOutputStreamTest.java:100)
	at java.lang.reflect.Method.invoke(Method.java:498)
	at java.util.ArrayList.forEach(ArrayList.java:1257)
	at java.util.ArrayList.forEach(ArrayList.java:1257)

