<?xml version="1.0" encoding="UTF-8"?>
<testsuite xmlns:xsi="http://www.w3.org/2001/XMLSchema-instance" xsi:noNamespaceSchemaLocation="https://maven.apache.org/surefire/maven-surefire-plugin/xsd/surefire-test-report.xsd" version="3.0.2" name="org.apache.commons.io.input.CharSequenceInputStreamTest" time="1.823" tests="416" errors="0" skipped="0" failures="0">
  <properties>
[...]
</properties>
  <testcase name="testIO_356_B10_D10_S0_UTF8" classname="org.apache.commons.io.input.CharSequenceInputStreamTest" time="0.113"/>
  <testcase name="testLargeSingleByteRead_RequiredCharsets(String)[1]" classname="org.apache.commons.io.input.CharSequenceInputStreamTest" time="0.026"/>
  <testcase name="testLargeSingleByteRead_RequiredCharsets(String)[2]" classname="org.apache.commons.io.input.CharSequenceInputStreamTest" time="0.008"/>
  <testcase name="testLargeSingleByteRead_RequiredCharsets(String)[3]" classname="org.apache.commons.io.input.CharSequenceInputStreamTest" time="0.012"/>
  <testcase name="testLargeSingleByteRead_RequiredCharsets(String)[4]" classname="org.apache.commons.io.input.CharSequenceInputStreamTest" time="0.012"/>
  <testcase name="testLargeSingleByteRead_RequiredCharsets(String)[5]" classname="org.apache.commons.io.input.CharSequenceInputStreamTest" time="0.01"/>
  <testcase name="testLargeSingleByteRead_RequiredCharsets(String)[6]" classname="org.apache.commons.io.input.CharSequenceInputStreamTest" time="0.006"/>
  <testcase name="testIO_356_B10_D10_S1_UTF8" classname="org.apache.commons.io.input.CharSequenceInputStreamTest" time="0.028"/>
  <testcase name="testIO_356_B10_D10_S2_UTF8" classname="org.apache.commons.io.input.CharSequenceInputStreamTest" time="0.002"/>
  <testcase name="testLargeBufferedRead_UTF8" classname="org.apache.commons.io.input.CharSequenceInputStreamTest" time="0.006"/>
  <testcase name="testIO_356_B10_D10_S0_UTF16" classname="org.apache.commons.io.input.CharSequenceInputStreamTest" time="0.001"/>
  <testcase name="testCharacterCodingException" classname="org.apache.commons.io.input.CharSequenceInputStreamTest" time="0.057"/>
  <testcase name="testLargeSingleByteRead_UTF8" classname="org.apache.commons.io.input.CharSequenceInputStreamTest" time="0.004"/>
  <testcase name="testIO_356_Loop_UTF8" classname="org.apache.commons.io.input.CharSequenceInputStreamTest" time="0.004"/>
  <testcase name="testNullCharsetName" classname="org.apache.commons.io.input.CharSequenceInputStreamTest" time="0.044"/>
  <testcase name="testMarkSupported" classname="org.apache.commons.io.input.CharSequenceInputStreamTest" time="0.001"/>
  <testcase name="testResetCharsetName" classname="org.apache.commons.io.input.CharSequenceInputStreamTest" time="0.003"/>
  <testcase name="testAvailableAfterClose" classname="org.apache.commons.io.input.CharSequenceInputStreamTest" time="0.002"/>
  <testcase name="testReadZero_RequiredCharsets(String)[1]" classname="org.apache.commons.io.input.CharSequenceInputStreamTest" time="0.002"/>
  <testcase name="testReadZero_RequiredCharsets(String)[2]" classname="org.apache.commons.io.input.CharSequenceInputStreamTest" time="0.001"/>
  <testcase name="testReadZero_RequiredCharsets(String)[3]" classname="org.apache.commons.io.input.CharSequenceInputStreamTest" time="0.002"/>
  <testcase name="testReadZero_RequiredCharsets(String)[4]" classname="org.apache.commons.io.input.CharSequenceInputStreamTest" time="0.001"/>
  <testcase name="testReadZero_RequiredCharsets(String)[5]" classname="org.apache.commons.io.input.CharSequenceInputStreamTest" time="0.001"/>
  <testcase name="testReadZero_RequiredCharsets(String)[6]" classname="org.apache.commons.io.input.CharSequenceInputStreamTest" time="0.002"/>
  <testcase name="testLargeBufferedRead_RequiredCharsets(String)[1]" classname="org.apache.commons.io.input.CharSequenceInputStreamTest" time="0.006"/>
  <testcase name="testLargeBufferedRead_RequiredCharsets(String)[2]" classname="org.apache.commons.io.input.CharSequenceInputStreamTest" time="0.006"/>
  <testcase name="testLargeBufferedRead_RequiredCharsets(String)[3]" classname="org.apache.commons.io.input.CharSequenceInputStreamTest" time="0.014"/>
  <testcase name="testLargeBufferedRead_RequiredCharsets(String)[4]" classname="org.apache.commons.io.input.CharSequenceInputStreamTest" time="0.015"/>
  <testcase name="testLargeBufferedRead_RequiredCharsets(String)[5]" classname="org.apache.commons.io.input.CharSequenceInputStreamTest" time="0.013"/>
  <testcase name="testLargeBufferedRead_RequiredCharsets(String)[6]" classname="org.apache.commons.io.input.CharSequenceInputStreamTest" time="0.006"/>
  <testcase name="testMarkReset_UTF8" classname="org.apache.commons.io.input.CharSequenceInputStreamTest" time="0.001"/>
  <testcase name="testAvailable(String)[1]" classname="org.apache.commons.io.input.CharSequenceInputStreamTest" time="0.003"/>
  <testcase name="testAvailable(String)[2]" classname="org.apache.commons.io.input.CharSequenceInputStreamTest" time="0.007"/>
  <testcase name="testAvailable(String)[3]" classname="org.apache.commons.io.input.CharSequenceInputStreamTest" time="0.002"/>
  <testcase name="testAvailable(String)[4]" classname="org.apache.commons.io.input.CharSequenceInputStreamTest" time="0.004"/>
  <testcase name="testAvailable(String)[5]" classname="org.apache.commons.io.input.CharSequenceInputStreamTest" time="0.007"/>
  <testcase name="testAvailable(String)[6]" classname="org.apache.commons.io.input.CharSequenceInputStreamTest" time="0.005"/>
  <testcase name="testAvailable(String)[7]" classname="org.apache.commons.io.input.CharSequenceInputStreamTest" time="0.006"/>
  <testcase name="testAvailable(String)[8]" classname="org.apache.commons.io.input.CharSequenceInputStreamTest" time="0.002"/>
  <testcase name="testAvailable(String)[9]" classname="org.apache.commons.io.input.CharSequenceInputStreamTest" time="0.001"/>
  <testcase name="testAvailable(String)[10]" classname="org.apache.commons.io.input.CharSequenceInputStreamTest" time="0.001"/>
  <testcase name="testAvailable(String)[11]" classname="org.apache.commons.io.input.CharSequenceInputStreamTest" time="0.005"/>
  <testcase name="testAvailable(String)[12]" classname="org.apache.commons.io.input.CharSequenceInputStreamTest" time="0.001"/>
  <testcase name="testAvailable(String)[13]" classname="org.apache.commons.io.input.CharSequenceInputStreamTest" time="0.001"/>
  <testcase name="testAvailable(String)[14]" classname="org.apache.commons.io.input.CharSequenceInputStreamTest" time="0.001"/>
  <testcase name="testAvailable(String)[15]" classname="org.apache.commons.io.input.CharSequenceInputStreamTest" time="0.002"/>
  <testcase name="testAvailable(String)[16]" classname="org.apache.commons.io.input.CharSequenceInputStreamTest" time="0.003"/>
  <testcase name="testAvailable(String)[17]" classname="org.apache.commons.io.input.CharSequenceInputStreamTest" time="0.002"/>
  <testcase name="testAvailable(String)[18]" classname="org.apache.commons.io.input.CharSequenceInputStreamTest" time="0.002"/>
  <testcase name="testAvailable(String)[19]" classname="org.apache.commons.io.input.CharSequenceInputStreamTest" time="0.002"/>
  <testcase name="testAvailable(String)[20]" classname="org.apache.commons.io.input.CharSequenceInputStreamTest" time="0.002"/>
  <testcase name="testAvailable(String)[21]" classname="org.apache.commons.io.input.CharSequenceInputStreamTest" time="0.001"/>
  <testcase name="testAvailable(String)[22]" classname="org.apache.commons.io.input.CharSequenceInputStreamTest" time="0.002"/>
  <testcase name="testAvailable(String)[23]" classname="org.apache.commons.io.input.CharSequenceInputStreamTest" time="0.001"/>
  <testcase name="testAvailable(String)[24]" classname="org.apache.commons.io.input.CharSequenceInputStreamTest" time="0.001"/>
  <testcase name="testAvailable(String)[25]" classname="org.apache.commons.io.input.CharSequenceInputStreamTest" time="0.002"/>
  <testcase name="testAvailable(String)[26]" classname="org.apache.commons.io.input.CharSequenceInputStreamTest" time="0.002"/>
  <testcase name="testAvailable(String)[27]" classname="org.apache.commons.io.input.CharSequenceInputStreamTest" time="0.001"/>
  <testcase name="testAvailable(String)[28]" classname="org.apache.commons.io.input.CharSequenceInputStreamTest" time="0.001"/>
  <testcase name="testAvailable(String)[29]" classname="org.apache.commons.io.input.CharSequenceInputStreamTest" time="0.001"/>
  <testcase name="testAvailable(String)[30]" classname="org.apache.commons.io.input.CharSequenceInputStreamTest" time="0.003"/>
  <testcase name="testAvailable(String)[31]" classname="org.apache.commons.io.input.CharSequenceInputStreamTest" time="0.006"/>
  <testcase name="testAvailable(String)[32]" classname="org.apache.commons.io.input.CharSequenceInputStreamTest" time="0.002"/>
  <testcase name="testAvailable(String)[33]" classname="org.apache.commons.io.input.CharSequenceInputStreamTest" time="0.002"/>
  <testcase name="testAvailable(String)[34]" classname="org.apache.commons.io.input.CharSequenceInputStreamTest" time="0.002"/>
  <testcase name="testAvailable(String)[35]" classname="org.apache.commons.io.input.CharSequenceInputStreamTest" time="0.002"/>
  <testcase name="testAvailable(String)[36]" classname="org.apache.commons.io.input.CharSequenceInputStreamTest" time="0.002"/>
  <testcase name="testAvailable(String)[37]" classname="org.apache.commons.io.input.CharSequenceInputStreamTest" time="0.001"/>
  <testcase name="testAvailable(String)[38]" classname="org.apache.commons.io.input.CharSequenceInputStreamTest" time="0.002"/>
  <testcase name="testAvailable(String)[39]" classname="org.apache.commons.io.input.CharSequenceInputStreamTest" time="0.002"/>
  <testcase name="testAvailable(String)[40]" classname="org.apache.commons.io.input.CharSequenceInputStreamTest" time="0.002"/>
  <testcase name="testAvailable(String)[41]" classname="org.apache.commons.io.input.CharSequenceInputStreamTest" time="0.005"/>
  <testcase name="testAvailable(String)[42]" classname="org.apache.commons.io.input.CharSequenceInputStreamTest" time="0.001"/>
  <testcase name="testAvailable(String)[43]" classname="org.apache.commons.io.input.CharSequenceInputStreamTest" time="0.001"/>
  <testcase name="testAvailable(String)[44]" classname="org.apache.commons.io.input.CharSequenceInputStreamTest" time="0.001"/>
  <testcase name="testAvailable(String)[45]" classname="org.apache.commons.io.input.CharSequenceInputStreamTest" time="0.002"/>
  <testcase name="testAvailable(String)[46]" classname="org.apache.commons.io.input.CharSequenceInputStreamTest" time="0.001"/>
  <testcase name="testAvailable(String)[47]" classname="org.apache.commons.io.input.CharSequenceInputStreamTest" time="0.002"/>
  <testcase name="testAvailable(String)[48]" classname="org.apache.commons.io.input.CharSequenceInputStreamTest" time="0.002"/>
  <testcase name="testAvailable(String)[49]" classname="org.apache.commons.io.input.CharSequenceInputStreamTest" time="0.002"/>
  <testcase name="testAvailable(String)[50]" classname="org.apache.commons.io.input.CharSequenceInputStreamTest" time="0.002"/>
  <testcase name="testAvailable(String)[51]" classname="org.apache.commons.io.input.CharSequenceInputStreamTest" time="0.001"/>
  <testcase name="testAvailable(String)[52]" classname="org.apache.commons.io.input.CharSequenceInputStreamTest" time="0.001"/>
  <testcase name="testAvailable(String)[53]" classname="org.apache.commons.io.input.CharSequenceInputStreamTest" time="0.001"/>
  <testcase name="testAvailable(String)[54]" classname="org.apache.commons.io.input.CharSequenceInputStreamTest" time="0.002"/>
  <testcase name="testAvailable(String)[55]" classname="org.apache.commons.io.input.CharSequenceInputStreamTest" time="0.003"/>
  <testcase name="testAvailable(String)[56]" classname="org.apache.commons.io.input.CharSequenceInputStreamTest" time="0.004"/>
  <testcase name="testAvailable(String)[57]" classname="org.apache.commons.io.input.CharSequenceInputStreamTest" time="0.001"/>
  <testcase name="testAvailable(String)[58]" classname="org.apache.commons.io.input.CharSequenceInputStreamTest" time="0.001"/>
  <testcase name="testAvailable(String)[59]" classname="org.apache.commons.io.input.CharSequenceInputStreamTest" time="0.002"/>
  <testcase name="testAvailable(String)[60]" classname="org.apache.commons.io.input.CharSequenceInputStreamTest" time="0.001"/>
  <testcase name="testAvailable(String)[61]" classname="org.apache.commons.io.input.CharSequenceInputStreamTest" time="0.001"/>
  <testcase name="testAvailable(String)[62]" classname="org.apache.commons.io.input.CharSequenceInputStreamTest" time="0.001"/>
  <testcase name="testAvailable(String)[63]" classname="org.apache.commons.io.input.CharSequenceInputStreamTest" time="0.001"/>
  <testcase name="testAvailable(String)[64]" classname="org.apache.commons.io.input.CharSequenceInputStreamTest" time="0.002"/>
  <testcase name="testAvailable(String)[65]" classname="org.apache.commons.io.input.CharSequenceInputStreamTest" time="0.002"/>
  <testcase name="testAvailable(String)[66]" classname="org.apache.commons.io.input.CharSequenceInputStreamTest" time="0.002"/>
  <testcase name="testAvailable(String)[67]" classname="org.apache.commons.io.input.CharSequenceInputStreamTest" time="0.001"/>
  <testcase name="testAvailable(String)[68]" classname="org.apache.commons.io.input.CharSequenceInputStreamTest" time="0.002"/>
  <testcase name="testAvailable(String)[69]" classname="org.apache.commons.io.input.CharSequenceInputStreamTest" time="0.001"/>
  <testcase name="testAvailable(String)[70]" classname="org.apache.commons.io.input.CharSequenceInputStreamTest" time="0.001"/>
  <testcase name="testAvailable(String)[71]" classname="org.apache.commons.io.input.CharSequenceInputStreamTest" time="0.002"/>
  <testcase name="testAvailable(String)[72]" classname="org.apache.commons.io.input.CharSequenceInputStreamTest" time="0.001"/>
  <testcase name="testAvailable(String)[73]" classname="org.apache.commons.io.input.CharSequenceInputStreamTest" time="0.001"/>
  <testcase name="testAvailable(String)[74]" classname="org.apache.commons.io.input.CharSequenceInputStreamTest" time="0.002"/>
  <testcase name="testAvailable(String)[75]" classname="org.apache.commons.io.input.CharSequenceInputStreamTest" time="0.001"/>
  <testcase name="testAvailable(String)[76]" classname="org.apache.commons.io.input.CharSequenceInputStreamTest" time="0.002"/>
  <testcase name="testAvailable(String)[77]" classname="org.apache.commons.io.input.CharSequenceInputStreamTest" time="0.001"/>
  <testcase name="testAvailable(String)[78]" classname="org.apache.commons.io.input.CharSequenceInputStreamTest" time="0.002"/>
  <testcase name="testAvailable(String)[79]" classname="org.apache.commons.io.input.CharSequenceInputStreamTest" time="0.001"/>
  <testcase name="testAvailable(String)[80]" classname="org.apache.commons.io.input.CharSequenceInputStreamTest" time="0.001"/>
  <testcase name="testAvailable(String)[81]" classname="org.apache.commons.io.input.CharSequenceInputStreamTest" time="0.001"/>
  <testcase name="testAvailable(String)[82]" classname="org.apache.commons.io.input.CharSequenceInputStreamTest" time="0.001"/>
  <testcase name="testAvailable(String)[83]" classname="org.apache.commons.io.input.CharSequenceInputStreamTest" time="0.001"/>
  <testcase name="testAvailable(String)[84]" classname="org.apache.commons.io.input.CharSequenceInputStreamTest" time="0.001"/>
  <testcase name="testAvailable(String)[85]" classname="org.apache.commons.io.input.CharSequenceInputStreamTest" time="0.001"/>
  <testcase name="testAvailable(String)[86]" classname="org.apache.commons.io.input.CharSequenceInputStreamTest" time="0.001"/>
  <testcase name="testAvailable(String)[87]" classname="org.apache.commons.io.input.CharSequenceInputStreamTest" time="0.002"/>
  <testcase name="testAvailable(String)[88]" classname="org.apache.commons.io.input.CharSequenceInputStreamTest" time="0.001"/>
  <testcase name="testAvailable(String)[89]" classname="org.apache.commons.io.input.CharSequenceInputStreamTest" time="0.001"/>
  <testcase name="testAvailable(String)[90]" classname="org.apache.commons.io.input.CharSequenceInputStreamTest" time="0.001"/>
  <testcase name="testAvailable(String)[91]" classname="org.apache.commons.io.input.CharSequenceInputStreamTest" time="0.002"/>
  <testcase name="testAvailable(String)[92]" classname="org.apache.commons.io.input.CharSequenceInputStreamTest" time="0.007"/>
  <testcase name="testAvailable(String)[93]" classname="org.apache.commons.io.input.CharSequenceInputStreamTest" time="0.002"/>
  <testcase name="testAvailable(String)[94]" classname="org.apache.commons.io.input.CharSequenceInputStreamTest" time="0.002"/>
  <testcase name="testAvailable(String)[95]" classname="org.apache.commons.io.input.CharSequenceInputStreamTest" time="0.061"/>
  <testcase name="testAvailable(String)[96]" classname="org.apache.commons.io.input.CharSequenceInputStreamTest" time="0.003"/>
  <testcase name="testAvailable(String)[97]" classname="org.apache.commons.io.input.CharSequenceInputStreamTest" time="0.002"/>
  <testcase name="testAvailable(String)[98]" classname="org.apache.commons.io.input.CharSequenceInputStreamTest" time="0.003"/>
  <testcase name="testAvailable(String)[99]" classname="org.apache.commons.io.input.CharSequenceInputStreamTest" time="0.002"/>
  <testcase name="testAvailable(String)[100]" classname="org.apache.commons.io.input.CharSequenceInputStreamTest" time="0.001"/>
  <testcase name="testAvailable(String)[101]" classname="org.apache.commons.io.input.CharSequenceInputStreamTest" time="0.002"/>
  <testcase name="testAvailable(String)[102]" classname="org.apache.commons.io.input.CharSequenceInputStreamTest" time="0.0"/>
  <testcase name="testAvailable(String)[103]" classname="org.apache.commons.io.input.CharSequenceInputStreamTest" time="0.002"/>
  <testcase name="testAvailable(String)[104]" classname="org.apache.commons.io.input.CharSequenceInputStreamTest" time="0.001"/>
  <testcase name="testAvailable(String)[105]" classname="org.apache.commons.io.input.CharSequenceInputStreamTest" time="0.001"/>
  <testcase name="testAvailable(String)[106]" classname="org.apache.commons.io.input.CharSequenceInputStreamTest" time="0.001"/>
  <testcase name="testAvailable(String)[107]" classname="org.apache.commons.io.input.CharSequenceInputStreamTest" time="0.002"/>
  <testcase name="testAvailable(String)[108]" classname="org.apache.commons.io.input.CharSequenceInputStreamTest" time="0.001"/>
  <testcase name="testAvailable(String)[109]" classname="org.apache.commons.io.input.CharSequenceInputStreamTest" time="0.002"/>
  <testcase name="testAvailable(String)[110]" classname="org.apache.commons.io.input.CharSequenceInputStreamTest" time="0.001"/>
  <testcase name="testAvailable(String)[111]" classname="org.apache.commons.io.input.CharSequenceInputStreamTest" time="0.004"/>
  <testcase name="testAvailable(String)[112]" classname="org.apache.commons.io.input.CharSequenceInputStreamTest" time="0.002"/>
  <testcase name="testAvailable(String)[113]" classname="org.apache.commons.io.input.CharSequenceInputStreamTest" time="0.001"/>
  <testcase name="testAvailable(String)[114]" classname="org.apache.commons.io.input.CharSequenceInputStreamTest" time="0.001"/>
  <testcase name="testAvailable(String)[115]" classname="org.apache.commons.io.input.CharSequenceInputStreamTest" time="0.002"/>
  <testcase name="testAvailable(String)[116]" classname="org.apache.commons.io.input.CharSequenceInputStreamTest" time="0.001"/>
  <testcase name="testAvailable(String)[117]" classname="org.apache.commons.io.input.CharSequenceInputStreamTest" time="0.001"/>
  <testcase name="testAvailable(String)[118]" classname="org.apache.commons.io.input.CharSequenceInputStreamTest" time="0.001"/>
  <testcase name="testAvailable(String)[119]" classname="org.apache.commons.io.input.CharSequenceInputStreamTest" time="0.001"/>
  <testcase name="testAvailable(String)[120]" classname="org.apache.commons.io.input.CharSequenceInputStreamTest" time="0.001"/>
  <testcase name="testAvailable(String)[121]" classname="org.apache.commons.io.input.CharSequenceInputStreamTest" time="0.001"/>
  <testcase name="testAvailable(String)[122]" classname="org.apache.commons.io.input.CharSequenceInputStreamTest" time="0.001"/>
  <testcase name="testAvailable(String)[123]" classname="org.apache.commons.io.input.CharSequenceInputStreamTest" time="0.002"/>
  <testcase name="testAvailable(String)[124]" classname="org.apache.commons.io.input.CharSequenceInputStreamTest" time="0.001"/>
  <testcase name="testAvailable(String)[125]" classname="org.apache.commons.io.input.CharSequenceInputStreamTest" time="0.001"/>
  <testcase name="testAvailable(String)[126]" classname="org.apache.commons.io.input.CharSequenceInputStreamTest" time="0.001"/>
  <testcase name="testAvailable(String)[127]" classname="org.apache.commons.io.input.CharSequenceInputStreamTest" time="0.002"/>
  <testcase name="testAvailable(String)[128]" classname="org.apache.commons.io.input.CharSequenceInputStreamTest" time="0.001"/>
  <testcase name="testAvailable(String)[129]" classname="org.apache.commons.io.input.CharSequenceInputStreamTest" time="0.001"/>
  <testcase name="testAvailable(String)[130]" classname="org.apache.commons.io.input.CharSequenceInputStreamTest" time="0.001"/>
  <testcase name="testAvailable(String)[131]" classname="org.apache.commons.io.input.CharSequenceInputStreamTest" time="0.001"/>
  <testcase name="testAvailable(String)[132]" classname="org.apache.commons.io.input.CharSequenceInputStreamTest" time="0.002"/>
  <testcase name="testAvailable(String)[133]" classname="org.apache.commons.io.input.CharSequenceInputStreamTest" time="0.004"/>
  <testcase name="testAvailable(String)[134]" classname="org.apache.commons.io.input.CharSequenceInputStreamTest" time="0.002"/>
  <testcase name="testAvailable(String)[135]" classname="org.apache.commons.io.input.CharSequenceInputStreamTest" time="0.002"/>
  <testcase name="testAvailable(String)[136]" classname="org.apache.commons.io.input.CharSequenceInputStreamTest" time="0.001"/>
  <testcase name="testAvailable(String)[137]" classname="org.apache.commons.io.input.CharSequenceInputStreamTest" time="0.001"/>
  <testcase name="testAvailable(String)[138]" classname="org.apache.commons.io.input.CharSequenceInputStreamTest" time="0.0"/>
  <testcase name="testAvailable(String)[139]" classname="org.apache.commons.io.input.CharSequenceInputStreamTest" time="0.001"/>
  <testcase name="testAvailable(String)[140]" classname="org.apache.commons.io.input.CharSequenceInputStreamTest" time="0.001"/>
  <testcase name="testAvailable(String)[141]" classname="org.apache.commons.io.input.CharSequenceInputStreamTest" time="0.001"/>
  <testcase name="testAvailable(String)[142]" classname="org.apache.commons.io.input.CharSequenceInputStreamTest" time="0.001"/>
  <testcase name="testAvailable(String)[143]" classname="org.apache.commons.io.input.CharSequenceInputStreamTest" time="0.001"/>
  <testcase name="testAvailable(String)[144]" classname="org.apache.commons.io.input.CharSequenceInputStreamTest" time="0.001"/>
  <testcase name="testAvailable(String)[145]" classname="org.apache.commons.io.input.CharSequenceInputStreamTest" time="0.001"/>
  <testcase name="testAvailable(String)[146]" classname="org.apache.commons.io.input.CharSequenceInputStreamTest" time="0.001"/>
  <testcase name="testAvailable(String)[147]" classname="org.apache.commons.io.input.CharSequenceInputStreamTest" time="0.001"/>
  <testcase name="testAvailable(String)[148]" classname="org.apache.commons.io.input.CharSequenceInputStreamTest" time="0.001"/>
  <testcase name="testAvailable(String)[149]" classname="org.apache.commons.io.input.CharSequenceInputStreamTest" time="0.0"/>
  <testcase name="testAvailable(String)[150]" classname="org.apache.commons.io.input.CharSequenceInputStreamTest" time="0.002"/>
  <testcase name="testAvailable(String)[151]" classname="org.apache.commons.io.input.CharSequenceInputStreamTest" time="0.001"/>
  <testcase name="testAvailable(String)[152]" classname="org.apache.commons.io.input.CharSequenceInputStreamTest" time="0.0"/>
  <testcase name="testAvailable(String)[153]" classname="org.apache.commons.io.input.CharSequenceInputStreamTest" time="0.001"/>
  <testcase name="testAvailable(String)[154]" classname="org.apache.commons.io.input.CharSequenceInputStreamTest" time="0.001"/>
  <testcase name="testAvailable(String)[155]" classname="org.apache.commons.io.input.CharSequenceInputStreamTest" time="0.001"/>
  <testcase name="testAvailable(String)[156]" classname="org.apache.commons.io.input.CharSequenceInputStreamTest" time="0.003"/>
  <testcase name="testAvailable(String)[157]" classname="org.apache.commons.io.input.CharSequenceInputStreamTest" time="0.007"/>
  <testcase name="testAvailable(String)[158]" classname="org.apache.commons.io.input.CharSequenceInputStreamTest" time="0.002"/>
  <testcase name="testAvailable(String)[159]" classname="org.apache.commons.io.input.CharSequenceInputStreamTest" time="0.002"/>
  <testcase name="testAvailable(String)[160]" classname="org.apache.commons.io.input.CharSequenceInputStreamTest" time="0.002"/>
  <testcase name="testAvailable(String)[161]" classname="org.apache.commons.io.input.CharSequenceInputStreamTest" time="0.001"/>
  <testcase name="testAvailable(String)[162]" classname="org.apache.commons.io.input.CharSequenceInputStreamTest" time="0.002"/>
  <testcase name="testAvailable(String)[163]" classname="org.apache.commons.io.input.CharSequenceInputStreamTest" time="0.001"/>
  <testcase name="testAvailable(String)[164]" classname="org.apache.commons.io.input.CharSequenceInputStreamTest" time="0.001"/>
  <testcase name="testAvailable(String)[165]" classname="org.apache.commons.io.input.CharSequenceInputStreamTest" time="0.001"/>
  <testcase name="testAvailable(String)[166]" classname="org.apache.commons.io.input.CharSequenceInputStreamTest" time="0.001"/>
  <testcase name="testAvailable(String)[167]" classname="org.apache.commons.io.input.CharSequenceInputStreamTest" time="0.001"/>
  <testcase name="testAvailable(String)[168]" classname="org.apache.commons.io.input.CharSequenceInputStreamTest" time="0.001"/>
  <testcase name="testAvailable(String)[169]" classname="org.apache.commons.io.input.CharSequenceInputStreamTest" time="0.001"/>
  <testcase name="testAvailable(String)[170]" classname="org.apache.commons.io.input.CharSequenceInputStreamTest" time="0.003"/>
  <testcase name="testSingleByteRead_RequiredCharsets(String)[1]" classname="org.apache.commons.io.input.CharSequenceInputStreamTest" time="0.001"/>
  <testcase name="testSingleByteRead_RequiredCharsets(String)[2]" classname="org.apache.commons.io.input.CharSequenceInputStreamTest" time="0.001"/>
  <testcase name="testSingleByteRead_RequiredCharsets(String)[3]" classname="org.apache.commons.io.input.CharSequenceInputStreamTest" time="0.002"/>
  <testcase name="testSingleByteRead_RequiredCharsets(String)[4]" classname="org.apache.commons.io.input.CharSequenceInputStreamTest" time="0.001"/>
  <testcase name="testSingleByteRead_RequiredCharsets(String)[5]" classname="org.apache.commons.io.input.CharSequenceInputStreamTest" time="0.001"/>
  <testcase name="testSingleByteRead_RequiredCharsets(String)[6]" classname="org.apache.commons.io.input.CharSequenceInputStreamTest" time="0.002"/>
  <testcase name="testAvailableAfterOpen" classname="org.apache.commons.io.input.CharSequenceInputStreamTest" time="0.001"/>
  <testcase name="testCharsetMismatchInfiniteLoop_RequiredCharsets(String)[1]" classname="org.apache.commons.io.input.CharSequenceInputStreamTest" time="0.003"/>
  <testcase name="testCharsetMismatchInfiniteLoop_RequiredCharsets(String)[2]" classname="org.apache.commons.io.input.CharSequenceInputStreamTest" time="0.001"/>
  <testcase name="testCharsetMismatchInfiniteLoop_RequiredCharsets(String)[3]" classname="org.apache.commons.io.input.CharSequenceInputStreamTest" time="0.001"/>
  <testcase name="testCharsetMismatchInfiniteLoop_RequiredCharsets(String)[4]" classname="org.apache.commons.io.input.CharSequenceInputStreamTest" time="0.001"/>
  <testcase name="testCharsetMismatchInfiniteLoop_RequiredCharsets(String)[5]" classname="org.apache.commons.io.input.CharSequenceInputStreamTest" time="0.002"/>
  <testcase name="testCharsetMismatchInfiniteLoop_RequiredCharsets(String)[6]" classname="org.apache.commons.io.input.CharSequenceInputStreamTest" time="0.001"/>
  <testcase name="testBufferedRead_UTF8" classname="org.apache.commons.io.input.CharSequenceInputStreamTest" time="0.002"/>
  <testcase name="testResetBeforeEndSetCharSequence" classname="org.apache.commons.io.input.CharSequenceInputStreamTest" time="0.0"/>
  <testcase name="testReadZero_EmptyString" classname="org.apache.commons.io.input.CharSequenceInputStreamTest" time="0.001"/>
  <testcase name="testSingleByteRead_UTF16" classname="org.apache.commons.io.input.CharSequenceInputStreamTest" time="0.001"/>
  <testcase name="testSingleByteRead_UTF8" classname="org.apache.commons.io.input.CharSequenceInputStreamTest" time="0.001"/>
  <testcase name="testResetCharsetEncoder" classname="org.apache.commons.io.input.CharSequenceInputStreamTest" time="0.0"/>
  <testcase name="testMarkReset_USASCII" classname="org.apache.commons.io.input.CharSequenceInputStreamTest" time="0.001"/>
  <testcase name="testIO_356_B10_D13_S0_UTF8" classname="org.apache.commons.io.input.CharSequenceInputStreamTest" time="0.001"/>
  <testcase name="testResetCharset" classname="org.apache.commons.io.input.CharSequenceInputStreamTest" time="0.001"/>
  <testcase name="testIO_356_B10_D13_S1_UTF8" classname="org.apache.commons.io.input.CharSequenceInputStreamTest" time="0.001"/>
  <testcase name="testReadAfterClose" classname="org.apache.commons.io.input.CharSequenceInputStreamTest" time="0.0"/>
  <testcase name="testSkip_RequiredCharsets(String)[1]" classname="org.apache.commons.io.input.CharSequenceInputStreamTest" time="0.001"/>
  <testcase name="testSkip_RequiredCharsets(String)[2]" classname="org.apache.commons.io.input.CharSequenceInputStreamTest" time="0.001"/>
  <testcase name="testSkip_RequiredCharsets(String)[3]" classname="org.apache.commons.io.input.CharSequenceInputStreamTest" time="0.001"/>
  <testcase name="testSkip_RequiredCharsets(String)[4]" classname="org.apache.commons.io.input.CharSequenceInputStreamTest" time="0.001"/>
  <testcase name="testSkip_RequiredCharsets(String)[5]" classname="org.apache.commons.io.input.CharSequenceInputStreamTest" time="0.0"/>
  <testcase name="testSkip_RequiredCharsets(String)[6]" classname="org.apache.commons.io.input.CharSequenceInputStreamTest" time="0.001"/>
  <testcase name="testBufferedRead_RequiredCharset(String)[1]" classname="org.apache.commons.io.input.CharSequenceInputStreamTest" time="0.001"/>
  <testcase name="testBufferedRead_RequiredCharset(String)[2]" classname="org.apache.commons.io.input.CharSequenceInputStreamTest" time="0.0"/>
  <testcase name="testBufferedRead_RequiredCharset(String)[3]" classname="org.apache.commons.io.input.CharSequenceInputStreamTest" time="0.001"/>
  <testcase name="testBufferedRead_RequiredCharset(String)[4]" classname="org.apache.commons.io.input.CharSequenceInputStreamTest" time="0.0"/>
  <testcase name="testBufferedRead_RequiredCharset(String)[5]" classname="org.apache.commons.io.input.CharSequenceInputStreamTest" time="0.001"/>
  <testcase name="testBufferedRead_RequiredCharset(String)[6]" classname="org.apache.commons.io.input.CharSequenceInputStreamTest" time="0.001"/>
  <testcase name="testBufferedRead_AvailableCharset(String)[1]" classname="org.apache.commons.io.input.CharSequenceInputStreamTest" time="0.001"/>
  <testcase name="testBufferedRead_AvailableCharset(String)[2]" classname="org.apache.commons.io.input.CharSequenceInputStreamTest" time="0.001"/>
  <testcase name="testBufferedRead_AvailableCharset(String)[3]" classname="org.apache.commons.io.input.CharSequenceInputStreamTest" time="0.001"/>
  <testcase name="testBufferedRead_AvailableCharset(String)[4]" classname="org.apache.commons.io.input.CharSequenceInputStreamTest" time="0.002"/>
  <testcase name="testBufferedRead_AvailableCharset(String)[5]" classname="org.apache.commons.io.input.CharSequenceInputStreamTest" time="0.001"/>
  <testcase name="testBufferedRead_AvailableCharset(String)[6]" classname="org.apache.commons.io.input.CharSequenceInputStreamTest" time="0.001"/>
  <testcase name="testBufferedRead_AvailableCharset(String)[7]" classname="org.apache.commons.io.input.CharSequenceInputStreamTest" time="0.001"/>
  <testcase name="testBufferedRead_AvailableCharset(String)[8]" classname="org.apache.commons.io.input.CharSequenceInputStreamTest" time="0.001"/>
  <testcase name="testBufferedRead_AvailableCharset(String)[9]" classname="org.apache.commons.io.input.CharSequenceInputStreamTest" time="0.002"/>
  <testcase name="testBufferedRead_AvailableCharset(String)[10]" classname="org.apache.commons.io.input.CharSequenceInputStreamTest" time="0.001"/>
  <testcase name="testBufferedRead_AvailableCharset(String)[11]" classname="org.apache.commons.io.input.CharSequenceInputStreamTest" time="0.001"/>
  <testcase name="testBufferedRead_AvailableCharset(String)[12]" classname="org.apache.commons.io.input.CharSequenceInputStreamTest" time="0.001"/>
  <testcase name="testBufferedRead_AvailableCharset(String)[13]" classname="org.apache.commons.io.input.CharSequenceInputStreamTest" time="0.001"/>
  <testcase name="testBufferedRead_AvailableCharset(String)[14]" classname="org.apache.commons.io.input.CharSequenceInputStreamTest" time="0.001"/>
  <testcase name="testBufferedRead_AvailableCharset(String)[15]" classname="org.apache.commons.io.input.CharSequenceInputStreamTest" time="0.001"/>
  <testcase name="testBufferedRead_AvailableCharset(String)[16]" classname="org.apache.commons.io.input.CharSequenceInputStreamTest" time="0.002"/>
  <testcase name="testBufferedRead_AvailableCharset(String)[17]" classname="org.apache.commons.io.input.CharSequenceInputStreamTest" time="0.001"/>
  <testcase name="testBufferedRead_AvailableCharset(String)[18]" classname="org.apache.commons.io.input.CharSequenceInputStreamTest" time="0.001"/>
  <testcase name="testBufferedRead_AvailableCharset(String)[19]" classname="org.apache.commons.io.input.CharSequenceInputStreamTest" time="0.002"/>
  <testcase name="testBufferedRead_AvailableCharset(String)[20]" classname="org.apache.commons.io.input.CharSequenceInputStreamTest" time="0.001"/>
  <testcase name="testBufferedRead_AvailableCharset(String)[21]" classname="org.apache.commons.io.input.CharSequenceInputStreamTest" time="0.002"/>
  <testcase name="testBufferedRead_AvailableCharset(String)[22]" classname="org.apache.commons.io.input.CharSequenceInputStreamTest" time="0.001"/>
  <testcase name="testBufferedRead_AvailableCharset(String)[23]" classname="org.apache.commons.io.input.CharSequenceInputStreamTest" time="0.001"/>
  <testcase name="testBufferedRead_AvailableCharset(String)[24]" classname="org.apache.commons.io.input.CharSequenceInputStreamTest" time="0.001"/>
  <testcase name="testBufferedRead_AvailableCharset(String)[25]" classname="org.apache.commons.io.input.CharSequenceInputStreamTest" time="0.001"/>
  <testcase name="testBufferedRead_AvailableCharset(String)[26]" classname="org.apache.commons.io.input.CharSequenceInputStreamTest" time="0.002"/>
  <testcase name="testBufferedRead_AvailableCharset(String)[27]" classname="org.apache.commons.io.input.CharSequenceInputStreamTest" time="0.0"/>
  <testcase name="testBufferedRead_AvailableCharset(String)[28]" classname="org.apache.commons.io.input.CharSequenceInputStreamTest" time="0.0"/>
  <testcase name="testBufferedRead_AvailableCharset(String)[29]" classname="org.apache.commons.io.input.CharSequenceInputStreamTest" time="0.0"/>
  <testcase name="testBufferedRead_AvailableCharset(String)[30]" classname="org.apache.commons.io.input.CharSequenceInputStreamTest" time="0.0"/>
  <testcase name="testBufferedRead_AvailableCharset(String)[31]" classname="org.apache.commons.io.input.CharSequenceInputStreamTest" time="0.003"/>
  <testcase name="testBufferedRead_AvailableCharset(String)[32]" classname="org.apache.commons.io.input.CharSequenceInputStreamTest" time="0.001"/>
  <testcase name="testBufferedRead_AvailableCharset(String)[33]" classname="org.apache.commons.io.input.CharSequenceInputStreamTest" time="0.001"/>
  <testcase name="testBufferedRead_AvailableCharset(String)[34]" classname="org.apache.commons.io.input.CharSequenceInputStreamTest" time="0.001"/>
  <testcase name="testBufferedRead_AvailableCharset(String)[35]" classname="org.apache.commons.io.input.CharSequenceInputStreamTest" time="0.002"/>
  <testcase name="testBufferedRead_AvailableCharset(String)[36]" classname="org.apache.commons.io.input.CharSequenceInputStreamTest" time="0.001"/>
  <testcase name="testBufferedRead_AvailableCharset(String)[37]" classname="org.apache.commons.io.input.CharSequenceInputStreamTest" time="0.001"/>
  <testcase name="testBufferedRead_AvailableCharset(String)[38]" classname="org.apache.commons.io.input.CharSequenceInputStreamTest" time="0.001"/>
  <testcase name="testBufferedRead_AvailableCharset(String)[39]" classname="org.apache.commons.io.input.CharSequenceInputStreamTest" time="0.001"/>
  <testcase name="testBufferedRead_AvailableCharset(String)[40]" classname="org.apache.commons.io.input.CharSequenceInputStreamTest" time="0.001"/>
  <testcase name="testBufferedRead_AvailableCharset(String)[41]" classname="org.apache.commons.io.input.CharSequenceInputStreamTest" time="0.001"/>
  <testcase name="testBufferedRead_AvailableCharset(String)[42]" classname="org.apache.commons.io.input.CharSequenceInputStreamTest" time="0.001"/>
  <testcase name="testBufferedRead_AvailableCharset(String)[43]" classname="org.apache.commons.io.input.CharSequenceInputStreamTest" time="0.001"/>
  <testcase name="testBufferedRead_AvailableCharset(String)[44]" classname="org.apache.commons.io.input.CharSequenceInputStreamTest" time="0.002"/>
  <testcase name="testBufferedRead_AvailableCharset(String)[45]" classname="org.apache.commons.io.input.CharSequenceInputStreamTest" time="0.001"/>
  <testcase name="testBufferedRead_AvailableCharset(String)[46]" classname="org.apache.commons.io.input.CharSequenceInputStreamTest" time="0.001"/>
  <testcase name="testBufferedRead_AvailableCharset(String)[47]" classname="org.apache.commons.io.input.CharSequenceInputStreamTest" time="0.001"/>
  <testcase name="testBufferedRead_AvailableCharset(String)[48]" classname="org.apache.commons.io.input.CharSequenceInputStreamTest" time="0.0"/>
  <testcase name="testBufferedRead_AvailableCharset(String)[49]" classname="org.apache.commons.io.input.CharSequenceInputStreamTest" time="0.001"/>
  <testcase name="testBufferedRead_AvailableCharset(String)[50]" classname="org.apache.commons.io.input.CharSequenceInputStreamTest" time="0.001"/>
  <testcase name="testBufferedRead_AvailableCharset(String)[51]" classname="org.apache.commons.io.input.CharSequenceInputStreamTest" time="0.001"/>
  <testcase name="testBufferedRead_AvailableCharset(String)[52]" classname="org.apache.commons.io.input.CharSequenceInputStreamTest" time="0.0"/>
  <testcase name="testBufferedRead_AvailableCharset(String)[53]" classname="org.apache.commons.io.input.CharSequenceInputStreamTest" time="0.001"/>
  <testcase name="testBufferedRead_AvailableCharset(String)[54]" classname="org.apache.commons.io.input.CharSequenceInputStreamTest" time="0.0"/>
  <testcase name="testBufferedRead_AvailableCharset(String)[55]" classname="org.apache.commons.io.input.CharSequenceInputStreamTest" time="0.001"/>
  <testcase name="testBufferedRead_AvailableCharset(String)[56]" classname="org.apache.commons.io.input.CharSequenceInputStreamTest" time="0.001"/>
  <testcase name="testBufferedRead_AvailableCharset(String)[57]" classname="org.apache.commons.io.input.CharSequenceInputStreamTest" time="0.001"/>
  <testcase name="testBufferedRead_AvailableCharset(String)[58]" classname="org.apache.commons.io.input.CharSequenceInputStreamTest" time="0.001"/>
  <testcase name="testBufferedRead_AvailableCharset(String)[59]" classname="org.apache.commons.io.input.CharSequenceInputStreamTest" time="0.001"/>
  <testcase name="testBufferedRead_AvailableCharset(String)[60]" classname="org.apache.commons.io.input.CharSequenceInputStreamTest" time="0.0"/>
  <testcase name="testBufferedRead_AvailableCharset(String)[61]" classname="org.apache.commons.io.input.CharSequenceInputStreamTest" time="0.001"/>
  <testcase name="testBufferedRead_AvailableCharset(String)[62]" classname="org.apache.commons.io.input.CharSequenceInputStreamTest" time="0.001"/>
  <testcase name="testBufferedRead_AvailableCharset(String)[63]" classname="org.apache.commons.io.input.CharSequenceInputStreamTest" time="0.001"/>
  <testcase name="testBufferedRead_AvailableCharset(String)[64]" classname="org.apache.commons.io.input.CharSequenceInputStreamTest" time="0.001"/>
  <testcase name="testBufferedRead_AvailableCharset(String)[65]" classname="org.apache.commons.io.input.CharSequenceInputStreamTest" time="0.001"/>
  <testcase name="testBufferedRead_AvailableCharset(String)[66]" classname="org.apache.commons.io.input.CharSequenceInputStreamTest" time="0.001"/>
  <testcase name="testBufferedRead_AvailableCharset(String)[67]" classname="org.apache.commons.io.input.CharSequenceInputStreamTest" time="0.001"/>
  <testcase name="testBufferedRead_AvailableCharset(String)[68]" classname="org.apache.commons.io.input.CharSequenceInputStreamTest" time="0.001"/>
  <testcase name="testBufferedRead_AvailableCharset(String)[69]" classname="org.apache.commons.io.input.CharSequenceInputStreamTest" time="0.001"/>
  <testcase name="testBufferedRead_AvailableCharset(String)[70]" classname="org.apache.commons.io.input.CharSequenceInputStreamTest" time="0.001"/>
  <testcase name="testBufferedRead_AvailableCharset(String)[71]" classname="org.apache.commons.io.input.CharSequenceInputStreamTest" time="0.001"/>
  <testcase name="testBufferedRead_AvailableCharset(String)[72]" classname="org.apache.commons.io.input.CharSequenceInputStreamTest" time="0.001"/>
  <testcase name="testBufferedRead_AvailableCharset(String)[73]" classname="org.apache.commons.io.input.CharSequenceInputStreamTest" time="0.001"/>
  <testcase name="testBufferedRead_AvailableCharset(String)[74]" classname="org.apache.commons.io.input.CharSequenceInputStreamTest" time="0.001"/>
  <testcase name="testBufferedRead_AvailableCharset(String)[75]" classname="org.apache.commons.io.input.CharSequenceInputStreamTest" time="0.001"/>
  <testcase name="testBufferedRead_AvailableCharset(String)[76]" classname="org.apache.commons.io.input.CharSequenceInputStreamTest" time="0.001"/>
  <testcase name="testBufferedRead_AvailableCharset(String)[77]" classname="org.apache.commons.io.input.CharSequenceInputStreamTest" time="0.001"/>
  <testcase name="testBufferedRead_AvailableCharset(String)[78]" classname="org.apache.commons.io.input.CharSequenceInputStreamTest" time="0.001"/>
  <testcase name="testBufferedRead_AvailableCharset(String)[79]" classname="org.apache.commons.io.input.CharSequenceInputStreamTest" time="0.001"/>
  <testcase name="testBufferedRead_AvailableCharset(String)[80]" classname="org.apache.commons.io.input.CharSequenceInputStreamTest" time="0.001"/>
  <testcase name="testBufferedRead_AvailableCharset(String)[81]" classname="org.apache.commons.io.input.CharSequenceInputStreamTest" time="0.001"/>
  <testcase name="testBufferedRead_AvailableCharset(String)[82]" classname="org.apache.commons.io.input.CharSequenceInputStreamTest" time="0.001"/>
  <testcase name="testBufferedRead_AvailableCharset(String)[83]" classname="org.apache.commons.io.input.CharSequenceInputStreamTest" time="0.002"/>
  <testcase name="testBufferedRead_AvailableCharset(String)[84]" classname="org.apache.commons.io.input.CharSequenceInputStreamTest" time="0.001"/>
  <testcase name="testBufferedRead_AvailableCharset(String)[85]" classname="org.apache.commons.io.input.CharSequenceInputStreamTest" time="0.001"/>
  <testcase name="testBufferedRead_AvailableCharset(String)[86]" classname="org.apache.commons.io.input.CharSequenceInputStreamTest" time="0.002"/>
  <testcase name="testBufferedRead_AvailableCharset(String)[87]" classname="org.apache.commons.io.input.CharSequenceInputStreamTest" time="0.0"/>
  <testcase name="testBufferedRead_AvailableCharset(String)[88]" classname="org.apache.commons.io.input.CharSequenceInputStreamTest" time="0.001"/>
  <testcase name="testBufferedRead_AvailableCharset(String)[89]" classname="org.apache.commons.io.input.CharSequenceInputStreamTest" time="0.001"/>
  <testcase name="testBufferedRead_AvailableCharset(String)[90]" classname="org.apache.commons.io.input.CharSequenceInputStreamTest" time="0.001"/>
  <testcase name="testBufferedRead_AvailableCharset(String)[91]" classname="org.apache.commons.io.input.CharSequenceInputStreamTest" time="0.001"/>
  <testcase name="testBufferedRead_AvailableCharset(String)[92]" classname="org.apache.commons.io.input.CharSequenceInputStreamTest" time="0.001"/>
  <testcase name="testBufferedRead_AvailableCharset(String)[93]" classname="org.apache.commons.io.input.CharSequenceInputStreamTest" time="0.002"/>
  <testcase name="testBufferedRead_AvailableCharset(String)[94]" classname="org.apache.commons.io.input.CharSequenceInputStreamTest" time="0.001"/>
  <testcase name="testBufferedRead_AvailableCharset(String)[95]" classname="org.apache.commons.io.input.CharSequenceInputStreamTest" time="0.001"/>
  <testcase name="testBufferedRead_AvailableCharset(String)[96]" classname="org.apache.commons.io.input.CharSequenceInputStreamTest" time="0.001"/>
  <testcase name="testBufferedRead_AvailableCharset(String)[97]" classname="org.apache.commons.io.input.CharSequenceInputStreamTest" time="0.0"/>
  <testcase name="testBufferedRead_AvailableCharset(String)[98]" classname="org.apache.commons.io.input.CharSequenceInputStreamTest" time="0.001"/>
  <testcase name="testBufferedRead_AvailableCharset(String)[99]" classname="org.apache.commons.io.input.CharSequenceInputStreamTest" time="0.0"/>
  <testcase name="testBufferedRead_AvailableCharset(String)[100]" classname="org.apache.commons.io.input.CharSequenceInputStreamTest" time="0.001"/>
  <testcase name="testBufferedRead_AvailableCharset(String)[101]" classname="org.apache.commons.io.input.CharSequenceInputStreamTest" time="0.001"/>
  <testcase name="testBufferedRead_AvailableCharset(String)[102]" classname="org.apache.commons.io.input.CharSequenceInputStreamTest" time="0.001"/>
  <testcase name="testBufferedRead_AvailableCharset(String)[103]" classname="org.apache.commons.io.input.CharSequenceInputStreamTest" time="0.001"/>
  <testcase name="testBufferedRead_AvailableCharset(String)[104]" classname="org.apache.commons.io.input.CharSequenceInputStreamTest" time="0.0"/>
  <testcase name="testBufferedRead_AvailableCharset(String)[105]" classname="org.apache.commons.io.input.CharSequenceInputStreamTest" time="0.001"/>
  <testcase name="testBufferedRead_AvailableCharset(String)[106]" classname="org.apache.commons.io.input.CharSequenceInputStreamTest" time="0.001"/>
  <testcase name="testBufferedRead_AvailableCharset(String)[107]" classname="org.apache.commons.io.input.CharSequenceInputStreamTest" time="0.002"/>
  <testcase name="testBufferedRead_AvailableCharset(String)[108]" classname="org.apache.commons.io.input.CharSequenceInputStreamTest" time="0.001"/>
  <testcase name="testBufferedRead_AvailableCharset(String)[109]" classname="org.apache.commons.io.input.CharSequenceInputStreamTest" time="0.0"/>
  <testcase name="testBufferedRead_AvailableCharset(String)[110]" classname="org.apache.commons.io.input.CharSequenceInputStreamTest" time="0.001"/>
  <testcase name="testBufferedRead_AvailableCharset(String)[111]" classname="org.apache.commons.io.input.CharSequenceInputStreamTest" time="0.001"/>
  <testcase name="testBufferedRead_AvailableCharset(String)[112]" classname="org.apache.commons.io.input.CharSequenceInputStreamTest" time="0.001"/>
  <testcase name="testBufferedRead_AvailableCharset(String)[113]" classname="org.apache.commons.io.input.CharSequenceInputStreamTest" time="0.001"/>
  <testcase name="testBufferedRead_AvailableCharset(String)[114]" classname="org.apache.commons.io.input.CharSequenceInputStreamTest" time="0.001"/>
  <testcase name="testBufferedRead_AvailableCharset(String)[115]" classname="org.apache.commons.io.input.CharSequenceInputStreamTest" time="0.001"/>
  <testcase name="testBufferedRead_AvailableCharset(String)[116]" classname="org.apache.commons.io.input.CharSequenceInputStreamTest" time="0.001"/>
  <testcase name="testBufferedRead_AvailableCharset(String)[117]" classname="org.apache.commons.io.input.CharSequenceInputStreamTest" time="0.001"/>
  <testcase name="testBufferedRead_AvailableCharset(String)[118]" classname="org.apache.commons.io.input.CharSequenceInputStreamTest" time="0.001"/>
  <testcase name="testBufferedRead_AvailableCharset(String)[119]" classname="org.apache.commons.io.input.CharSequenceInputStreamTest" time="0.001"/>
  <testcase name="testBufferedRead_AvailableCharset(String)[120]" classname="org.apache.commons.io.input.CharSequenceInputStreamTest" time="0.001"/>
  <testcase name="testBufferedRead_AvailableCharset(String)[121]" classname="org.apache.commons.io.input.CharSequenceInputStreamTest" time="0.0"/>
  <testcase name="testBufferedRead_AvailableCharset(String)[122]" classname="org.apache.commons.io.input.CharSequenceInputStreamTest" time="0.001"/>
  <testcase name="testBufferedRead_AvailableCharset(String)[123]" classname="org.apache.commons.io.input.CharSequenceInputStreamTest" time="0.001"/>
  <testcase name="testBufferedRead_AvailableCharset(String)[124]" classname="org.apache.commons.io.input.CharSequenceInputStreamTest" time="0.001"/>
  <testcase name="testBufferedRead_AvailableCharset(String)[125]" classname="org.apache.commons.io.input.CharSequenceInputStreamTest" time="0.001"/>
  <testcase name="testBufferedRead_AvailableCharset(String)[126]" classname="org.apache.commons.io.input.CharSequenceInputStreamTest" time="0.001"/>
  <testcase name="testBufferedRead_AvailableCharset(String)[127]" classname="org.apache.commons.io.input.CharSequenceInputStreamTest" time="0.001"/>
  <testcase name="testBufferedRead_AvailableCharset(String)[128]" classname="org.apache.commons.io.input.CharSequenceInputStreamTest" time="0.001"/>
  <testcase name="testBufferedRead_AvailableCharset(String)[129]" classname="org.apache.commons.io.input.CharSequenceInputStreamTest" time="0.001"/>
  <testcase name="testBufferedRead_AvailableCharset(String)[130]" classname="org.apache.commons.io.input.CharSequenceInputStreamTest" time="0.0"/>
  <testcase name="testBufferedRead_AvailableCharset(String)[131]" classname="org.apache.commons.io.input.CharSequenceInputStreamTest" time="0.001"/>
  <testcase name="testBufferedRead_AvailableCharset(String)[132]" classname="org.apache.commons.io.input.CharSequenceInputStreamTest" time="0.001"/>
  <testcase name="testBufferedRead_AvailableCharset(String)[133]" classname="org.apache.commons.io.input.CharSequenceInputStreamTest" time="0.001"/>
  <testcase name="testBufferedRead_AvailableCharset(String)[134]" classname="org.apache.commons.io.input.CharSequenceInputStreamTest" time="0.001"/>
  <testcase name="testBufferedRead_AvailableCharset(String)[135]" classname="org.apache.commons.io.input.CharSequenceInputStreamTest" time="0.001"/>
  <testcase name="testBufferedRead_AvailableCharset(String)[136]" classname="org.apache.commons.io.input.CharSequenceInputStreamTest" time="0.001"/>
  <testcase name="testBufferedRead_AvailableCharset(String)[137]" classname="org.apache.commons.io.input.CharSequenceInputStreamTest" time="0.002"/>
  <testcase name="testBufferedRead_AvailableCharset(String)[138]" classname="org.apache.commons.io.input.CharSequenceInputStreamTest" time="0.001"/>
  <testcase name="testBufferedRead_AvailableCharset(String)[139]" classname="org.apache.commons.io.input.CharSequenceInputStreamTest" time="0.001"/>
  <testcase name="testBufferedRead_AvailableCharset(String)[140]" classname="org.apache.commons.io.input.CharSequenceInputStreamTest" time="0.0"/>
  <testcase name="testBufferedRead_AvailableCharset(String)[141]" classname="org.apache.commons.io.input.CharSequenceInputStreamTest" time="0.002"/>
  <testcase name="testBufferedRead_AvailableCharset(String)[142]" classname="org.apache.commons.io.input.CharSequenceInputStreamTest" time="0.0"/>
  <testcase name="testBufferedRead_AvailableCharset(String)[143]" classname="org.apache.commons.io.input.CharSequenceInputStreamTest" time="0.001"/>
  <testcase name="testBufferedRead_AvailableCharset(String)[144]" classname="org.apache.commons.io.input.CharSequenceInputStreamTest" time="0.001"/>
  <testcase name="testBufferedRead_AvailableCharset(String)[145]" classname="org.apache.commons.io.input.CharSequenceInputStreamTest" time="0.001"/>
  <testcase name="testBufferedRead_AvailableCharset(String)[146]" classname="org.apache.commons.io.input.CharSequenceInputStreamTest" time="0.001"/>
  <testcase name="testBufferedRead_AvailableCharset(String)[147]" classname="org.apache.commons.io.input.CharSequenceInputStreamTest" time="0.001"/>
  <testcase name="testBufferedRead_AvailableCharset(String)[148]" classname="org.apache.commons.io.input.CharSequenceInputStreamTest" time="0.002"/>
  <testcase name="testBufferedRead_AvailableCharset(String)[149]" classname="org.apache.commons.io.input.CharSequenceInputStreamTest" time="0.001"/>
  <testcase name="testBufferedRead_AvailableCharset(String)[150]" classname="org.apache.commons.io.input.CharSequenceInputStreamTest" time="0.001"/>
  <testcase name="testBufferedRead_AvailableCharset(String)[151]" classname="org.apache.commons.io.input.CharSequenceInputStreamTest" time="0.001"/>
  <testcase name="testBufferedRead_AvailableCharset(String)[152]" classname="org.apache.commons.io.input.CharSequenceInputStreamTest" time="0.001"/>
  <testcase name="testBufferedRead_AvailableCharset(String)[153]" classname="org.apache.commons.io.input.CharSequenceInputStreamTest" time="0.001"/>
  <testcase name="testBufferedRead_AvailableCharset(String)[154]" classname="org.apache.commons.io.input.CharSequenceInputStreamTest" time="0.001"/>
  <testcase name="testBufferedRead_AvailableCharset(String)[155]" classname="org.apache.commons.io.input.CharSequenceInputStreamTest" time="0.001"/>
  <testcase name="testBufferedRead_AvailableCharset(String)[156]" classname="org.apache.commons.io.input.CharSequenceInputStreamTest" time="0.001"/>
  <testcase name="testBufferedRead_AvailableCharset(String)[157]" classname="org.apache.commons.io.input.CharSequenceInputStreamTest" time="0.001"/>
  <testcase name="testBufferedRead_AvailableCharset(String)[158]" classname="org.apache.commons.io.input.CharSequenceInputStreamTest" time="0.001"/>
  <testcase name="testBufferedRead_AvailableCharset(String)[159]" classname="org.apache.commons.io.input.CharSequenceInputStreamTest" time="0.001"/>
  <testcase name="testBufferedRead_AvailableCharset(String)[160]" classname="org.apache.commons.io.input.CharSequenceInputStreamTest" time="0.002"/>
  <testcase name="testBufferedRead_AvailableCharset(String)[161]" classname="org.apache.commons.io.input.CharSequenceInputStreamTest" time="0.002"/>
  <testcase name="testBufferedRead_AvailableCharset(String)[162]" classname="org.apache.commons.io.input.CharSequenceInputStreamTest" time="0.001"/>
  <testcase name="testBufferedRead_AvailableCharset(String)[163]" classname="org.apache.commons.io.input.CharSequenceInputStreamTest" time="0.001"/>
  <testcase name="testBufferedRead_AvailableCharset(String)[164]" classname="org.apache.commons.io.input.CharSequenceInputStreamTest" time="0.0"/>
  <testcase name="testBufferedRead_AvailableCharset(String)[165]" classname="org.apache.commons.io.input.CharSequenceInputStreamTest" time="0.001"/>
  <testcase name="testBufferedRead_AvailableCharset(String)[166]" classname="org.apache.commons.io.input.CharSequenceInputStreamTest" time="0.001"/>
  <testcase name="testBufferedRead_AvailableCharset(String)[167]" classname="org.apache.commons.io.input.CharSequenceInputStreamTest" time="0.0"/>
  <testcase name="testBufferedRead_AvailableCharset(String)[168]" classname="org.apache.commons.io.input.CharSequenceInputStreamTest" time="0.001"/>
  <testcase name="testBufferedRead_AvailableCharset(String)[169]" classname="org.apache.commons.io.input.CharSequenceInputStreamTest" time="0.001"/>
  <testcase name="testBufferedRead_AvailableCharset(String)[170]" classname="org.apache.commons.io.input.CharSequenceInputStreamTest" time="0.0"/>
  <testcase name="testNullCharset" classname="org.apache.commons.io.input.CharSequenceInputStreamTest" time="0.001"/>
  <testcase name="testMarkReset_RequiredCharsets(String)[1]" classname="org.apache.commons.io.input.CharSequenceInputStreamTest" time="0.001"/>
  <testcase name="testMarkReset_RequiredCharsets(String)[2]" classname="org.apache.commons.io.input.CharSequenceInputStreamTest" time="0.001"/>
  <testcase name="testMarkReset_RequiredCharsets(String)[3]" classname="org.apache.commons.io.input.CharSequenceInputStreamTest" time="0.001"/>
  <testcase name="testMarkReset_RequiredCharsets(String)[4]" classname="org.apache.commons.io.input.CharSequenceInputStreamTest" time="0.0"/>
  <testcase name="testMarkReset_RequiredCharsets(String)[5]" classname="org.apache.commons.io.input.CharSequenceInputStreamTest" time="0.002"/>
  <testcase name="testMarkReset_RequiredCharsets(String)[6]" classname="org.apache.commons.io.input.CharSequenceInputStreamTest" time="0.001"/>
  <testcase name="testIO_356_Loop_UTF16" classname="org.apache.commons.io.input.CharSequenceInputStreamTest" time="0.001"/>
  <testcase name="testIO_356_B10_D20_S0_UTF8" classname="org.apache.commons.io.input.CharSequenceInputStreamTest" time="0.0"/>
</testsuite>