<?xml version="1.0" encoding="UTF-8"?>
<testsuite xmlns:xsi="http://www.w3.org/2001/XMLSchema-instance" xsi:noNamespaceSchemaLocation="https://maven.apache.org/surefire/maven-surefire-plugin/xsd/surefire-test-report-3.0.xsd" version="3.0" name="org.apache.commons.dbcp2.TestPStmtPooling" time="0.01" tests="5" errors="0" skipped="0" failures="0">
  <properties>
[...]
</properties>
  <testcase name="testStmtPool" classname="org.apache.commons.dbcp2.TestPStmtPooling" time="0.001"/>
  <testcase name="testBatchUpdate" classname="org.apache.commons.dbcp2.TestPStmtPooling" time="0.002"/>
  <testcase name="testClosePool" classname="org.apache.commons.dbcp2.TestPStmtPooling" time="0.002"/>
  <testcase name="testCallableStatementPooling" classname="org.apache.commons.dbcp2.TestPStmtPooling" time="0.002"/>
  <testcase name="testMultipleClose" classname="org.apache.commons.dbcp2.TestPStmtPooling" time="0.002"/>
</testsuite>