GROUP,PACKAGE,CLASS,INSTRUCTION_MISSED,INSTRUCTION_COVERED,BRANCH_MISSED,BRANCH_COVERED,LINE_MISSED,LINE_COVERED,COMPLEXITY_MISSED,COMPLEXITY_COVERED,METHOD_MISSED,METHOD_COVERED
Apache Commons Collections,org.apache.commons.collections4.keyvalue,TiedMapEntry,3,106,5,17,1,21,5,13,0,7
Apache Commons Collections,org.apache.commons.collections4.keyvalue,AbstractMapEntry,3,67,5,15,1,12,5,9,0,4
Apache Commons Collections,org.apache.commons.collections4.keyvalue,UnmodifiableMapEntry,0,24,0,0,0,7,0,4,0,4
Apache Commons Collections,org.apache.commons.collections4.keyvalue,AbstractKeyValue,0,44,0,0,0,17,0,6,0,6
Apache Commons Collections,org.apache.commons.collections4.keyvalue,MultiKey,3,334,2,18,1,66,2,28,0,20
Apache Commons Collections,org.apache.commons.collections4.keyvalue,DefaultMapEntry,0,19,0,0,0,6,0,3,0,3
Apache Commons Collections,org.apache.commons.collections4.keyvalue,DefaultKeyValue,8,106,6,18,2,23,6,15,0,9
Apache Commons Collections,org.apache.commons.collections4.keyvalue,AbstractMapEntryDecorator,6,37,1,1,2,10,2,7,1,7
Apache Commons Collections,org.apache.commons.collections4.splitmap,TransformedSplitMap,14,96,1,3,5,21,3,10,2,9
Apache Commons Collections,org.apache.commons.collections4.splitmap,AbstractIterableGetMapDecorator,17,62,1,1,4,17,4,13,3,13
Apache Commons Collections,org.apache.commons.collections4.collection,AbstractCollectionDecorator,3,85,0,0,2,22,1,18,1,18
Apache Commons Collections,org.apache.commons.collections4.collection,TransformedCollection,0,99,1,5,0,19,1,9,0,7
Apache Commons Collections,org.apache.commons.collections4.collection,IndexedCollection,8,234,2,28,2,65,3,29,1,16
Apache Commons Collections,org.apache.commons.collections4.collection,UnmodifiableBoundedCollection,24,81,4,8,6,22,6,14,2,12
Apache Commons Collections,org.apache.commons.collections4.collection,PredicatedCollection,0,90,0,6,0,18,0,10,0,7
Apache Commons Collections,org.apache.commons.collections4.collection,CompositeCollection,46,391,1,57,12,98,6,50,5,22
Apache Commons Collections,org.apache.commons.collections4.collection,SynchronizedCollection,2,237,2,4,0,47,2,22,0,21
Apache Commons Collections,org.apache.commons.collections4.collection,PredicatedCollection.Builder,22,147,1,5,6,35,3,14,2,12
Apache Commons Collections,org.apache.commons.collections4.collection,UnmodifiableCollection,0,49,0,2,0,14,0,11,0,10
Apache Commons Collections,org.apache.commons.collections4.comparators,TransformingComparator,4,91,3,11,0,21,3,9,0,5
Apache Commons Collections,org.apache.commons.collections4.comparators,ReverseComparator,8,46,2,6,3,12,3,6,1,4
Apache Commons Collections,org.apache.commons.collections4.comparators,BooleanComparator,7,76,1,13,1,16,2,15,1,9
Apache Commons Collections,org.apache.commons.collections4.comparators,ComparableComparator,0,33,0,6,0,8,0,9,0,6
Apache Commons Collections,org.apache.commons.collections4.comparators,FixedOrderComparator.UnknownObjectBehavior,0,34,0,0,0,2,0,1,0,1
Apache Commons Collections,org.apache.commons.collections4.comparators,FixedOrderComparator,28,278,3,41,2,48,3,32,0,12
Apache Commons Collections,org.apache.commons.collections4.comparators,NullComparator,28,74,7,15,8,19,9,9,3,4
Apache Commons Collections,org.apache.commons.collections4.comparators,ComparatorChain,59,195,9,25,19,56,14,21,6,12
Apache Commons Collections,org.apache.commons.collections4.properties,OrderedPropertiesFactory,0,9,0,0,0,2,0,2,0,2
Apache Commons Collections,org.apache.commons.collections4.properties,AbstractPropertiesFactory,2,122,1,5,1,27,1,12,0,10
Apache Commons Collections,org.apache.commons.collections4.properties,PropertiesFactory,0,14,0,0,0,3,0,2,0,2
Apache Commons Collections,org.apache.commons.collections4.properties,OrderedProperties,6,231,9,11,1,56,9,19,0,18
Apache Commons Collections,org.apache.commons.collections4.properties,SortedPropertiesFactory,0,9,0,0,0,2,0,2,0,2
Apache Commons Collections,org.apache.commons.collections4.properties,SortedProperties,0,40,0,0,0,5,0,5,0,5
Apache Commons Collections,org.apache.commons.collections4.properties,PropertiesFactory.EmptyProperties,10,185,1,3,5,60,5,36,4,35
Apache Commons Collections,org.apache.commons.collections4.properties,AbstractPropertiesFactory.PropertyFormat,0,35,0,2,0,4,0,3,0,2
Apache Commons Collections,org.apache.commons.collections4.sequence,KeepCommand,0,9,0,0,0,4,0,2,0,2
Apache Commons Collections,org.apache.commons.collections4.sequence,DeleteCommand,0,9,0,0,0,4,0,2,0,2
Apache Commons Collections,org.apache.commons.collections4.sequence,SequencesComparator,5,558,3,79,1,76,3,44,0,6
Apache Commons Collections,org.apache.commons.collections4.sequence,SequencesComparator.Snake,0,21,0,0,0,8,0,4,0,4
Apache Commons Collections,org.apache.commons.collections4.sequence,ReplacementsFinder,65,0,4,0,17,0,6,0,4,0
Apache Commons Collections,org.apache.commons.collections4.sequence,EditCommand,0,9,0,0,0,4,0,2,0,2
Apache Commons Collections,org.apache.commons.collections4.sequence,InsertCommand,0,9,0,0,0,4,0,2,0,2
Apache Commons Collections,org.apache.commons.collections4.sequence,EditScript,3,69,0,2,1,19,1,7,1,6
Apache Commons Collections,org.apache.commons.collections4.trie.analyzer,StringKeyAnalyzer,15,174,10,24,4,36,11,14,1,7
Apache Commons Collections,org.apache.commons.collections4.bag,AbstractMapBag,15,626,8,74,3,152,8,60,0,27
Apache Commons Collections,org.apache.commons.collections4.bag,PredicatedBag,0,55,0,4,0,11,0,11,0,9
Apache Commons Collections,org.apache.commons.collections4.bag,SynchronizedBag,24,79,0,2,5,16,2,9,2,8
Apache Commons Collections,org.apache.commons.collections4.bag,AbstractMapBag.BagIterator,4,112,1,13,1,26,1,10,0,4
Apache Commons Collections,org.apache.commons.collections4.bag,PredicatedSortedBag,0,27,0,0,0,7,0,6,0,6
Apache Commons Collections,org.apache.commons.collections4.bag,AbstractSortedBagDecorator,7,16,0,0,3,5,2,4,2,4
Apache Commons Collections,org.apache.commons.collections4.bag,UnmodifiableSortedBag,19,58,0,2,5,18,4,12,4,11
Apache Commons Collections,org.apache.commons.collections4.bag,SynchronizedBag.SynchronizedBagSet,8,0,0,0,3,0,1,0,1,0
Apache Commons Collections,org.apache.commons.collections4.bag,AbstractBagDecorator,13,35,0,4,4,7,3,8,3,6
Apache Commons Collections,org.apache.commons.collections4.bag,SynchronizedSortedBag,42,9,0,0,9,3,5,2,5,2
Apache Commons Collections,org.apache.commons.collections4.bag,TransformedSortedBag,4,63,1,3,1,13,2,7,1,6
Apache Commons Collections,org.apache.commons.collections4.bag,TransformedBag,9,90,1,7,2,16,2,12,1,9
Apache Commons Collections,org.apache.commons.collections4.bag,AbstractMapBag.MutableInteger,18,6,4,0,4,3,4,1,2,1
Apache Commons Collections,org.apache.commons.collections4.bag,TreeBag,7,82,0,4,3,20,1,11,1,9
Apache Commons Collections,org.apache.commons.collections4.bag,CollectionBag,11,127,3,17,2,35,3,18,0,11
Apache Commons Collections,org.apache.commons.collections4.bag,CollectionSortedBag,11,127,3,17,2,35,3,18,0,11
Apache Commons Collections,org.apache.commons.collections4.bag,UnmodifiableBag,19,60,0,2,5,19,4,12,4,11
Apache Commons Collections,org.apache.commons.collections4.bag,HashBag,0,28,0,0,0,11,0,4,0,4
Apache Commons Collections,org.apache.commons.collections4.trie,AbstractPatriciaTrie.RangeEntryMap,177,0,34,0,37,0,27,0,10,0
Apache Commons Collections,org.apache.commons.collections4.trie,AbstractPatriciaTrie.PrefixRangeEntrySet,0,78,0,6,0,14,0,6,0,3
Apache Commons Collections,org.apache.commons.collections4.trie,AbstractPatriciaTrie.KeySet.KeyIterator,0,12,0,0,0,2,0,2,0,2
Apache Commons Collections,org.apache.commons.collections4.trie,AbstractPatriciaTrie.KeySet,1,40,1,1,0,9,1,6,0,6
Apache Commons Collections,org.apache.commons.collections4.trie,AbstractPatriciaTrie.TrieEntry,38,212,8,18,6,35,8,10,0,5
Apache Commons Collections,org.apache.commons.collections4.trie,AbstractPatriciaTrie.RangeEntrySet.EntryIterator,48,0,10,0,8,0,8,0,3,0
Apache Commons Collections,org.apache.commons.collections4.trie,AbstractPatriciaTrie.RangeEntrySet,159,15,28,0,36,4,19,1,5,1
Apache Commons Collections,org.apache.commons.collections4.trie,AbstractPatriciaTrie.AbstractRangeMap,217,66,42,8,32,14,30,9,8,6
Apache Commons Collections,org.apache.commons.collections4.trie,AbstractPatriciaTrie.EntrySet,4,60,3,7,2,14,3,8,0,6
Apache Commons Collections,org.apache.commons.collections4.trie,KeyAnalyzer,25,22,10,4,4,6,9,4,2,4
Apache Commons Collections,org.apache.commons.collections4.trie,UnmodifiableTrie,46,98,0,2,9,25,8,20,8,19
Apache Commons Collections,org.apache.commons.collections4.trie,AbstractPatriciaTrie.Values.ValueIterator,0,12,0,0,0,2,0,2,0,2
Apache Commons Collections,org.apache.commons.collections4.trie,PatriciaTrie,7,6,0,0,2,2,1,1,1,1
Apache Commons Collections,org.apache.commons.collections4.trie,AbstractPatriciaTrie.EntrySet.EntryIterator,0,11,0,0,0,2,0,2,0,2
Apache Commons Collections,org.apache.commons.collections4.trie,AbstractPatriciaTrie.PrefixRangeEntrySet.SingletonIterator,26,28,3,3,6,7,3,4,1,3
Apache Commons Collections,org.apache.commons.collections4.trie,AbstractBitwiseTrie.BasicEntry,23,73,3,9,5,21,5,10,2,7
Apache Commons Collections,org.apache.commons.collections4.trie,AbstractPatriciaTrie.TrieMapIterator,99,0,12,0,25,0,15,0,9,0
Apache Commons Collections,org.apache.commons.collections4.trie,AbstractPatriciaTrie.Reference,7,0,0,0,3,0,2,0,2,0
Apache Commons Collections,org.apache.commons.collections4.trie,AbstractPatriciaTrie.AbstractTrieIterator,26,79,3,7,6,20,4,7,1,5
Apache Commons Collections,org.apache.commons.collections4.trie,AbstractPatriciaTrie.PrefixRangeEntrySet.EntryIterator,0,89,1,9,0,22,1,8,0,4
Apache Commons Collections,org.apache.commons.collections4.trie,AbstractPatriciaTrie,650,1200,104,186,147,283,81,115,11,40
Apache Commons Collections,org.apache.commons.collections4.trie,AbstractPatriciaTrie.PrefixRangeMap,50,256,4,36,8,53,12,23,8,7
Apache Commons Collections,org.apache.commons.collections4.trie,AbstractPatriciaTrie.Values,2,43,1,3,1,12,1,7,0,6
Apache Commons Collections,org.apache.commons.collections4.trie,AbstractBitwiseTrie,12,106,4,10,3,23,4,13,1,9
Apache Commons Collections,org.apache.commons.collections4.list,AbstractLinkedListForJava21.LinkedListIterator,4,207,1,13,1,49,1,18,0,12
Apache Commons Collections,org.apache.commons.collections4.list,NodeCachingLinkedList,10,150,0,12,4,51,2,18,2,12
Apache Commons Collections,org.apache.commons.collections4.list,TreeList,2,262,2,16,1,53,2,23,0,16
Apache Commons Collections,org.apache.commons.collections4.list,SetUniqueList.SetListIterator,0,26,0,0,0,9,0,3,0,3
Apache Commons Collections,org.apache.commons.collections4.list,PredicatedList.PredicatedListIterator,0,25,0,0,0,9,0,3,0,3
Apache Commons Collections,org.apache.commons.collections4.list,AbstractSerializableListDecorator,0,19,0,0,0,8,0,3,0,3
Apache Commons Collections,org.apache.commons.collections4.list,TransformedList,0,147,1,7,0,28,1,19,0,16
Apache Commons Collections,org.apache.commons.collections4.list,FixedSizeList,0,94,0,0,0,25,0,23,0,23
Apache Commons Collections,org.apache.commons.collections4.list,FixedSizeList.FixedSizeListIterator,4,7,0,0,2,3,2,1,2,1
Apache Commons Collections,org.apache.commons.collections4.list,AbstractLinkedList,34,769,8,82,9,189,10,84,2,47
Apache Commons Collections,org.apache.commons.collections4.list,CursorableLinkedList.SubCursor,24,46,2,2,5,9,3,5,2,4
Apache Commons Collections,org.apache.commons.collections4.list,AbstractLinkedListForJava21.Node,26,22,0,0,11,10,5,4,5,4
Apache Commons Collections,org.apache.commons.collections4.list,AbstractLinkedList.LinkedListIterator,0,211,0,14,0,50,0,19,0,12
Apache Commons Collections,org.apache.commons.collections4.list,TransformedList.TransformedListIterator,0,27,0,0,0,9,0,3,0,3
Apache Commons Collections,org.apache.commons.collections4.list,UnmodifiableList,0,87,0,2,0,22,0,18,0,17
Apache Commons Collections,org.apache.commons.collections4.list,AbstractListDecorator,3,77,0,4,2,16,1,16,1,14
Apache Commons Collections,org.apache.commons.collections4.list,GrowthList,3,97,4,6,0,22,3,9,0,7
Apache Commons Collections,org.apache.commons.collections4.list,CursorableLinkedList.Cursor,11,165,3,23,2,48,3,19,0,9
Apache Commons Collections,org.apache.commons.collections4.list,AbstractLinkedListForJava21.LinkedSubList,175,136,8,8,26,37,13,9,6,8
Apache Commons Collections,org.apache.commons.collections4.list,AbstractLinkedList.Node,26,22,0,0,11,10,5,4,5,4
Apache Commons Collections,org.apache.commons.collections4.list,CursorableLinkedList,19,213,7,17,7,73,8,25,1,20
Apache Commons Collections,org.apache.commons.collections4.list,SetUniqueList,24,302,0,24,3,71,1,32,1,20
Apache Commons Collections,org.apache.commons.collections4.list,AbstractLinkedList.LinkedSubList,175,136,8,8,26,37,13,9,6,8
Apache Commons Collections,org.apache.commons.collections4.list,SetUniqueList.SetListListIterator,0,52,0,2,0,16,0,7,0,6
Apache Commons Collections,org.apache.commons.collections4.list,AbstractLinkedList.LinkedSubListIterator,69,0,4,0,14,0,8,0,6,0
Apache Commons Collections,org.apache.commons.collections4.list,PredicatedList,0,114,0,6,0,23,0,18,0,15
Apache Commons Collections,org.apache.commons.collections4.list,TreeList.AVLNode,72,1022,17,127,19,242,15,91,1,32
Apache Commons Collections,org.apache.commons.collections4.list,AbstractLinkedListForJava21.LinkedSubListIterator,24,45,2,2,5,9,3,5,2,4
Apache Commons Collections,org.apache.commons.collections4.list,AbstractLinkedListForJava21,64,736,12,78,18,180,13,81,3,46
Apache Commons Collections,org.apache.commons.collections4.list,LazyList,10,127,2,12,2,31,2,12,0,7
Apache Commons Collections,org.apache.commons.collections4.list,TreeList.TreeListIterator,8,242,2,20,2,55,2,20,0,11
Apache Commons Collections,org.apache.commons.collections4.functors,ComparatorPredicate,15,82,1,15,1,22,1,13,0,4
Apache Commons Collections,org.apache.commons.collections4.functors,MapTransformer,3,20,0,2,1,7,1,4,1,3
Apache Commons Collections,org.apache.commons.collections4.functors,ExceptionPredicate,0,14,0,0,0,4,0,4,0,4
Apache Commons Collections,org.apache.commons.collections4.functors,PrototypeFactory.PrototypeSerializationFactory,2,53,0,2,2,17,0,3,0,2
Apache Commons Collections,org.apache.commons.collections4.functors,InstantiateTransformer,32,86,10,14,8,19,10,8,0,6
Apache Commons Collections,org.apache.commons.collections4.functors,OrPredicate,13,35,0,4,1,7,1,5,1,3
Apache Commons Collections,org.apache.commons.collections4.functors,NotNullPredicate,0,15,0,2,0,4,0,5,0,4
Apache Commons Collections,org.apache.commons.collections4.functors,FactoryTransformer,3,18,0,0,1,5,1,3,1,3
Apache Commons Collections,org.apache.commons.collections4.functors,NonePredicate,0,55,0,8,0,14,0,8,0,4
Apache Commons Collections,org.apache.commons.collections4.functors,ComparatorPredicate.Criterion,0,54,0,0,0,2,0,1,0,1
Apache Commons Collections,org.apache.commons.collections4.functors,ForClosure,6,39,0,8,2,12,2,7,2,3
Apache Commons Collections,org.apache.commons.collections4.functors,StringValueTransformer,0,12,0,0,0,4,0,4,0,4
Apache Commons Collections,org.apache.commons.collections4.functors,WhileClosure,9,43,0,4,3,12,3,5,3,3
Apache Commons Collections,org.apache.commons.collections4.functors,UniquePredicate,0,17,0,0,0,5,0,3,0,3
Apache Commons Collections,org.apache.commons.collections4.functors,ChainedTransformer,4,77,0,8,1,19,1,10,1,6
Apache Commons Collections,org.apache.commons.collections4.functors,TransformerClosure,3,21,0,2,1,8,1,4,1,3
Apache Commons Collections,org.apache.commons.collections4.functors,NullPredicate,0,15,0,2,0,4,0,5,0,4
Apache Commons Collections,org.apache.commons.collections4.functors,InstanceofPredicate,3,19,0,0,1,5,1,3,1,3
Apache Commons Collections,org.apache.commons.collections4.functors,AbstractQuantifierPredicate,4,6,0,0,1,3,1,1,1,1
Apache Commons Collections,org.apache.commons.collections4.functors,AnyPredicate,4,67,1,11,1,17,1,9,0,4
Apache Commons Collections,org.apache.commons.collections4.functors,IdentityPredicate,3,23,0,4,1,7,1,5,1,3
Apache Commons Collections,org.apache.commons.collections4.functors,IfTransformer,9,56,0,2,3,13,3,5,3,4
Apache Commons Collections,org.apache.commons.collections4.functors,CatchAndRethrowClosure,0,17,0,0,0,8,0,2,0,2
Apache Commons Collections,org.apache.commons.collections4.functors,PredicateTransformer,3,24,0,2,1,7,1,4,1,3
Apache Commons Collections,org.apache.commons.collections4.functors,ExceptionFactory,0,14,0,0,0,4,0,4,0,4
Apache Commons Collections,org.apache.commons.collections4.functors,SwitchTransformer,13,155,2,22,3,35,5,15,3,5
Apache Commons Collections,org.apache.commons.collections4.functors,EqualPredicate,3,48,0,6,1,15,1,8,1,5
Apache Commons Collections,org.apache.commons.collections4.functors,NullIsExceptionPredicate,8,26,0,2,1,7,1,4,1,3
Apache Commons Collections,org.apache.commons.collections4.functors,ConstantTransformer,43,31,11,3,9,11,8,7,2,6
Apache Commons Collections,org.apache.commons.collections4.functors,InstantiateFactory,23,99,5,15,7,25,5,10,0,5
Apache Commons Collections,org.apache.commons.collections4.functors,NullIsFalsePredicate,8,23,0,2,1,7,1,4,1,3
Apache Commons Collections,org.apache.commons.collections4.functors,PrototypeFactory,0,66,0,4,0,13,0,3,0,1
Apache Commons Collections,org.apache.commons.collections4.functors,NOPTransformer,0,11,0,0,0,4,0,4,0,4
Apache Commons Collections,org.apache.commons.collections4.functors,CloneTransformer,0,15,0,2,0,5,0,4,0,3
Apache Commons Collections,org.apache.commons.collections4.functors,DefaultEquator,4,16,1,1,1,4,2,4,1,4
Apache Commons Collections,org.apache.commons.collections4.functors,PrototypeFactory.PrototypeCloneFactory,33,20,1,1,10,6,2,2,1,2
Apache Commons Collections,org.apache.commons.collections4.functors,ChainedClosure,4,88,0,10,1,22,1,10,1,5
Apache Commons Collections,org.apache.commons.collections4.functors,ConstantFactory,3,24,0,2,1,8,1,5,1,4
Apache Commons Collections,org.apache.commons.collections4.functors,ClosureTransformer,3,20,0,0,1,6,1,3,1,3
Apache Commons Collections,org.apache.commons.collections4.functors,FalsePredicate,0,11,0,0,0,4,0,4,0,4
Apache Commons Collections,org.apache.commons.collections4.functors,NullIsTruePredicate,8,23,0,2,1,7,1,4,1,3
Apache Commons Collections,org.apache.commons.collections4.functors,InvokerTransformer,45,126,4,20,6,25,4,13,0,5
Apache Commons Collections,org.apache.commons.collections4.functors,FunctorUtils,10,162,3,19,5,32,5,16,2,8
Apache Commons Collections,org.apache.commons.collections4.functors,TransformedPredicate,11,31,0,0,2,8,2,3,2,3
Apache Commons Collections,org.apache.commons.collections4.functors,SwitchClosure,13,150,2,20,3,34,5,14,3,5
Apache Commons Collections,org.apache.commons.collections4.functors,ExceptionClosure,0,14,0,0,0,4,0,4,0,4
Apache Commons Collections,org.apache.commons.collections4.functors,IfClosure,15,48,0,2,5,13,4,5,4,4
Apache Commons Collections,org.apache.commons.collections4.functors,OnePredicate,4,60,1,9,1,16,1,8,0,4
Apache Commons Collections,org.apache.commons.collections4.functors,AndPredicate,13,35,0,4,1,7,1,5,1,3
Apache Commons Collections,org.apache.commons.collections4.functors,AllPredicate,0,73,0,12,0,18,0,10,0,4
Apache Commons Collections,org.apache.commons.collections4.functors,TruePredicate,0,11,0,0,0,4,0,4,0,4
Apache Commons Collections,org.apache.commons.collections4.functors,ExceptionTransformer,0,14,0,0,0,4,0,4,0,4
Apache Commons Collections,org.apache.commons.collections4.functors,NotPredicate,8,23,0,2,1,5,1,4,1,3
Apache Commons Collections,org.apache.commons.collections4.functors,TransformerPredicate,3,30,0,2,1,8,1,4,1,3
Apache Commons Collections,org.apache.commons.collections4.functors,NOPClosure,0,10,0,0,0,4,0,4,0,4
Apache Commons Collections,org.apache.commons.collections4.bidimap,AbstractDualBidiMap,0,244,0,18,0,60,0,34,0,25
Apache Commons Collections,org.apache.commons.collections4.bidimap,TreeBidiMap.InverseViewMapIterator,32,12,4,0,8,4,6,2,4,2
Apache Commons Collections,org.apache.commons.collections4.bidimap,TreeBidiMap,156,1824,31,222,32,427,31,161,1,64
Apache Commons Collections,org.apache.commons.collections4.bidimap,AbstractDualBidiMap.Values,2,39,1,1,1,8,1,4,0,4
Apache Commons Collections,org.apache.commons.collections4.bidimap,AbstractDualBidiMap.MapEntry,12,26,3,1,2,7,2,2,0,2
Apache Commons Collections,org.apache.commons.collections4.bidimap,AbstractDualBidiMap.KeySetIterator,5,42,1,1,1,13,1,3,0,3
Apache Commons Collections,org.apache.commons.collections4.bidimap,AbstractDualBidiMap.EntrySet,2,60,3,7,1,13,3,5,0,3
Apache Commons Collections,org.apache.commons.collections4.bidimap,TreeBidiMap.InverseViewMapEntryIterator,5,21,0,0,1,5,1,3,1,3
Apache Commons Collections,org.apache.commons.collections4.bidimap,TreeBidiMap.ViewMapIterator,21,23,3,1,5,7,4,4,2,4
Apache Commons Collections,org.apache.commons.collections4.bidimap,AbstractSortedBidiMapDecorator,28,8,0,0,6,3,6,2,6,2
Apache Commons Collections,org.apache.commons.collections4.bidimap,DualLinkedHashBidiMap,12,49,0,0,3,14,1,5,1,5
Apache Commons Collections,org.apache.commons.collections4.bidimap,AbstractDualBidiMap.BidiMapIterator,69,84,5,9,16,19,6,10,3,6
Apache Commons Collections,org.apache.commons.collections4.bidimap,AbstractDualBidiMap.View,40,81,13,13,14,23,10,10,1,6
Apache Commons Collections,org.apache.commons.collections4.bidimap,AbstractOrderedBidiMapDecorator,8,26,0,0,2,7,2,6,2,6
Apache Commons Collections,org.apache.commons.collections4.bidimap,TreeBidiMap.ValueView,1,36,1,3,0,7,1,5,0,4
Apache Commons Collections,org.apache.commons.collections4.bidimap,TreeBidiMap.AbstractView,0,17,0,0,0,6,0,3,0,3
Apache Commons Collections,org.apache.commons.collections4.bidimap,TreeBidiMap.KeyView,2,35,2,2,0,7,2,4,0,4
Apache Commons Collections,org.apache.commons.collections4.bidimap,UnmodifiableBidiMap,0,79,0,4,0,23,0,14,0,12
Apache Commons Collections,org.apache.commons.collections4.bidimap,TreeBidiMap.Inverse,169,64,16,2,31,15,20,13,12,12
Apache Commons Collections,org.apache.commons.collections4.bidimap,TreeBidiMap.Node,40,231,12,11,8,43,10,23,2,19
Apache Commons Collections,org.apache.commons.collections4.bidimap,TreeBidiMap.EntryView,4,70,4,8,2,17,4,6,0,4
Apache Commons Collections,org.apache.commons.collections4.bidimap,DualTreeBidiMap,36,207,2,10,9,51,5,21,3,17
Apache Commons Collections,org.apache.commons.collections4.bidimap,DualTreeBidiMap.ViewMap,38,35,0,2,5,8,5,5,5,4
Apache Commons Collections,org.apache.commons.collections4.bidimap,TreeBidiMap.AbstractViewIterator,68,120,11,9,14,24,9,7,2,4
Apache Commons Collections,org.apache.commons.collections4.bidimap,DualHashBidiMap,12,49,0,0,3,14,1,5,1,5
Apache Commons Collections,org.apache.commons.collections4.bidimap,AbstractDualBidiMap.KeySet,8,33,1,1,2,7,2,3,1,3
Apache Commons Collections,org.apache.commons.collections4.bidimap,TreeBidiMap.DataElement,0,37,0,0,0,6,0,3,0,3
Apache Commons Collections,org.apache.commons.collections4.bidimap,DualTreeBidiMap.BidiOrderedMapIterator,78,80,5,7,16,18,9,8,5,6
Apache Commons Collections,org.apache.commons.collections4.bidimap,UnmodifiableOrderedBidiMap,0,82,0,4,0,24,0,15,0,13
Apache Commons Collections,org.apache.commons.collections4.bidimap,TreeBidiMap.ViewMapEntryIterator,3,11,0,0,1,4,1,2,1,2
Apache Commons Collections,org.apache.commons.collections4.bidimap,AbstractDualBidiMap.ValuesIterator,5,36,1,1,1,12,1,3,0,3
Apache Commons Collections,org.apache.commons.collections4.bidimap,AbstractBidiMapDecorator,13,17,0,0,3,5,3,4,3,4
Apache Commons Collections,org.apache.commons.collections4.bidimap,TreeBidiMap.InverseEntryView,32,42,9,3,8,11,7,3,1,3
Apache Commons Collections,org.apache.commons.collections4.bidimap,UnmodifiableSortedBidiMap,0,104,0,4,0,29,0,17,0,15
Apache Commons Collections,org.apache.commons.collections4.bidimap,AbstractDualBidiMap.EntrySetIterator,5,45,1,1,1,13,1,3,0,3
Apache Commons Collections,org.apache.commons.collections4.map,AbstractLinkedMap.EntrySetIterator,3,7,0,0,1,3,1,2,1,2
Apache Commons Collections,org.apache.commons.collections4.map,UnmodifiableEntrySet,107,32,11,1,21,8,12,6,6,6
Apache Commons Collections,org.apache.commons.collections4.map,LazyMap,0,73,0,2,0,20,0,8,0,7
Apache Commons Collections,org.apache.commons.collections4.map,StaticBucketMap.Node,10,65,3,17,4,10,4,11,1,4
Apache Commons Collections,org.apache.commons.collections4.map,AbstractHashedMap.Values,0,23,0,0,0,8,0,5,0,5
Apache Commons Collections,org.apache.commons.collections4.map,AbstractReferenceMap.ReferenceBaseIterator,13,154,4,20,3,44,4,15,0,7
Apache Commons Collections,org.apache.commons.collections4.map,AbstractReferenceMap.ReferenceValues,0,34,0,2,0,8,0,4,0,3
Apache Commons Collections,org.apache.commons.collections4.map,Flat3Map.EntrySet,27,32,2,4,9,9,3,5,2,3
Apache Commons Collections,org.apache.commons.collections4.map,TransformedSortedMap,43,51,1,1,6,13,4,7,3,7
Apache Commons Collections,org.apache.commons.collections4.map,AbstractReferenceMap.ReferenceStrength,8,49,3,1,3,7,3,3,0,3
Apache Commons Collections,org.apache.commons.collections4.map,FixedSizeMap,30,71,4,2,8,20,5,11,3,10
Apache Commons Collections,org.apache.commons.collections4.map,AbstractOrderedMapDecorator,4,29,0,0,1,9,1,7,1,7
Apache Commons Collections,org.apache.commons.collections4.map,ListOrderedMap.KeySetView.new AbstractUntypedIteratorDecorator() {...},0,13,0,0,0,2,0,2,0,2
Apache Commons Collections,org.apache.commons.collections4.map,PredicatedSortedMap,0,72,0,0,0,13,0,9,0,9
Apache Commons Collections,org.apache.commons.collections4.map,AbstractReferenceMap.SoftRef,31,8,8,0,9,3,6,1,2,1
Apache Commons Collections,org.apache.commons.collections4.map,ListOrderedMap.ValuesView.new AbstractUntypedIteratorDecorator() {...},0,13,0,0,0,2,0,2,0,2
Apache Commons Collections,org.apache.commons.collections4.map,PredicatedMap,0,114,0,14,0,28,0,16,0,9
Apache Commons Collections,org.apache.commons.collections4.map,StaticBucketMap.KeyIterator,0,11,0,0,0,2,0,2,0,2
Apache Commons Collections,org.apache.commons.collections4.map,Flat3Map.KeySetIterator,0,8,0,0,0,3,0,2,0,2
Apache Commons Collections,org.apache.commons.collections4.map,Flat3Map.FlatMapEntry,107,116,26,16,17,34,19,13,1,7
Apache Commons Collections,org.apache.commons.collections4.map,Flat3Map.Values,15,26,1,3,4,8,3,4,2,3
Apache Commons Collections,org.apache.commons.collections4.map,AbstractReferenceMap.WeakRef,28,11,8,0,8,4,5,2,1,2
Apache Commons Collections,org.apache.commons.collections4.map,AbstractReferenceMap.ReferenceKeySetIterator,0,8,0,0,0,3,0,2,0,2
Apache Commons Collections,org.apache.commons.collections4.map,ListOrderedMap.KeySetView,0,28,0,0,0,8,0,5,0,5
Apache Commons Collections,org.apache.commons.collections4.map,AbstractReferenceMap,13,387,9,37,1,111,8,45,0,30
Apache Commons Collections,org.apache.commons.collections4.map,UnmodifiableMap,21,65,2,2,5,22,2,12,1,11
Apache Commons Collections,org.apache.commons.collections4.map,CompositeMap,17,455,3,49,5,87,4,45,1,22
Apache Commons Collections,org.apache.commons.collections4.map,AbstractLinkedMap.ValuesIterator,4,8,0,0,1,3,1,2,1,2
Apache Commons Collections,org.apache.commons.collections4.map,AbstractHashedMap,39,1056,11,123,13,268,15,104,4,48
Apache Commons Collections,org.apache.commons.collections4.map,TransformedMap,1,144,2,10,0,38,2,16,0,12
Apache Commons Collections,org.apache.commons.collections4.map,AbstractLinkedMap.LinkEntry,0,7,0,0,0,2,0,1,0,1
Apache Commons Collections,org.apache.commons.collections4.map,StaticBucketMap.ValueIterator,0,11,0,0,0,2,0,2,0,2
Apache Commons Collections,org.apache.commons.collections4.map,PassiveExpiringMap.ConstantTimeToLiveExpirationPolicy,6,33,1,3,3,10,2,4,1,3
Apache Commons Collections,org.apache.commons.collections4.map,AbstractInputCheckedMapDecorator,2,23,0,2,1,7,1,4,1,3
Apache Commons Collections,org.apache.commons.collections4.map,AbstractLinkedMap.LinkIterator,72,101,9,9,13,24,8,10,3,6
Apache Commons Collections,org.apache.commons.collections4.map,LazySortedMap,0,75,0,0,0,16,0,11,0,11
Apache Commons Collections,org.apache.commons.collections4.map,StaticBucketMap.BaseIterator,8,102,2,10,2,22,2,8,0,4
Apache Commons Collections,org.apache.commons.collections4.map,LinkedMap.LinkedMapList,92,0,0,0,21,0,19,0,19,0
Apache Commons Collections,org.apache.commons.collections4.map,MultiValueMap.1.new Map.Entry() {...},4,18,0,0,1,3,1,3,1,3
Apache Commons Collections,org.apache.commons.collections4.map,Flat3Map.FlatMapIterator,112,96,11,15,19,28,12,13,3,6
Apache Commons Collections,org.apache.commons.collections4.map,StaticBucketMap.KeySet,9,63,2,2,2,13,2,6,0,6
Apache Commons Collections,org.apache.commons.collections4.map,ListOrderedMap.ListOrderedMapIterator,73,66,6,4,16,18,7,9,4,7
Apache Commons Collections,org.apache.commons.collections4.map,AbstractHashedMap.ValuesIterator,0,8,0,0,0,3,0,2,0,2
Apache Commons Collections,org.apache.commons.collections4.map,UnmodifiableEntrySet.UnmodifiableEntrySetIterator,0,21,0,0,0,5,0,3,0,3
Apache Commons Collections,org.apache.commons.collections4.map,MultiValueMap.new LazyIteratorChain() {...},0,41,0,2,0,6,0,4,0,3
Apache Commons Collections,org.apache.commons.collections4.map,MultiValueMap.ValuesIterator,0,41,0,2,0,11,0,5,0,4
Apache Commons Collections,org.apache.commons.collections4.map,SingletonMap.SingletonValues,4,23,0,0,1,7,1,5,1,5
Apache Commons Collections,org.apache.commons.collections4.map,EntrySetToMapIteratorAdapter,16,41,1,1,5,13,3,7,2,7
Apache Commons Collections,org.apache.commons.collections4.map,AbstractReferenceMap.ReferenceEntry,17,209,10,32,4,41,9,23,0,11
Apache Commons Collections,org.apache.commons.collections4.map,Flat3Map.KeySet,16,37,0,4,5,10,2,6,2,4
Apache Commons Collections,org.apache.commons.collections4.map,PassiveExpiringMap,26,244,0,14,8,64,4,30,4,23
Apache Commons Collections,org.apache.commons.collections4.map,AbstractInputCheckedMapDecorator.EntrySet,55,61,6,4,9,12,5,4,1,3
Apache Commons Collections,org.apache.commons.collections4.map,ListOrderedMap.ListOrderedMapEntry,8,14,0,0,1,4,1,2,1,2
Apache Commons Collections,org.apache.commons.collections4.map,AbstractReferenceMap.ReferenceMapIterator,32,16,5,1,9,6,5,3,2,3
Apache Commons Collections,org.apache.commons.collections4.map,StaticBucketMap.EntryIterator,0,10,0,0,0,2,0,2,0,2
Apache Commons Collections,org.apache.commons.collections4.map,HashedMap,0,35,0,0,0,15,0,7,0,7
Apache Commons Collections,org.apache.commons.collections4.map,StaticBucketMap.EntrySet,2,114,1,9,1,23,1,10,0,6
Apache Commons Collections,org.apache.commons.collections4.map,LRUMap,203,296,9,31,17,87,13,32,5,20
Apache Commons Collections,org.apache.commons.collections4.map,MultiKeyMap,145,1430,108,188,6,303,80,107,0,39
Apache Commons Collections,org.apache.commons.collections4.map,AbstractInputCheckedMapDecorator.MapEntry,0,20,0,0,0,6,0,2,0,2
Apache Commons Collections,org.apache.commons.collections4.map,SingletonMap.SingletonMapIterator,119,0,14,0,30,0,18,0,11,0
Apache Commons Collections,org.apache.commons.collections4.map,ListOrderedMap,22,433,4,38,1,99,4,45,0,28
Apache Commons Collections,org.apache.commons.collections4.map,MultiValueMap.Values,4,36,0,2,2,7,1,4,1,3
Apache Commons Collections,org.apache.commons.collections4.map,FixedSizeSortedMap,50,65,2,2,10,17,8,11,7,10
Apache Commons Collections,org.apache.commons.collections4.map,Flat3Map,136,1238,55,223,30,328,55,123,0,23
Apache Commons Collections,org.apache.commons.collections4.map,LinkedMap,14,71,0,4,5,20,3,11,3,9
Apache Commons Collections,org.apache.commons.collections4.map,AbstractInputCheckedMapDecorator.EntrySetIterator,0,24,0,0,0,6,0,2,0,2
Apache Commons Collections,org.apache.commons.collections4.map,AbstractReferenceMap.ReferenceEntrySet,34,4,2,0,6,2,3,1,2,1
Apache Commons Collections,org.apache.commons.collections4.map,ReferenceMap,16,36,0,0,4,12,2,5,2,5
Apache Commons Collections,org.apache.commons.collections4.map,DefaultedMap,0,82,0,4,0,19,0,11,0,9
Apache Commons Collections,org.apache.commons.collections4.map,ListOrderedMap.ListOrderedIterator,0,31,0,0,0,8,0,3,0,3
Apache Commons Collections,org.apache.commons.collections4.map,MultiValueMap.ReflectionFactory,15,31,1,3,2,8,1,4,0,3
Apache Commons Collections,org.apache.commons.collections4.map,AbstractReferenceMap.ReferenceValuesIterator,0,8,0,0,0,3,0,2,0,2
Apache Commons Collections,org.apache.commons.collections4.map,AbstractMapDecorator,0,88,0,2,0,25,0,19,0,18
Apache Commons Collections,org.apache.commons.collections4.map,StaticBucketMap,37,538,2,50,11,121,4,41,3,16
Apache Commons Collections,org.apache.commons.collections4.map,AbstractHashedMap.KeySet,0,35,0,0,0,11,0,6,0,6
Apache Commons Collections,org.apache.commons.collections4.map,AbstractHashedMap.KeySetIterator,0,8,0,0,0,3,0,2,0,2
Apache Commons Collections,org.apache.commons.collections4.map,SingletonMap,120,185,20,15,30,49,22,29,6,27
Apache Commons Collections,org.apache.commons.collections4.map,AbstractHashedMap.EntrySet,2,62,2,8,1,18,2,9,0,6
Apache Commons Collections,org.apache.commons.collections4.map,AbstractLinkedMap.KeySetIterator,4,8,0,0,1,3,1,2,1,2
Apache Commons Collections,org.apache.commons.collections4.map,Flat3Map.EntryIterator,10,60,2,4,2,13,2,5,0,4
Apache Commons Collections,org.apache.commons.collections4.map,Flat3Map.EntrySetIterator,0,7,0,0,0,3,0,2,0,2
Apache Commons Collections,org.apache.commons.collections4.map,CaseInsensitiveMap,5,60,0,4,2,19,1,9,1,7
Apache Commons Collections,org.apache.commons.collections4.map,AbstractSortedMapDecorator.SortedMapIterator,29,0,0,0,8,0,4,0,4,0
Apache Commons Collections,org.apache.commons.collections4.map,ListOrderedMap.ValuesView,0,44,0,0,0,11,0,8,0,8
Apache Commons Collections,org.apache.commons.collections4.map,AbstractHashedMap.EntrySetIterator,0,7,0,0,0,3,0,2,0,2
Apache Commons Collections,org.apache.commons.collections4.map,AbstractIterableMap,6,3,0,0,1,1,1,1,1,1
Apache Commons Collections,org.apache.commons.collections4.map,AbstractLinkedMap,10,331,0,40,4,72,3,40,3,20
Apache Commons Collections,org.apache.commons.collections4.map,AbstractReferenceMap.ReferenceKeySet,30,4,2,0,6,2,3,1,2,1
Apache Commons Collections,org.apache.commons.collections4.map,UnmodifiableSortedMap,4,92,0,2,1,24,1,17,1,16
Apache Commons Collections,org.apache.commons.collections4.map,ReferenceIdentityMap,24,61,0,6,6,16,3,11,3,8
Apache Commons Collections,org.apache.commons.collections4.map,AbstractHashedMap.HashMapIterator,32,16,5,1,9,6,5,3,2,3
Apache Commons Collections,org.apache.commons.collections4.map,AbstractSortedMapDecorator,55,19,4,0,10,7,9,5,7,5
Apache Commons Collections,org.apache.commons.collections4.map,AbstractLinkedMap.LinkMapIterator,36,16,5,1,10,6,6,3,3,3
Apache Commons Collections,org.apache.commons.collections4.map,MultiValueMap,13,327,5,39,2,86,6,38,1,21
Apache Commons Collections,org.apache.commons.collections4.map,AbstractHashedMap.HashIterator,28,125,3,17,4,34,3,13,1,5
Apache Commons Collections,org.apache.commons.collections4.map,StaticBucketMap.Values,0,21,0,0,0,5,0,4,0,4
Apache Commons Collections,org.apache.commons.collections4.map,AbstractReferenceMap.ReferenceEntrySetIterator,0,7,0,0,0,3,0,2,0,2
Apache Commons Collections,org.apache.commons.collections4.map,UnmodifiableOrderedMap,7,65,0,2,2,22,1,12,1,11
Apache Commons Collections,org.apache.commons.collections4.map,ListOrderedMap.EntrySetView,12,80,3,5,4,22,3,13,1,11
Apache Commons Collections,org.apache.commons.collections4.map,Flat3Map.ValuesIterator,0,8,0,0,0,3,0,2,0,2
Apache Commons Collections,org.apache.commons.collections4.map,AbstractHashedMap.HashEntry,2,107,3,19,1,23,3,15,0,7
Apache Commons Collections,org.apache.commons.collections4.map,UnmodifiableEntrySet.UnmodifiableEntry,4,7,0,0,1,3,1,1,1,1
Apache Commons Collections,org.apache.commons.collections4.multimap,AbstractListValuedMap.WrappedList,27,147,4,8,9,35,4,16,2,12
Apache Commons Collections,org.apache.commons.collections4.multimap,ArrayListValuedHashMap,0,82,0,2,0,26,0,10,0,9
Apache Commons Collections,org.apache.commons.collections4.multimap,AbstractListValuedMap.ValuesListIterator,0,120,0,4,0,29,0,13,0,11
Apache Commons Collections,org.apache.commons.collections4.multimap,TransformedMultiValuedMap,0,157,1,13,0,34,1,15,0,9
Apache Commons Collections,org.apache.commons.collections4.multimap,HashSetValuedHashMap,0,63,0,0,0,21,0,8,0,8
Apache Commons Collections,org.apache.commons.collections4.multimap,AbstractMultiValuedMap.KeysMultiSet.MapEntryTransformer,0,12,0,0,0,2,0,2,0,2
Apache Commons Collections,org.apache.commons.collections4.multimap,AbstractMultiValuedMap,91,330,14,36,18,74,13,41,3,26
Apache Commons Collections,org.apache.commons.collections4.multimap,AbstractMultiValuedMap.MultiValuedMapEntry,0,12,0,0,0,4,0,2,0,2
Apache Commons Collections,org.apache.commons.collections4.multimap,AbstractListValuedMap,0,27,0,0,0,8,0,6,0,6
Apache Commons Collections,org.apache.commons.collections4.multimap,AbstractMultiValuedMap.KeysMultiSet.MapEntryTransformer.new AbstractMultiSet.AbstractEntry() {...},0,19,0,0,0,3,0,3,0,3
Apache Commons Collections,org.apache.commons.collections4.multimap,AbstractMultiValuedMap.EntryValues.new LazyIteratorChain() {...},0,56,0,2,0,8,0,4,0,3
Apache Commons Collections,org.apache.commons.collections4.multimap,AbstractMultiValuedMap.WrappedCollection,98,140,24,16,28,36,20,16,5,11
Apache Commons Collections,org.apache.commons.collections4.multimap,AbstractMultiValuedMap.ValuesIterator,0,43,0,2,0,11,0,5,0,4
Apache Commons Collections,org.apache.commons.collections4.multimap,AbstractMultiValuedMap.KeysMultiSet,10,46,0,2,2,10,2,6,2,5
Apache Commons Collections,org.apache.commons.collections4.multimap,AbstractMultiValuedMap.AsMap.AsMapEntrySet,50,0,2,0,11,0,7,0,6,0
Apache Commons Collections,org.apache.commons.collections4.multimap,AbstractMultiValuedMap.EntryValues,4,11,0,0,1,2,1,2,1,2
Apache Commons Collections,org.apache.commons.collections4.multimap,UnmodifiableMultiValuedMap,0,79,0,2,0,19,0,17,0,16
Apache Commons Collections,org.apache.commons.collections4.multimap,AbstractMultiValuedMap.MultiValuedMapIterator,5,58,1,5,1,16,1,9,0,7
Apache Commons Collections,org.apache.commons.collections4.multimap,AbstractMultiValuedMap.AsMap,29,61,3,5,8,16,9,6,6,5
Apache Commons Collections,org.apache.commons.collections4.multimap,AbstractMultiValuedMap.Values,4,36,0,2,2,7,1,4,1,3
Apache Commons Collections,org.apache.commons.collections4.multimap,AbstractSetValuedMap,0,27,0,0,0,8,0,6,0,6
Apache Commons Collections,org.apache.commons.collections4.multimap,AbstractMultiValuedMap.AsMap.AsMapEntrySetIterator,24,0,0,0,6,0,2,0,2,0
Apache Commons Collections,org.apache.commons.collections4.multimap,AbstractMultiValuedMapDecorator,22,98,0,2,4,25,4,21,4,20
Apache Commons Collections,org.apache.commons.collections4.multimap,AbstractSetValuedMap.WrappedSet,29,8,4,0,9,3,4,1,2,1
Apache Commons Collections,org.apache.commons.collections4.set,UnmodifiableSet,0,49,0,2,0,14,0,11,0,10
Apache Commons Collections,org.apache.commons.collections4.set,UnmodifiableSortedSet,0,87,0,2,0,25,0,16,0,15
Apache Commons Collections,org.apache.commons.collections4.set,MapBackedSet,0,158,0,8,0,31,0,23,0,19
Apache Commons Collections,org.apache.commons.collections4.set,ListOrderedSet.OrderedSetIterator,14,28,0,0,3,9,2,3,2,3
Apache Commons Collections,org.apache.commons.collections4.set,TransformedSet,0,67,1,7,0,12,1,8,0,5
Apache Commons Collections,org.apache.commons.collections4.set,AbstractSetDecorator,3,24,0,4,2,5,1,6,1,4
Apache Commons Collections,org.apache.commons.collections4.set,AbstractNavigableSetDecorator,39,28,0,0,9,7,8,6,8,6
Apache Commons Collections,org.apache.commons.collections4.set,UnmodifiableNavigableSet,0,134,0,2,0,35,0,23,0,22
Apache Commons Collections,org.apache.commons.collections4.set,AbstractSerializableSetDecorator,0,19,0,0,0,8,0,3,0,3
Apache Commons Collections,org.apache.commons.collections4.set,PredicatedSet,0,31,0,4,0,6,0,7,0,5
Apache Commons Collections,org.apache.commons.collections4.set,CompositeSet,25,482,6,66,7,117,8,56,2,26
Apache Commons Collections,org.apache.commons.collections4.set,ListOrderedSet,7,306,3,27,2,77,3,36,0,24
Apache Commons Collections,org.apache.commons.collections4.set,TransformedSortedSet,81,23,4,0,14,6,7,5,5,5
Apache Commons Collections,org.apache.commons.collections4.set,AbstractSortedSetDecorator,19,20,0,0,5,6,4,5,4,5
Apache Commons Collections,org.apache.commons.collections4.set,PredicatedNavigableSet,50,39,0,0,9,9,6,8,6,8
Apache Commons Collections,org.apache.commons.collections4.set,PredicatedSortedSet,37,27,0,0,6,7,3,6,3,6
Apache Commons Collections,org.apache.commons.collections4.set,TransformedNavigableSet,90,39,4,0,16,9,9,8,7,8
Apache Commons Collections,org.apache.commons.collections4.iterators,EnumerationIterator,35,29,4,0,11,10,6,4,4,4
Apache Commons Collections,org.apache.commons.collections4.iterators,IteratorChain,20,167,2,16,5,46,4,19,2,12
Apache Commons Collections,org.apache.commons.collections4.iterators,EmptyMapIterator,0,10,0,0,0,4,0,3,0,3
Apache Commons Collections,org.apache.commons.collections4.iterators,SingletonIterator,0,71,0,14,0,21,0,13,0,6
Apache Commons Collections,org.apache.commons.collections4.iterators,ObjectArrayIterator,6,102,0,12,2,26,2,14,2,8
Apache Commons Collections,org.apache.commons.collections4.iterators,FilterIterator,14,92,1,13,5,31,4,14,3,8
Apache Commons Collections,org.apache.commons.collections4.iterators,SkippingIterator,0,60,0,8,0,17,0,8,0,4
Apache Commons Collections,org.apache.commons.collections4.iterators,IteratorIterable,0,44,1,5,0,12,1,6,0,4
Apache Commons Collections,org.apache.commons.collections4.iterators,ReverseListIterator,5,101,1,5,1,30,1,13,0,11
Apache Commons Collections,org.apache.commons.collections4.iterators,AbstractListIteratorDecorator,0,50,0,0,0,16,0,11,0,11
Apache Commons Collections,org.apache.commons.collections4.iterators,EmptyIterator,0,14,0,0,0,6,0,4,0,4
Apache Commons Collections,org.apache.commons.collections4.iterators,AbstractUntypedIteratorDecorator,0,20,0,0,0,7,0,4,0,4
Apache Commons Collections,org.apache.commons.collections4.iterators,TransformIterator,23,28,0,0,11,9,6,5,6,5
Apache Commons Collections,org.apache.commons.collections4.iterators,ArrayListIterator,5,113,0,8,1,25,1,14,1,10
Apache Commons Collections,org.apache.commons.collections4.iterators,UnmodifiableOrderedMapIterator,0,56,0,2,0,16,0,11,0,10
Apache Commons Collections,org.apache.commons.collections4.iterators,LoopingIterator,0,52,0,6,0,15,0,9,0,6
Apache Commons Collections,org.apache.commons.collections4.iterators,EmptyOrderedMapIterator,0,10,0,0,0,4,0,3,0,3
Apache Commons Collections,org.apache.commons.collections4.iterators,NodeListIterator,0,63,2,6,0,12,2,7,0,5
Apache Commons Collections,org.apache.commons.collections4.iterators,AbstractEmptyMapIterator,0,18,0,0,0,5,0,4,0,4
Apache Commons Collections,org.apache.commons.collections4.iterators,AbstractIteratorDecorator,0,8,0,0,0,3,0,2,0,2
Apache Commons Collections,org.apache.commons.collections4.iterators,ObjectGraphIterator,0,189,0,30,0,55,0,23,0,8
Apache Commons Collections,org.apache.commons.collections4.iterators,UnmodifiableIterator,0,35,0,2,0,11,0,6,0,5
Apache Commons Collections,org.apache.commons.collections4.iterators,IteratorIterable.new Iterator() {...},4,14,0,0,2,3,1,3,1,3
Apache Commons Collections,org.apache.commons.collections4.iterators,LazyIteratorChain,0,87,0,12,0,24,0,11,0,5
Apache Commons Collections,org.apache.commons.collections4.iterators,AbstractMapIteratorDecorator,37,0,0,0,11,0,8,0,8,0
Apache Commons Collections,org.apache.commons.collections4.iterators,AbstractOrderedMapIteratorDecorator,45,0,0,0,13,0,10,0,10,0
Apache Commons Collections,org.apache.commons.collections4.iterators,UnmodifiableListIterator,3,61,0,2,1,17,1,12,1,11
Apache Commons Collections,org.apache.commons.collections4.iterators,LoopingListIterator,16,133,3,19,4,37,4,20,1,12
Apache Commons Collections,org.apache.commons.collections4.iterators,BoundedIterator,0,118,0,16,0,30,0,14,0,6
Apache Commons Collections,org.apache.commons.collections4.iterators,PeekingIterator,7,121,2,22,3,33,2,18,0,8
Apache Commons Collections,org.apache.commons.collections4.iterators,SingletonListIterator,0,121,2,26,0,30,2,23,0,11
Apache Commons Collections,org.apache.commons.collections4.iterators,UnmodifiableMapIterator,0,48,0,2,0,14,0,9,0,8
Apache Commons Collections,org.apache.commons.collections4.iterators,EmptyListIterator,2,12,0,0,1,5,1,3,1,3
Apache Commons Collections,org.apache.commons.collections4.iterators,FilterListIterator,50,173,6,30,18,55,15,24,9,12
Apache Commons Collections,org.apache.commons.collections4.iterators,CollatingIterator,31,349,3,39,8,90,5,38,2,20
Apache Commons Collections,org.apache.commons.collections4.iterators,ZippingIterator,0,130,0,12,0,32,0,12,0,6
Apache Commons Collections,org.apache.commons.collections4.iterators,UniqueFilterIterator,0,5,0,0,0,2,0,1,0,1
Apache Commons Collections,org.apache.commons.collections4.iterators,PermutationIterator,0,259,0,32,0,44,0,20,0,4
Apache Commons Collections,org.apache.commons.collections4.iterators,PushbackIterator,5,56,2,6,2,12,2,8,0,6
Apache Commons Collections,org.apache.commons.collections4.iterators,IteratorEnumeration,7,17,0,0,4,6,2,4,2,4
Apache Commons Collections,org.apache.commons.collections4.iterators,EntrySetMapIterator,118,0,10,0,30,0,14,0,9,0
Apache Commons Collections,org.apache.commons.collections4.iterators,EmptyOrderedIterator,0,10,0,0,0,4,0,3,0,3
Apache Commons Collections,org.apache.commons.collections4.iterators,ArrayIterator,9,119,0,10,3,27,3,13,3,8
Apache Commons Collections,org.apache.commons.collections4.iterators,AbstractEmptyIterator,0,37,0,0,0,12,0,11,0,11
Apache Commons Collections,org.apache.commons.collections4.iterators,ListIteratorWrapper,36,248,7,31,10,58,7,23,2,9
Apache Commons Collections,org.apache.commons.collections4.iterators,ObjectArrayListIterator,6,112,0,8,3,23,1,14,1,10
Apache Commons Collections,org.apache.commons.collections4,Factory,0,3,0,0,0,1,0,1,0,1
Apache Commons Collections,org.apache.commons.collections4,PredicateUtils,12,98,0,0,5,26,5,24,5,24
Apache Commons Collections,org.apache.commons.collections4,IterableUtils.3.new LazyIteratorChain() {...},0,23,0,2,0,4,0,3,0,2
Apache Commons Collections,org.apache.commons.collections4,FunctorException,8,8,0,0,4,4,2,2,2,2
Apache Commons Collections,org.apache.commons.collections4,EnumerationUtils,0,61,0,6,0,14,0,7,0,4
Apache Commons Collections,org.apache.commons.collections4,BagUtils,8,39,0,0,3,11,3,9,3,9
Apache Commons Collections,org.apache.commons.collections4,Closure,0,4,0,0,0,2,0,1,0,1
Apache Commons Collections,org.apache.commons.collections4,ListUtils.LcsVisitor,0,19,0,0,0,8,0,5,0,5
Apache Commons Collections,org.apache.commons.collections4,SetUtils,37,179,1,21,11,43,12,25,11,15
Apache Commons Collections,org.apache.commons.collections4,ComparatorUtils,8,102,3,13,2,25,4,15,1,10
Apache Commons Collections,org.apache.commons.collections4,IterableUtils.UnmodifiableIterable,0,11,0,0,0,4,0,2,0,2
Apache Commons Collections,org.apache.commons.collections4,FluentIterable,0,187,0,2,0,44,0,35,0,34
Apache Commons Collections,org.apache.commons.collections4,SetUtils.new SetUtils.SetView() {...},13,41,5,3,1,4,4,5,1,4
Apache Commons Collections,org.apache.commons.collections4,SetUtils.new SetUtils.SetView() {...},0,33,0,4,0,3,0,5,0,3
Apache Commons Collections,org.apache.commons.collections4,SetUtils.new SetUtils.SetView() {...},12,41,4,0,1,4,3,4,1,4
Apache Commons Collections,org.apache.commons.collections4,SetUtils.new SetUtils.SetView() {...},0,33,0,4,0,3,0,5,0,3
Apache Commons Collections,org.apache.commons.collections4,CollectionUtils.SetOperationCardinalityHelper,0,48,0,2,0,11,0,5,0,4
Apache Commons Collections,org.apache.commons.collections4,IterableUtils.7.new LazyIteratorChain() {...},0,18,0,2,0,4,0,3,0,2
Apache Commons Collections,org.apache.commons.collections4,IteratorUtils,29,741,10,72,8,178,8,103,0,70
Apache Commons Collections,org.apache.commons.collections4,SetUtils.SetView,16,11,0,0,5,3,2,3,2,3
Apache Commons Collections,org.apache.commons.collections4,ClosureUtils,0,109,0,2,0,27,0,17,0,16
Apache Commons Collections,org.apache.commons.collections4,ArrayUtils,3,54,2,14,1,13,2,9,0,3
Apache Commons Collections,org.apache.commons.collections4,Transformer,0,4,0,0,0,1,0,1,0,1
Apache Commons Collections,org.apache.commons.collections4,SplitMapUtils,3,36,1,5,1,8,1,4,0,2
Apache Commons Collections,org.apache.commons.collections4,IterableUtils.new FluentIterable() {...},0,13,0,0,0,2,0,2,0,2
Apache Commons Collections,org.apache.commons.collections4,IterableUtils.new FluentIterable() {...},0,17,0,0,0,2,0,2,0,2
Apache Commons Collections,org.apache.commons.collections4,IterableUtils.new FluentIterable() {...},0,44,0,2,0,6,0,3,0,2
Apache Commons Collections,org.apache.commons.collections4,IterableUtils.new FluentIterable() {...},0,16,0,0,0,2,0,2,0,2
Apache Commons Collections,org.apache.commons.collections4,IterableUtils.new FluentIterable() {...},0,11,0,0,0,2,0,2,0,2
Apache Commons Collections,org.apache.commons.collections4,IterableUtils.new FluentIterable() {...},0,16,0,0,0,2,0,2,0,2
Apache Commons Collections,org.apache.commons.collections4,IterableUtils.new FluentIterable() {...},0,18,0,0,0,2,0,2,0,2
Apache Commons Collections,org.apache.commons.collections4,IterableUtils.new FluentIterable() {...},0,22,0,0,0,2,0,2,0,2
Apache Commons Collections,org.apache.commons.collections4,CollectionUtils,37,1764,20,258,7,418,20,193,0,74
Apache Commons Collections,org.apache.commons.collections4,IterableUtils.new FluentIterable() {...},0,11,0,0,0,2,0,2,0,2
Apache Commons Collections,org.apache.commons.collections4,IterableUtils.new FluentIterable() {...},0,16,0,0,0,2,0,2,0,2
Apache Commons Collections,org.apache.commons.collections4,IterableUtils.new FluentIterable() {...},0,5,0,0,0,2,0,2,0,2
Apache Commons Collections,org.apache.commons.collections4,MultiMapUtils,29,77,4,16,8,22,8,14,4,8
Apache Commons Collections,org.apache.commons.collections4,TrieUtils,0,3,0,0,0,1,0,1,0,1
Apache Commons Collections,org.apache.commons.collections4,IterableUtils,43,515,0,44,5,115,4,62,4,40
Apache Commons Collections,org.apache.commons.collections4,ArrayStack,23,70,6,10,6,24,6,10,2,6
Apache Commons Collections,org.apache.commons.collections4,FactoryUtils,0,21,0,0,0,6,0,6,0,6
Apache Commons Collections,org.apache.commons.collections4,MapUtils,38,1192,8,142,9,244,16,153,8,86
Apache Commons Collections,org.apache.commons.collections4,CollectionUtils.EquatorWrapper,2,32,1,1,1,9,1,4,0,4
Apache Commons Collections,org.apache.commons.collections4,IterableUtils.new FluentIterable() {...},0,16,0,0,0,2,0,2,0,2
Apache Commons Collections,org.apache.commons.collections4,IterableUtils.new FluentIterable() {...},4,20,1,1,0,4,1,2,0,2
Apache Commons Collections,org.apache.commons.collections4,ListUtils,42,395,5,53,9,90,10,45,5,21
Apache Commons Collections,org.apache.commons.collections4,Predicate,0,4,0,0,0,1,0,1,0,1
Apache Commons Collections,org.apache.commons.collections4,QueueUtils,0,22,0,0,0,6,0,6,0,6
Apache Commons Collections,org.apache.commons.collections4,ListUtils.Partition,34,48,2,2,3,11,3,3,1,3
Apache Commons Collections,org.apache.commons.collections4,MultiSetUtils,0,18,0,0,0,6,0,5,0,5
Apache Commons Collections,org.apache.commons.collections4,ListUtils.CharSequenceAsList,0,16,0,0,0,5,0,3,0,3
Apache Commons Collections,org.apache.commons.collections4,MapUtils.new AbstractMapDecorator() {...},0,4,0,0,0,1,0,1,0,1
Apache Commons Collections,org.apache.commons.collections4,MapUtils.new AbstractSortedMapDecorator() {...},0,4,0,0,0,1,0,1,0,1
Apache Commons Collections,org.apache.commons.collections4,SplitMapUtils.WrappedGet,30,79,4,4,6,17,8,12,4,12
Apache Commons Collections,org.apache.commons.collections4,TransformerUtils,0,134,0,2,0,33,0,24,0,23
Apache Commons Collections,org.apache.commons.collections4,CollectionUtils.CardinalityHelper,0,51,0,2,0,12,0,7,0,6
Apache Commons Collections,org.apache.commons.collections4,SplitMapUtils.WrappedPut,3,82,3,3,1,20,3,15,0,15
Apache Commons Collections,org.apache.commons.collections4.bloomfilter,LayeredBloomFilter.Finder,0,47,0,2,0,9,0,4,0,3
Apache Commons Collections,org.apache.commons.collections4.bloomfilter,EnhancedDoubleHasher.new IndexExtractor() {...},4,152,2,20,2,32,2,13,0,4
Apache Commons Collections,org.apache.commons.collections4.bloomfilter,BitMapExtractor,0,60,0,4,0,12,0,7,0,5
Apache Commons Collections,org.apache.commons.collections4.bloomfilter,SimpleBloomFilter,0,330,0,26,0,68,0,34,0,21
Apache Commons Collections,org.apache.commons.collections4.bloomfilter,EnhancedDoubleHasher,0,87,0,4,0,22,0,8,0,6
Apache Commons Collections,org.apache.commons.collections4.bloomfilter,SparseBloomFilter,0,296,0,26,0,70,0,31,0,18
Apache Commons Collections,org.apache.commons.collections4.bloomfilter,BloomFilterExtractor.new BloomFilterExtractor() {...},0,54,0,8,0,8,0,8,0,4
Apache Commons Collections,org.apache.commons.collections4.bloomfilter,LayerManager.Cleanup,8,36,1,7,1,12,3,9,2,6
Apache Commons Collections,org.apache.commons.collections4.bloomfilter,IndexFilter.ArrayTracker,0,51,0,6,0,10,0,5,0,2
Apache Commons Collections,org.apache.commons.collections4.bloomfilter,Shape,0,409,0,28,0,74,0,36,0,22
Apache Commons Collections,org.apache.commons.collections4.bloomfilter,CellExtractor,0,16,0,0,0,3,0,4,0,4
Apache Commons Collections,org.apache.commons.collections4.bloomfilter,WrappedBloomFilter,0,107,0,0,0,26,0,23,0,23
Apache Commons Collections,org.apache.commons.collections4.bloomfilter,LayerManager.ExtendCheck,0,53,0,8,0,10,0,11,0,7
Apache Commons Collections,org.apache.commons.collections4.bloomfilter,CountingLongPredicate,0,61,0,8,0,11,0,7,0,3
Apache Commons Collections,org.apache.commons.collections4.bloomfilter,IndexUtils,0,22,0,2,0,3,0,2,0,1
Apache Commons Collections,org.apache.commons.collections4.bloomfilter,IndexExtractor.new IndexExtractor() {...},0,36,0,4,0,6,0,5,0,3
Apache Commons Collections,org.apache.commons.collections4.bloomfilter,IndexExtractor.new LongPredicate() {...},0,40,0,6,0,9,0,5,0,2
Apache Commons Collections,org.apache.commons.collections4.bloomfilter,IndexExtractor.new IndexExtractor() {...},0,34,0,4,0,6,0,5,0,3
Apache Commons Collections,org.apache.commons.collections4.bloomfilter,CellExtractor.1.CounterCell,0,18,0,0,0,5,0,2,0,2
Apache Commons Collections,org.apache.commons.collections4.bloomfilter,LayerManager.Builder,0,51,0,0,0,14,0,5,0,5
Apache Commons Collections,org.apache.commons.collections4.bloomfilter,BitMapExtractor.new Object() {...},0,53,0,4,0,7,0,5,0,3
Apache Commons Collections,org.apache.commons.collections4.bloomfilter,IndexExtractor.new Object() {...},0,45,0,2,0,6,0,4,0,3
Apache Commons Collections,org.apache.commons.collections4.bloomfilter,BitMaps,0,69,0,4,0,9,0,8,0,6
Apache Commons Collections,org.apache.commons.collections4.bloomfilter,CountingPredicate,0,61,0,8,0,11,0,7,0,3
Apache Commons Collections,org.apache.commons.collections4.bloomfilter,CountingBloomFilter,0,167,0,6,0,32,0,17,0,14
Apache Commons Collections,org.apache.commons.collections4.bloomfilter,BitMapExtractor.new BitMapExtractor() {...},0,56,0,8,0,8,0,8,0,4
Apache Commons Collections,org.apache.commons.collections4.bloomfilter,IndexFilter,0,81,0,6,0,13,0,6,0,3
Apache Commons Collections,org.apache.commons.collections4.bloomfilter,ArrayCountingBloomFilter,0,381,0,36,0,73,0,42,0,24
Apache Commons Collections,org.apache.commons.collections4.bloomfilter,IndexExtractor,0,61,0,0,0,13,0,6,0,6
Apache Commons Collections,org.apache.commons.collections4.bloomfilter,IndexFilter.BitMapTracker,0,24,0,2,0,6,0,3,0,2
Apache Commons Collections,org.apache.commons.collections4.bloomfilter,BloomFilter,0,229,0,30,0,40,0,28,0,13
Apache Commons Collections,org.apache.commons.collections4.bloomfilter,SetOperations,0,177,0,6,0,27,0,20,0,17
Apache Commons Collections,org.apache.commons.collections4.bloomfilter,BloomFilterExtractor,0,81,0,6,0,13,0,9,0,6
Apache Commons Collections,org.apache.commons.collections4.bloomfilter,CellExtractor.new CellExtractor() {...},0,91,0,8,0,19,0,10,0,6
Apache Commons Collections,org.apache.commons.collections4.bloomfilter,LayerManager,5,168,0,18,1,42,1,21,1,12
Apache Commons Collections,org.apache.commons.collections4.bloomfilter,LayeredBloomFilter,0,282,0,6,0,61,0,38,0,35
Apache Commons Collections,org.apache.commons.collections4.bloomfilter,LayerManager.ExtendCheck.new Predicate() {...},0,23,0,2,0,5,0,3,0,2
Apache Commons Collections,org.apache.commons.collections4.multiset,AbstractMapMultiSet.MutableInteger,18,6,4,0,4,3,4,1,2,1
Apache Commons Collections,org.apache.commons.collections4.multiset,AbstractMapMultiSet.UniqueSetIterator,47,0,2,0,14,0,4,0,3,0
Apache Commons Collections,org.apache.commons.collections4.multiset,SynchronizedMultiSet.SynchronizedSet,0,5,0,0,0,2,0,1,0,1
Apache Commons Collections,org.apache.commons.collections4.multiset,AbstractMultiSet.EntrySet,57,14,10,0,15,5,7,3,2,3
Apache Commons Collections,org.apache.commons.collections4.multiset,AbstractMultiSetDecorator,29,29,0,4,7,6,6,7,6,5
Apache Commons Collections,org.apache.commons.collections4.multiset,AbstractMultiSet.AbstractEntry,40,19,8,0,9,2,6,2,2,2
Apache Commons Collections,org.apache.commons.collections4.multiset,HashMultiSet,0,30,0,0,0,12,0,4,0,4
Apache Commons Collections,org.apache.commons.collections4.multiset,SynchronizedMultiSet,36,97,0,2,7,19,3,10,3,9
Apache Commons Collections,org.apache.commons.collections4.multiset,AbstractMapMultiSet.MapBasedMultiSetIterator,4,112,1,13,1,26,1,10,0,4
Apache Commons Collections,org.apache.commons.collections4.multiset,AbstractMapMultiSet,26,416,5,43,5,100,7,38,2,19
Apache Commons Collections,org.apache.commons.collections4.multiset,AbstractMultiSet.UniqueSet,30,11,2,0,6,4,6,2,5,2
Apache Commons Collections,org.apache.commons.collections4.multiset,AbstractMapMultiSet.MultiSetEntry,0,16,0,0,0,5,0,3,0,3
Apache Commons Collections,org.apache.commons.collections4.multiset,AbstractMultiSet.MultiSetIterator,29,55,4,6,8,13,3,6,1,3
Apache Commons Collections,org.apache.commons.collections4.multiset,PredicatedMultiSet,9,59,0,4,2,12,1,12,1,10
Apache Commons Collections,org.apache.commons.collections4.multiset,AbstractMapMultiSet.EntrySetIterator,18,28,2,0,6,8,2,3,1,3
Apache Commons Collections,org.apache.commons.collections4.multiset,AbstractMultiSet,211,91,28,14,53,21,26,17,12,10
Apache Commons Collections,org.apache.commons.collections4.multiset,UnmodifiableMultiSet,7,83,0,2,2,25,1,17,1,16
Apache Commons Collections,org.apache.commons.collections4.queue,SynchronizedQueue,5,97,0,2,2,20,1,11,1,10
Apache Commons Collections,org.apache.commons.collections4.queue,AbstractQueueDecorator,20,12,0,0,6,4,5,3,5,3
Apache Commons Collections,org.apache.commons.collections4.queue,TransformedQueue,0,78,1,3,0,16,1,10,0,9
Apache Commons Collections,org.apache.commons.collections4.queue,CircularFifoQueue.new Iterator() {...},0,192,0,18,0,32,0,13,0,4
Apache Commons Collections,org.apache.commons.collections4.queue,CircularFifoQueue,0,351,1,45,0,88,1,43,0,21
Apache Commons Collections,org.apache.commons.collections4.queue,PredicatedQueue,0,39,0,0,0,10,0,8,0,8
Apache Commons Collections,org.apache.commons.collections4.queue,UnmodifiableQueue,0,76,0,2,0,23,0,16,0,15
