GROUP,PACKAGE,CLASS,INSTRUCTION_MISSED,INSTRUCTION_COVERED,BRANCH_MISSED,BRANCH_COVERED,LINE_MISSED,LINE_COVERED,COMPLEXITY_MISSED,COMPLEXITY_COVERED,METHOD_MISSED,METHOD_COVERED
Apache Commons Configuration,org.apache.commons.configuration2.beanutils,ConfigurationDynaClass,49,127,4,26,6,41,6,15,2,4
Apache Commons Configuration,org.apache.commons.configuration2.beanutils,DefaultBeanFactory,5,251,1,25,0,59,1,28,0,16
Apache Commons Configuration,org.apache.commons.configuration2.beanutils,BeanHelper.BeanCreationContextImpl,5,30,0,0,1,11,1,5,1,5
Apache Commons Configuration,org.apache.commons.configuration2.beanutils,XMLBeanDeclaration.NodeData,0,78,0,0,0,12,0,10,0,10
Apache Commons Configuration,org.apache.commons.configuration2.beanutils,XMLBeanDeclaration,46,295,8,22,11,63,7,36,0,28
Apache Commons Configuration,org.apache.commons.configuration2.beanutils,ConstructorArg,3,112,1,11,0,25,1,16,0,11
Apache Commons Configuration,org.apache.commons.configuration2.beanutils,CombinedBeanDeclaration,0,86,0,6,0,18,0,12,0,9
Apache Commons Configuration,org.apache.commons.configuration2.beanutils,BeanHelper,89,357,9,33,18,90,7,42,1,27
Apache Commons Configuration,org.apache.commons.configuration2.beanutils,ConfigurationDynaBean,89,278,10,32,8,56,9,25,0,13
Apache Commons Configuration,org.apache.commons.configuration2,DynamicCombinedConfiguration,366,428,10,22,72,116,61,41,52,34
Apache Commons Configuration,org.apache.commons.configuration2,ConfigurationLookup,0,21,0,2,0,7,0,4,0,3
Apache Commons Configuration,org.apache.commons.configuration2,ConfigurationMap.ConfigurationSet.ConfigurationSetIterator,0,29,0,0,0,7,0,4,0,4
Apache Commons Configuration,org.apache.commons.configuration2,ImmutableConfigurationInvocationHandler,0,31,0,2,0,9,0,4,0,3
Apache Commons Configuration,org.apache.commons.configuration2,PropertiesConfigurationLayout.PropertyLayoutData,20,77,1,7,6,26,3,14,2,11
Apache Commons Configuration,org.apache.commons.configuration2,StrictConfigurationComparator,0,63,0,16,0,19,0,10,0,2
Apache Commons Configuration,org.apache.commons.configuration2,XMLConfiguration.XMLBuilderVisitor,18,346,6,40,3,85,6,31,0,14
Apache Commons Configuration,org.apache.commons.configuration2,PropertiesConfiguration.JupIOFactory,0,23,0,0,0,7,0,4,0,4
Apache Commons Configuration,org.apache.commons.configuration2,PropertiesConfiguration.JupPropertiesWriter,0,99,0,4,0,19,0,5,0,3
Apache Commons Configuration,org.apache.commons.configuration2,XMLPropertiesConfiguration.XMLPropertiesHandler,0,71,0,8,0,18,0,8,0,4
Apache Commons Configuration,org.apache.commons.configuration2,INIConfiguration,15,857,4,128,3,206,5,99,1,37
Apache Commons Configuration,org.apache.commons.configuration2,AbstractYAMLBasedConfiguration,6,176,1,11,1,35,1,17,0,12
Apache Commons Configuration,org.apache.commons.configuration2,DatabaseConfiguration.new DatabaseConfiguration.AbstractJdbcOperation() {...},0,50,0,0,0,4,0,2,0,2
Apache Commons Configuration,org.apache.commons.configuration2,DatabaseConfiguration.new DatabaseConfiguration.AbstractJdbcOperation() {...},0,49,0,0,0,3,0,2,0,2
Apache Commons Configuration,org.apache.commons.configuration2,DatabaseConfiguration.new DatabaseConfiguration.AbstractJdbcOperation() {...},0,49,0,0,0,3,0,2,0,2
Apache Commons Configuration,org.apache.commons.configuration2,DatabaseConfiguration.new DatabaseConfiguration.AbstractJdbcOperation() {...},0,54,0,2,0,5,0,3,0,2
Apache Commons Configuration,org.apache.commons.configuration2,DatabaseConfiguration.new DatabaseConfiguration.AbstractJdbcOperation() {...},0,110,0,6,0,16,0,5,0,2
Apache Commons Configuration,org.apache.commons.configuration2,DatabaseConfiguration.new DatabaseConfiguration.AbstractJdbcOperation() {...},0,34,0,0,0,4,0,2,0,2
Apache Commons Configuration,org.apache.commons.configuration2,BaseHierarchicalConfiguration.BuilderVisitor,0,118,1,19,0,32,1,13,0,4
Apache Commons Configuration,org.apache.commons.configuration2,SubsetConfiguration.SubsetIterator,0,25,0,0,0,7,0,4,0,4
Apache Commons Configuration,org.apache.commons.configuration2,ConfigurationUtils,40,358,1,29,9,88,4,38,3,24
Apache Commons Configuration,org.apache.commons.configuration2,DatabaseConfiguration.new DatabaseConfiguration.AbstractJdbcOperation() {...},0,80,0,6,0,8,0,5,0,2
Apache Commons Configuration,org.apache.commons.configuration2,DatabaseConfiguration.new DatabaseConfiguration.AbstractJdbcOperation() {...},1,40,1,1,0,3,1,2,0,2
Apache Commons Configuration,org.apache.commons.configuration2,ConfigurationConverter,0,76,0,6,0,23,0,8,0,5
Apache Commons Configuration,org.apache.commons.configuration2,AbstractHierarchicalConfiguration.DefinedKeysVisitor,0,91,0,4,0,19,0,9,0,7
Apache Commons Configuration,org.apache.commons.configuration2,EnvironmentConfiguration,0,22,0,0,0,5,0,4,0,4
Apache Commons Configuration,org.apache.commons.configuration2,DataConfiguration.DataConversionHandler,1,34,1,5,0,7,1,4,0,2
Apache Commons Configuration,org.apache.commons.configuration2,PropertiesConfiguration.DefaultIOFactory,0,19,0,0,0,4,0,4,0,4
Apache Commons Configuration,org.apache.commons.configuration2,HierarchicalConfigurationXMLReader.SAXVisitor,6,81,3,5,0,18,3,8,0,7
Apache Commons Configuration,org.apache.commons.configuration2,XMLDocumentHelper,0,192,0,4,0,52,0,20,0,18
Apache Commons Configuration,org.apache.commons.configuration2,XMLListReference,0,136,1,17,0,34,1,16,0,8
Apache Commons Configuration,org.apache.commons.configuration2,ConfigurationUtils.new EventSource() {...},0,6,0,0,0,3,0,3,0,3
Apache Commons Configuration,org.apache.commons.configuration2,HierarchicalConfigurationXMLReader,0,35,0,0,0,12,0,6,0,6
Apache Commons Configuration,org.apache.commons.configuration2,PropertiesConfiguration.PropertiesWriter,11,226,1,21,2,59,2,27,1,17
Apache Commons Configuration,org.apache.commons.configuration2,PropertiesConfigurationLayout,22,665,4,86,7,153,6,80,2,39
Apache Commons Configuration,org.apache.commons.configuration2,BaseConfigurationXMLReader.SAXConverter,0,24,0,2,0,7,0,4,0,3
Apache Commons Configuration,org.apache.commons.configuration2,XMLPropertiesConfiguration,73,312,10,20,11,82,14,19,4,14
Apache Commons Configuration,org.apache.commons.configuration2,SubsetConfiguration,25,220,3,17,4,44,4,27,1,20
Apache Commons Configuration,org.apache.commons.configuration2,DynamicCombinedConfiguration.new ConfigurationInterpolator() {...},0,15,0,0,0,2,0,2,0,2
Apache Commons Configuration,org.apache.commons.configuration2,AbstractHierarchicalConfiguration,21,549,1,37,3,120,2,58,1,40
Apache Commons Configuration,org.apache.commons.configuration2,PatternSubtreeConfigurationWrapper,434,85,11,5,74,17,66,6,58,6
Apache Commons Configuration,org.apache.commons.configuration2,ConfigurationMap,0,39,0,0,0,10,0,5,0,5
Apache Commons Configuration,org.apache.commons.configuration2,AbstractConfiguration,86,1423,17,101,8,325,16,161,1,116
Apache Commons Configuration,org.apache.commons.configuration2,DynamicCombinedConfiguration.ConfigData,0,21,0,0,0,8,0,4,0,4
Apache Commons Configuration,org.apache.commons.configuration2,BaseConfiguration,6,131,0,6,2,36,0,16,0,13
Apache Commons Configuration,org.apache.commons.configuration2,ImmutableConfiguration,2,74,0,10,1,20,1,10,1,5
Apache Commons Configuration,org.apache.commons.configuration2,CombinedConfiguration,45,621,6,54,6,175,6,64,0,40
Apache Commons Configuration,org.apache.commons.configuration2,DynamicCombinedConfiguration.CurrentConfigHolder,0,35,0,2,0,10,0,7,0,6
Apache Commons Configuration,org.apache.commons.configuration2,DataConfiguration,27,739,2,10,4,126,5,107,3,103
Apache Commons Configuration,org.apache.commons.configuration2,INIConfiguration.Builder,0,15,0,0,0,4,0,3,0,3
Apache Commons Configuration,org.apache.commons.configuration2,PropertiesConfiguration,43,574,12,71,12,152,13,64,1,33
Apache Commons Configuration,org.apache.commons.configuration2,PropertiesConfiguration.PropertiesReader,0,210,1,13,0,55,1,22,0,16
Apache Commons Configuration,org.apache.commons.configuration2,JSONConfiguration,17,59,0,0,7,11,1,4,1,4
Apache Commons Configuration,org.apache.commons.configuration2,SubnodeConfiguration,0,99,0,6,0,24,0,14,0,11
Apache Commons Configuration,org.apache.commons.configuration2,YAMLConfiguration,46,75,0,0,20,20,2,7,2,7
Apache Commons Configuration,org.apache.commons.configuration2,BaseHierarchicalConfiguration.new BaseHierarchicalConfiguration() {...},5,13,0,0,1,2,1,2,1,2
Apache Commons Configuration,org.apache.commons.configuration2,PrefixedKeysIterator,9,85,3,13,2,22,3,11,0,6
Apache Commons Configuration,org.apache.commons.configuration2,ConfigurationMap.ConfigurationSet.Entry,13,20,0,0,3,5,1,3,1,3
Apache Commons Configuration,org.apache.commons.configuration2,SystemConfiguration,18,64,1,5,3,19,2,7,1,5
Apache Commons Configuration,org.apache.commons.configuration2,INIConfiguration.GlobalSectionNodeModel.new NodeHandlerDecorator() {...},5,88,1,5,0,16,1,11,0,9
Apache Commons Configuration,org.apache.commons.configuration2,DatabaseConfiguration,36,237,1,21,12,65,7,32,6,22
Apache Commons Configuration,org.apache.commons.configuration2,BaseConfigurationXMLReader,0,36,0,0,0,13,0,6,0,6
Apache Commons Configuration,org.apache.commons.configuration2,MapConfiguration,29,155,1,13,3,39,2,21,1,15
Apache Commons Configuration,org.apache.commons.configuration2,HierarchicalConfigurationConverter,1,176,2,14,1,43,2,13,0,7
Apache Commons Configuration,org.apache.commons.configuration2,BaseHierarchicalConfiguration,4,485,1,23,1,106,1,45,0,34
Apache Commons Configuration,org.apache.commons.configuration2,ConfigurationXMLReader,24,110,1,13,14,41,10,20,9,14
Apache Commons Configuration,org.apache.commons.configuration2,DatabaseConfiguration.AbstractJdbcOperation,3,152,1,13,1,32,1,12,0,6
Apache Commons Configuration,org.apache.commons.configuration2,XMLConfiguration,18,894,1,105,3,219,1,90,0,38
Apache Commons Configuration,org.apache.commons.configuration2,CompositeConfiguration,27,521,4,46,6,128,6,55,2,34
Apache Commons Configuration,org.apache.commons.configuration2,ConfigurationMap.ConfigurationSet,0,28,0,2,0,9,0,4,0,3
Apache Commons Configuration,org.apache.commons.configuration2,AbstractHierarchicalConfiguration.DefinedVisitor,0,21,0,4,0,4,0,5,0,3
Apache Commons Configuration,org.apache.commons.configuration2,XMLConfiguration.new DefaultHandler() {...},0,8,0,0,0,2,0,2,0,2
Apache Commons Configuration,org.apache.commons.configuration2,PropertiesConfiguration.JupPropertiesReader,1,102,2,14,1,29,2,10,0,4
Apache Commons Configuration,org.apache.commons.configuration2,CombinedConfiguration.ConfigData,0,161,0,8,0,39,0,14,0,10
Apache Commons Configuration,org.apache.commons.configuration2,ImmutableConfigurationInvocationHandler.ImmutableIterator,0,19,0,0,0,6,0,4,0,4
Apache Commons Configuration,org.apache.commons.configuration2,JNDIConfiguration,21,365,4,34,4,105,8,31,4,16
Apache Commons Configuration,org.apache.commons.configuration2,INIConfiguration.GlobalSectionNodeModel,0,11,0,0,0,3,0,2,0,2
Apache Commons Configuration,org.apache.commons.configuration2,BaseHierarchicalConfiguration.InterpolatedVisitor,28,174,4,10,5,37,3,17,0,13
Apache Commons Configuration,org.apache.commons.configuration2,FindNodeVisitor,0,25,0,2,0,10,0,6,0,5
Apache Commons Configuration,org.apache.commons.configuration2.event,EventListenerRegistrationData,14,55,1,11,3,15,2,9,1,4
Apache Commons Configuration,org.apache.commons.configuration2.event,BaseEventSource,0,199,0,16,0,48,0,25,0,17
Apache Commons Configuration,org.apache.commons.configuration2.event,ConfigurationErrorEvent,0,48,0,0,0,13,0,6,0,6
Apache Commons Configuration,org.apache.commons.configuration2.event,EventType,0,64,0,6,0,19,0,9,0,6
Apache Commons Configuration,org.apache.commons.configuration2.event,EventListenerList,0,151,0,16,0,37,0,23,0,15
Apache Commons Configuration,org.apache.commons.configuration2.event,ConfigurationEvent,0,78,0,0,0,17,0,5,0,5
Apache Commons Configuration,org.apache.commons.configuration2.event,Event,0,75,0,2,0,16,0,6,0,5
Apache Commons Configuration,org.apache.commons.configuration2.event,EventListenerList.EventListenerIterator,0,109,0,14,0,30,0,16,0,9
Apache Commons Configuration,org.apache.commons.configuration2.convert,DefaultConversionHandler.new ConfigurationInterpolator() {...},0,5,0,0,0,2,0,2,0,2
Apache Commons Configuration,org.apache.commons.configuration2.convert,DefaultConversionHandler,0,314,0,46,0,61,0,44,0,21
Apache Commons Configuration,org.apache.commons.configuration2.convert,DisabledListDelimiterHandler,0,26,0,0,0,7,0,5,0,5
Apache Commons Configuration,org.apache.commons.configuration2.convert,DefaultListDelimiterHandler,0,169,0,26,0,43,0,18,0,5
Apache Commons Configuration,org.apache.commons.configuration2.convert,PropertyConverter,209,1145,31,153,28,211,32,87,1,26
Apache Commons Configuration,org.apache.commons.configuration2.convert,ListDelimiterHandler,0,14,0,0,0,2,0,3,0,3
Apache Commons Configuration,org.apache.commons.configuration2.convert,AbstractListDelimiterHandler,5,152,1,25,0,29,1,19,0,7
Apache Commons Configuration,org.apache.commons.configuration2.convert,LegacyListDelimiterHandler,4,241,5,33,2,60,6,22,1,8
Apache Commons Configuration,org.apache.commons.configuration2.ex,ConfigurationException,0,16,0,0,0,8,0,4,0,4
Apache Commons Configuration,org.apache.commons.configuration2.ex,ConversionException,3,13,0,0,2,6,1,3,1,3
Apache Commons Configuration,org.apache.commons.configuration2.ex,ConfigurationRuntimeException,0,22,0,0,0,10,0,5,0,5
Apache Commons Configuration,org.apache.commons.configuration2.tree.xpath,ConfigurationNodePointerFactory.NodeWrapper,0,15,0,0,0,6,0,3,0,3
Apache Commons Configuration,org.apache.commons.configuration2.tree.xpath,ConfigurationNodePointerFactory,18,28,2,2,4,7,2,5,1,4
Apache Commons Configuration,org.apache.commons.configuration2.tree.xpath,AbstractConfigurationNodeIterator,0,127,2,14,0,22,2,18,0,12
Apache Commons Configuration,org.apache.commons.configuration2.tree.xpath,XPathContextFactory,0,13,0,0,0,4,0,2,0,2
Apache Commons Configuration,org.apache.commons.configuration2.tree.xpath,ConfigurationNodeIteratorAttribute,0,97,0,10,0,19,0,11,0,6
Apache Commons Configuration,org.apache.commons.configuration2.tree.xpath,ConfigurationNodeIteratorChildren,0,188,0,26,0,45,0,22,0,9
Apache Commons Configuration,org.apache.commons.configuration2.tree.xpath,XPathExpressionEngine,23,445,1,55,8,101,1,45,0,18
Apache Commons Configuration,org.apache.commons.configuration2.tree.xpath,ConfigurationNodePointer,4,135,1,11,2,33,2,22,1,17
Apache Commons Configuration,org.apache.commons.configuration2.tree.xpath,ConfigurationAttributePointer,2,67,1,3,1,18,2,14,1,13
Apache Commons Configuration,org.apache.commons.configuration2.builder.combined,MultiFileConfigurationBuilderProvider.ReloadableWrapperBuilder,0,13,0,0,0,4,0,2,0,2
Apache Commons Configuration,org.apache.commons.configuration2.builder.combined,CombinedConfigurationBuilder.ConfigurationSourceData,14,257,1,17,1,56,1,23,0,15
Apache Commons Configuration,org.apache.commons.configuration2.builder.combined,MultiFileConfigurationBuilderProvider.WrapperBuilder,0,24,0,0,0,8,0,4,0,4
Apache Commons Configuration,org.apache.commons.configuration2.builder.combined,FileExtensionConfigurationBuilderProvider,1,88,1,13,1,21,1,12,0,6
Apache Commons Configuration,org.apache.commons.configuration2.builder.combined,ConfigurationDeclaration,4,87,0,14,2,19,2,15,2,8
Apache Commons Configuration,org.apache.commons.configuration2.builder.combined,CombinedConfigurationBuilder,23,971,9,61,4,219,9,75,0,49
Apache Commons Configuration,org.apache.commons.configuration2.builder.combined,MultiFileBuilderParametersImpl,0,72,0,4,0,19,0,12,0,10
Apache Commons Configuration,org.apache.commons.configuration2.builder.combined,MultiWrapDynaClass,6,58,0,0,1,14,1,8,1,8
Apache Commons Configuration,org.apache.commons.configuration2.builder.combined,ReloadingCombinedConfigurationBuilder,0,91,0,4,0,27,0,13,0,11
Apache Commons Configuration,org.apache.commons.configuration2.builder.combined,ReloadingMultiFileConfigurationBuilder,0,47,0,0,0,11,0,6,0,6
Apache Commons Configuration,org.apache.commons.configuration2.builder.combined,CombinedBuilderParametersImpl,6,219,0,18,1,62,1,34,1,25
Apache Commons Configuration,org.apache.commons.configuration2.builder.combined,MultiFileConfigurationBuilder,2,395,2,24,1,84,2,35,0,24
Apache Commons Configuration,org.apache.commons.configuration2.builder.combined,MultiFileConfigurationBuilderProvider,1,61,1,3,0,11,1,5,0,4
Apache Commons Configuration,org.apache.commons.configuration2.builder.combined,CombinedConfigurationBuilderProvider,0,65,0,2,0,14,0,5,0,4
Apache Commons Configuration,org.apache.commons.configuration2.builder.combined,MultiWrapDynaBean,0,142,0,6,0,31,0,16,0,13
Apache Commons Configuration,org.apache.commons.configuration2.builder.combined,ReloadingMultiFileConfigurationBuilder.new CombinedReloadingController() {...},0,22,0,0,0,2,0,3,0,3
Apache Commons Configuration,org.apache.commons.configuration2.builder.combined,BaseConfigurationBuilderProvider,6,237,0,16,2,52,0,26,0,18
Apache Commons Configuration,org.apache.commons.configuration2.builder,FileBasedConfigurationBuilder,0,272,1,39,0,77,1,38,0,19
Apache Commons Configuration,org.apache.commons.configuration2.builder,BuilderConfigurationWrapperFactory.EventSourceSupport,0,34,0,0,0,4,0,1,0,1
Apache Commons Configuration,org.apache.commons.configuration2.builder,AutoSaveListener,0,73,0,12,0,22,0,13,0,7
Apache Commons Configuration,org.apache.commons.configuration2.builder,HierarchicalBuilderParametersImpl,0,22,0,0,0,6,0,3,0,3
Apache Commons Configuration,org.apache.commons.configuration2.builder,PropertiesBuilderParametersImpl,0,49,0,0,0,12,0,6,0,6
Apache Commons Configuration,org.apache.commons.configuration2.builder,DefaultParametersManager.DefaultHandlerData,0,47,1,11,0,10,1,8,0,3
Apache Commons Configuration,org.apache.commons.configuration2.builder,CopyObjectDefaultHandler,0,33,0,2,0,12,0,4,0,3
Apache Commons Configuration,org.apache.commons.configuration2.builder,ConfigurationBuilderEvent,0,28,0,0,0,6,0,3,0,3
Apache Commons Configuration,org.apache.commons.configuration2.builder,FileBasedBuilderParametersImpl,0,213,0,18,0,60,0,31,0,22
Apache Commons Configuration,org.apache.commons.configuration2.builder,DefaultReloadingDetectorFactory,0,24,0,2,0,5,0,3,0,2
Apache Commons Configuration,org.apache.commons.configuration2.builder,ReloadingFileBasedConfigurationBuilder.new ReloadingDetector() {...},0,28,0,6,0,7,0,6,0,3
Apache Commons Configuration,org.apache.commons.configuration2.builder,ConfigurationBuilderResultCreatedEvent,0,25,0,2,0,7,0,4,0,3
Apache Commons Configuration,org.apache.commons.configuration2.builder,ReloadingBuilderSupportListener,0,38,0,2,0,12,0,4,0,3
Apache Commons Configuration,org.apache.commons.configuration2.builder,JndiBuilderParametersImpl,0,15,0,0,0,5,0,3,0,3
Apache Commons Configuration,org.apache.commons.configuration2.builder,BasicBuilderParameters,6,429,0,40,2,93,0,51,0,31
Apache Commons Configuration,org.apache.commons.configuration2.builder,BasicConfigurationBuilder.new BeanDeclaration() {...},2,23,0,0,1,6,1,6,1,6
Apache Commons Configuration,org.apache.commons.configuration2.builder,ReloadingFileBasedConfigurationBuilder,0,87,0,2,0,24,0,12,0,11
Apache Commons Configuration,org.apache.commons.configuration2.builder,BasicConfigurationBuilder,2,427,1,31,1,120,1,54,0,39
Apache Commons Configuration,org.apache.commons.configuration2.builder,INIBuilderProperties,4,0,0,0,2,0,2,0,2,0
Apache Commons Configuration,org.apache.commons.configuration2.builder,FileBasedBuilderProperties,4,0,0,0,1,0,1,0,1,0
Apache Commons Configuration,org.apache.commons.configuration2.builder,INIBuilderParametersImpl,31,21,0,0,5,7,1,4,1,4
Apache Commons Configuration,org.apache.commons.configuration2.builder,PropertiesBuilderProperties,2,0,0,0,1,0,1,0,1,0
Apache Commons Configuration,org.apache.commons.configuration2.builder,XMLBuilderParametersImpl,0,71,0,0,0,17,0,9,0,9
Apache Commons Configuration,org.apache.commons.configuration2.builder,BuilderConfigurationWrapperFactory.BuilderConfigurationWrapperInvocationHandler,0,45,0,4,0,8,0,6,0,4
Apache Commons Configuration,org.apache.commons.configuration2.builder,BuilderConfigurationWrapperFactory,0,69,0,6,0,13,0,9,0,6
Apache Commons Configuration,org.apache.commons.configuration2.builder,DatabaseBuilderParametersImpl,0,46,0,0,0,15,0,8,0,8
Apache Commons Configuration,org.apache.commons.configuration2.builder,DefaultParametersManager,0,69,0,6,0,18,0,11,0,8
Apache Commons Configuration,org.apache.commons.configuration2.builder,EventListenerParameters,0,26,0,0,0,9,0,5,0,5
Apache Commons Configuration,org.apache.commons.configuration2.builder.fluent,Parameters,0,185,0,2,0,26,0,17,0,16
Apache Commons Configuration,org.apache.commons.configuration2.builder.fluent,Configurations,0,269,0,2,0,44,0,42,0,41
Apache Commons Configuration,org.apache.commons.configuration2.builder.fluent,Parameters.ParametersIfcInvocationHandler,0,33,0,6,0,7,0,6,0,3
Apache Commons Configuration,org.apache.commons.configuration2.io,FileHandler.new FileHandler.AbstractUpdater() {...},0,31,0,0,0,5,0,2,0,2
Apache Commons Configuration,org.apache.commons.configuration2.io,AbsoluteNameLocationStrategy,0,24,0,6,0,6,0,5,0,2
Apache Commons Configuration,org.apache.commons.configuration2.io,FileHandler.new FileHandler.AbstractUpdater() {...},0,17,0,0,0,3,0,2,0,2
Apache Commons Configuration,org.apache.commons.configuration2.io,FileHandler.new FileHandler.AbstractUpdater() {...},0,21,0,0,0,4,0,2,0,2
Apache Commons Configuration,org.apache.commons.configuration2.io,FileHandler.new FileHandler.AbstractUpdater() {...},0,17,0,0,0,3,0,2,0,2
Apache Commons Configuration,org.apache.commons.configuration2.io,FileHandler.new SynchronizerSupport() {...},3,5,0,0,2,3,2,3,2,3
Apache Commons Configuration,org.apache.commons.configuration2.io,FileHandler.new FileHandler.AbstractUpdater() {...},0,17,0,0,0,3,0,2,0,2
Apache Commons Configuration,org.apache.commons.configuration2.io,FileHandler.new FileHandler.AbstractUpdater() {...},0,17,0,0,0,3,0,2,0,2
Apache Commons Configuration,org.apache.commons.configuration2.io,FileHandlerListenerAdapter,0,8,0,0,0,6,0,6,0,6
Apache Commons Configuration,org.apache.commons.configuration2.io,FileHandler.new FileHandler.AbstractUpdater() {...},0,21,0,0,0,4,0,2,0,2
Apache Commons Configuration,org.apache.commons.configuration2.io,FileHandler.new FileHandler.AbstractUpdater() {...},0,25,0,0,0,3,0,2,0,2
Apache Commons Configuration,org.apache.commons.configuration2.io,FileLocatorUtils,14,504,5,69,2,103,5,56,0,24
Apache Commons Configuration,org.apache.commons.configuration2.io,FileSystemLocationStrategy,0,10,0,0,0,2,0,2,0,2
Apache Commons Configuration,org.apache.commons.configuration2.io,BasePathLocationStrategy,0,21,0,4,0,6,0,4,0,2
Apache Commons Configuration,org.apache.commons.configuration2.io,DefaultFileSystem,106,203,8,30,17,54,9,21,2,9
Apache Commons Configuration,org.apache.commons.configuration2.io,CombinedLocationStrategy,0,53,0,8,0,14,0,7,0,3
Apache Commons Configuration,org.apache.commons.configuration2.io,VerifiableOutputStream,0,3,0,0,0,1,0,1,0,1
Apache Commons Configuration,org.apache.commons.configuration2.io,FileSystem,8,22,0,2,3,7,2,6,2,5
Apache Commons Configuration,org.apache.commons.configuration2.io,DefaultFileSystem.HttpOutputStream,14,50,0,2,5,13,3,6,3,5
Apache Commons Configuration,org.apache.commons.configuration2.io,FileHandler.AbstractUpdater,0,32,0,2,0,8,0,3,0,2
Apache Commons Configuration,org.apache.commons.configuration2.io,VFSFileSystem,418,105,52,14,98,31,37,8,5,7
Apache Commons Configuration,org.apache.commons.configuration2.io,FileLocator.FileLocatorBuilder,0,77,0,2,0,27,0,11,0,10
Apache Commons Configuration,org.apache.commons.configuration2.io,HomeDirectoryLocationStrategy,0,68,0,10,0,20,0,13,0,8
Apache Commons Configuration,org.apache.commons.configuration2.io,URLConnectionOptions,141,35,12,0,24,11,17,5,11,5
Apache Commons Configuration,org.apache.commons.configuration2.io,FileLocator,0,192,1,17,0,26,1,19,0,11
Apache Commons Configuration,org.apache.commons.configuration2.io,ConfigurationLogger,0,91,0,4,0,31,0,18,0,16
Apache Commons Configuration,org.apache.commons.configuration2.io,VFSFileSystem.VFSURLStreamHandler,5,0,0,0,1,0,1,0,1,0
Apache Commons Configuration,org.apache.commons.configuration2.io,FileUtils,4,107,4,14,2,24,5,8,1,3
Apache Commons Configuration,org.apache.commons.configuration2.io,FileHandler,65,861,4,66,13,265,4,114,0,83
Apache Commons Configuration,org.apache.commons.configuration2.io,ProvidedURLLocationStrategy,0,6,0,0,0,2,0,2,0,2
Apache Commons Configuration,org.apache.commons.configuration2.io,ClasspathLocationStrategy,0,13,0,2,0,2,0,3,0,2
Apache Commons Configuration,org.apache.commons.configuration2.sync,NoOpSynchronizer,0,18,0,0,0,6,0,5,0,5
Apache Commons Configuration,org.apache.commons.configuration2.sync,LockMode,0,24,0,0,0,3,0,1,0,1
Apache Commons Configuration,org.apache.commons.configuration2.sync,ReadWriteSynchronizer,0,38,0,2,0,14,0,8,0,7
Apache Commons Configuration,org.apache.commons.configuration2.plist,TokenMgrError,173,0,18,0,37,0,19,0,6,0
Apache Commons Configuration,org.apache.commons.configuration2.plist,XMLPropertyListConfiguration,126,514,14,48,23,97,11,35,1,14
Apache Commons Configuration,org.apache.commons.configuration2.plist,PropertyListConfiguration.DateSeparatorParser,0,51,0,2,0,9,0,4,0,3
Apache Commons Configuration,org.apache.commons.configuration2.plist,XMLPropertyListConfiguration.ArrayNodeBuilder,0,18,0,0,0,5,0,3,0,3
Apache Commons Configuration,org.apache.commons.configuration2.plist,Token,14,20,0,0,5,7,4,3,4,3
Apache Commons Configuration,org.apache.commons.configuration2.plist,ParseException,182,189,22,10,34,32,20,5,2,3
Apache Commons Configuration,org.apache.commons.configuration2.plist,XMLPropertyListConfiguration.XMLPropertyListHandler,10,269,2,36,1,63,2,27,0,10
Apache Commons Configuration,org.apache.commons.configuration2.plist,PropertyListConfiguration.DateTimeZoneParser,0,70,0,2,0,16,0,4,0,3
Apache Commons Configuration,org.apache.commons.configuration2.plist,PropertyListParserTokenManager,630,1373,153,145,153,257,114,83,7,20
Apache Commons Configuration,org.apache.commons.configuration2.plist,PropertyListParser.JJCalls,0,3,0,0,0,1,0,1,0,1
Apache Commons Configuration,org.apache.commons.configuration2.plist,PropertyListConfiguration.DateComponentParser,0,38,0,4,0,6,0,4,0,2
Apache Commons Configuration,org.apache.commons.configuration2.plist,PropertyListConfiguration.DateFieldParser,0,73,0,0,0,14,0,4,0,4
Apache Commons Configuration,org.apache.commons.configuration2.plist,XMLPropertyListConfiguration.PListNodeBuilder,29,151,3,3,8,39,2,16,0,15
Apache Commons Configuration,org.apache.commons.configuration2.plist,SimpleCharStream,752,304,40,20,124,70,47,20,24,12
Apache Commons Configuration,org.apache.commons.configuration2.plist,PropertyListParser,631,999,92,110,102,212,77,74,11,37
Apache Commons Configuration,org.apache.commons.configuration2.plist,PropertyListConfiguration,98,594,19,63,20,104,19,38,2,14
Apache Commons Configuration,org.apache.commons.configuration2.plist,PropertyListParserConstants,0,124,0,0,0,1,0,1,0,1
Apache Commons Configuration,org.apache.commons.configuration2.resolver,DefaultEntityResolver,40,25,3,3,12,8,3,4,1,3
Apache Commons Configuration,org.apache.commons.configuration2.resolver,CatalogResolver,44,138,6,8,5,40,5,14,0,12
Apache Commons Configuration,org.apache.commons.configuration2.resolver,CatalogResolver.CatalogManager,8,53,5,3,3,22,4,9,0,9
Apache Commons Configuration,org.apache.commons.configuration2.resolver,CatalogResolver.Catalog,69,176,8,12,12,41,7,7,0,4
Apache Commons Configuration,org.apache.commons.configuration2.reloading,CombinedReloadingController,0,55,0,4,0,15,0,8,0,6
Apache Commons Configuration,org.apache.commons.configuration2.reloading,PeriodicReloadingTrigger,0,111,0,12,0,29,0,17,0,11
Apache Commons Configuration,org.apache.commons.configuration2.reloading,ManagedReloadingDetector,0,22,0,0,0,8,0,4,0,4
Apache Commons Configuration,org.apache.commons.configuration2.reloading,VFSFileHandlerReloadingDetector,23,97,0,8,4,23,0,10,0,6
Apache Commons Configuration,org.apache.commons.configuration2.reloading,CombinedReloadingController.MultiReloadingControllerDetector,7,32,0,0,0,6,1,4,1,4
Apache Commons Configuration,org.apache.commons.configuration2.reloading,FileHandlerReloadingDetector,3,140,0,20,2,37,0,23,0,13
Apache Commons Configuration,org.apache.commons.configuration2.reloading,ReloadingController,0,85,0,10,0,27,0,12,0,7
Apache Commons Configuration,org.apache.commons.configuration2.reloading,ReloadingEvent,0,22,0,0,0,6,0,4,0,4
Apache Commons Configuration,org.apache.commons.configuration2.tree,NodeUpdateData,3,47,0,4,1,15,1,8,1,6
Apache Commons Configuration,org.apache.commons.configuration2.tree,TrackedNodeModel,0,134,1,7,0,36,1,19,0,16
Apache Commons Configuration,org.apache.commons.configuration2.tree,DefaultConfigurationKey,4,495,6,82,2,96,6,66,0,28
Apache Commons Configuration,org.apache.commons.configuration2.tree,ModelTransaction,4,490,3,31,0,116,3,53,0,39
Apache Commons Configuration,org.apache.commons.configuration2.tree,ModelTransaction.AddAttributeOperation,0,17,0,0,0,5,0,2,0,2
Apache Commons Configuration,org.apache.commons.configuration2.tree,NodeNameMatchers,0,24,0,0,0,3,0,1,0,1
Apache Commons Configuration,org.apache.commons.configuration2.tree,ImmutableNode,0,317,0,22,0,60,0,33,0,22
Apache Commons Configuration,org.apache.commons.configuration2.tree,OverrideCombiner,0,135,1,13,0,20,1,13,0,7
Apache Commons Configuration,org.apache.commons.configuration2.tree,NodeSelector,0,145,0,10,0,33,0,15,0,10
Apache Commons Configuration,org.apache.commons.configuration2.tree,DefaultExpressionEngine,0,340,1,41,0,63,1,35,0,15
Apache Commons Configuration,org.apache.commons.configuration2.tree,NodeTracker,8,323,2,20,1,63,2,28,0,19
Apache Commons Configuration,org.apache.commons.configuration2.tree,ModelTransaction.ChangeNodeValueOperation,0,12,0,0,0,4,0,2,0,2
Apache Commons Configuration,org.apache.commons.configuration2.tree,DefaultConfigurationKey.KeyIterator,23,372,3,53,5,72,3,46,0,21
Apache Commons Configuration,org.apache.commons.configuration2.tree,NodeNameMatchers.new NodeNameMatchers() {...},0,12,0,0,0,2,0,2,0,2
Apache Commons Configuration,org.apache.commons.configuration2.tree,QueryResult,0,113,0,8,0,24,0,14,0,10
Apache Commons Configuration,org.apache.commons.configuration2.tree,NodeNameMatchers.new NodeNameMatchers() {...},0,12,0,0,0,2,0,2,0,2
Apache Commons Configuration,org.apache.commons.configuration2.tree,NodeCombiner,0,31,0,0,0,9,0,6,0,6
Apache Commons Configuration,org.apache.commons.configuration2.tree,NodeTracker.TrackedNodeData,0,95,0,8,0,15,0,13,0,9
Apache Commons Configuration,org.apache.commons.configuration2.tree,TrackedNodeHandler,0,21,0,0,0,7,0,4,0,4
Apache Commons Configuration,org.apache.commons.configuration2.tree,ImmutableNode.Builder,0,171,0,22,0,60,0,29,0,18
Apache Commons Configuration,org.apache.commons.configuration2.tree,InMemoryNodeModel,2,1257,7,107,0,255,7,117,0,67
Apache Commons Configuration,org.apache.commons.configuration2.tree,ModelTransaction.AddAttributesOperation,0,12,0,0,0,4,0,2,0,2
Apache Commons Configuration,org.apache.commons.configuration2.tree,ReferenceTracker,13,133,4,16,2,33,4,12,0,6
Apache Commons Configuration,org.apache.commons.configuration2.tree,InMemoryNodeModel.new ConfigurationNodeVisitorAdapter() {...},0,20,0,0,0,3,0,3,0,3
Apache Commons Configuration,org.apache.commons.configuration2.tree,ModelTransaction.Operations,0,144,0,14,0,35,0,15,0,8
Apache Commons Configuration,org.apache.commons.configuration2.tree,ModelTransaction.ChangeNodeNameOperation,0,12,0,0,0,4,0,2,0,2
Apache Commons Configuration,org.apache.commons.configuration2.tree,ConfigurationNodeVisitorAdapter,1,6,0,0,1,3,1,3,1,3
Apache Commons Configuration,org.apache.commons.configuration2.tree,AbstractImmutableNodeHandler,0,101,0,10,0,17,0,21,0,16
Apache Commons Configuration,org.apache.commons.configuration2.tree,NodeAddData,0,38,0,2,0,13,0,7,0,6
Apache Commons Configuration,org.apache.commons.configuration2.tree,NodeCombiner.new AbstractImmutableNodeHandler() {...},4,3,0,0,2,1,2,1,2,1
Apache Commons Configuration,org.apache.commons.configuration2.tree,ModelTransaction.RemoveAttributeOperation,0,12,0,0,0,4,0,2,0,2
Apache Commons Configuration,org.apache.commons.configuration2.tree,TreeData,13,128,0,8,1,30,1,16,1,12
Apache Commons Configuration,org.apache.commons.configuration2.tree,MergeCombiner,0,174,1,15,0,37,1,14,0,7
Apache Commons Configuration,org.apache.commons.configuration2.tree,DefaultExpressionEngineSymbols,0,166,0,4,0,30,0,14,0,12
Apache Commons Configuration,org.apache.commons.configuration2.tree,ModelTransaction.new ConfigurationNodeVisitorAdapter() {...},0,23,0,0,0,5,0,2,0,2
Apache Commons Configuration,org.apache.commons.configuration2.tree,NodeHandlerDecorator,0,86,0,0,0,16,0,16,0,16
Apache Commons Configuration,org.apache.commons.configuration2.tree,TreeUtils,97,0,8,0,18,0,8,0,4,0
Apache Commons Configuration,org.apache.commons.configuration2.tree,UnionCombiner,0,108,0,12,0,21,0,10,0,4
Apache Commons Configuration,org.apache.commons.configuration2.tree,NodeTreeWalker,0,109,0,18,0,29,0,17,0,8
Apache Commons Configuration,org.apache.commons.configuration2.tree,DefaultExpressionEngineSymbols.Builder,0,66,0,0,0,23,0,9,0,9
Apache Commons Configuration,org.apache.commons.configuration2.tree,ModelTransaction.ChildrenUpdateOperation,0,142,0,10,0,30,0,14,0,9
Apache Commons Configuration,org.apache.commons.configuration2.interpol,InterpolatorSpecification.Builder,0,104,0,8,0,36,0,15,0,11
Apache Commons Configuration,org.apache.commons.configuration2.interpol,ExprLookup,62,116,3,5,17,31,8,13,6,11
Apache Commons Configuration,org.apache.commons.configuration2.interpol,ConstantLookup,0,71,0,4,0,16,0,9,0,7
Apache Commons Configuration,org.apache.commons.configuration2.interpol,ExprLookup.Variable,27,46,1,3,5,18,2,6,1,5
Apache Commons Configuration,org.apache.commons.configuration2.interpol,StringLookupAdapter,0,14,0,0,0,4,0,2,0,2
Apache Commons Configuration,org.apache.commons.configuration2.interpol,ConfigurationInterpolator,0,323,0,44,0,84,0,51,0,29
Apache Commons Configuration,org.apache.commons.configuration2.interpol,ConfigurationInterpolator.DefaultPrefixLookupsHolder,0,130,0,6,0,34,0,9,0,6
Apache Commons Configuration,org.apache.commons.configuration2.interpol,ExprLookup.Variables,13,7,2,0,1,4,2,2,1,2
Apache Commons Configuration,org.apache.commons.configuration2.interpol,SystemPropertiesLookup,8,0,0,0,2,0,2,0,2,0
Apache Commons Configuration,org.apache.commons.configuration2.interpol,EnvironmentLookup,6,0,0,0,2,0,2,0,2,0
Apache Commons Configuration,org.apache.commons.configuration2.interpol,ConfigurationInterpolator.DefaultStringConverter,0,54,0,12,0,13,0,10,0,4
Apache Commons Configuration,org.apache.commons.configuration2.interpol,DefaultLookups,0,293,0,0,0,24,0,4,0,4
Apache Commons Configuration,org.apache.commons.configuration2.interpol,InterpolatorSpecification,0,46,0,0,0,12,0,6,0,6
Apache Commons Configuration,org.apache.commons.configuration2.interpol,DummyLookup,0,16,0,0,0,3,0,2,0,2
Apache Commons Configuration,org.apache.commons.configuration2.web,ServletConfiguration,0,32,0,0,0,8,0,4,0,4
Apache Commons Configuration,org.apache.commons.configuration2.web,BaseWebConfiguration,0,57,0,8,0,10,0,11,0,7
Apache Commons Configuration,org.apache.commons.configuration2.web,AppletConfiguration,50,0,6,0,10,0,6,0,3,0
Apache Commons Configuration,org.apache.commons.configuration2.web,ServletContextConfiguration,0,35,0,0,0,9,0,4,0,4
Apache Commons Configuration,org.apache.commons.configuration2.web,ServletFilterConfiguration,0,24,0,0,0,6,0,3,0,3
Apache Commons Configuration,org.apache.commons.configuration2.web,ServletRequestConfiguration,6,74,2,8,1,16,2,6,0,3
Apache Commons Configuration,org.apache.commons.configuration2.spring,ConfigurationPropertiesFactoryBean,11,135,1,17,5,27,5,18,4,10
Apache Commons Configuration,org.apache.commons.configuration2.spring,ConfigurationPropertySource,23,36,1,7,5,10,3,5,2,2
