-------------------------------------------------------------------------------
Test set: org.apache.commons.beanutils.converters.SqlTimestampConverterTestCase
-------------------------------------------------------------------------------
Tests run: 11, Failures: 1, Errors: 0, Skipped: 0, Time elapsed: 0.171 s <<< FAILURE! - in org.apache.commons.beanutils.converters.SqlTimestampConverterTestCase
testLocale(org.apache.commons.beanutils.converters.SqlTimestampConverterTestCase)  Time elapsed: 0.03 s  <<< FAILURE!
junit.framework.AssertionFailedError: Converting 'java.lang.String' value '3/21/06, 3:06 PM' threw org.apache.commons.beanutils.ConversionException: Error converting 'String' to 'java.sql.Timestamp' using pattern 'M/d/yy, h:mm?a'
	at org.apache.commons.beanutils.converters.SqlTimestampConverterTestCase.testLocale(SqlTimestampConverterTestCase.java:93)

