-------------------------------------------------------------------------------
Test set: org.apache.commons.beanutils.converters.SqlTimeConverterTestCase
-------------------------------------------------------------------------------
Tests run: 11, Failures: 1, Errors: 0, Skipped: 0, Time elapsed: 0.196 s <<< FAILURE! - in org.apache.commons.beanutils.converters.SqlTimeConverterTestCase
testLocale(org.apache.commons.beanutils.converters.SqlTimeConverterTestCase)  Time elapsed: 0.035 s  <<< FAILURE!
junit.framework.AssertionFailedError: Converting 'java.lang.String' value '3:06 pm' threw org.apache.commons.beanutils.ConversionException: Error converting 'String' to 'java.sql.Time' using pattern 'h:mm?a'
	at org.apache.commons.beanutils.converters.SqlTimeConverterTestCase.testLocale(SqlTimeConverterTestCase.java:73)

