<?xml version="1.0" encoding="UTF-8"?>
<testsuite xmlns:xsi="http://www.w3.org/2001/XMLSchema-instance" xsi:noNamespaceSchemaLocation="https://maven.apache.org/surefire/maven-surefire-plugin/xsd/surefire-test-report-3.0.xsd" version="3.0" name="org.apache.commons.collections4.multimap.UnmodifiableMultiValuedMapTest" time="0.447" tests="58" errors="0" skipped="16" failures="0">
  <properties>
    <property name="sun.desktop" value="windows"/>
    <property name="awt.toolkit" value="sun.awt.windows.WToolkit"/>
    <property name="file.encoding.pkg" value="sun.io"/>
    <property name="java.specification.version" value="1.8"/>
    <property name="sun.cpu.isalist" value="amd64"/>
    <property name="sun.jnu.encoding" value="Cp1253"/>
    <property name="java.class.path" value="C:\Users\user\Code_generation_LLMs\AutoTestLab\packages\commons-collections4-4.5.0-M2-src\target\test-classes;C:\Users\user\Code_generation_LLMs\AutoTestLab\packages\commons-collections4-4.5.0-M2-src\target\classes;C:\Users\user\.m2\repository\org\junit\jupiter\junit-jupiter-api\5.11.0-M2\junit-jupiter-api-5.11.0-M2.jar;C:\Users\user\.m2\repository\org\opentest4j\opentest4j\1.3.0\opentest4j-1.3.0.jar;C:\Users\user\.m2\repository\org\junit\platform\junit-platform-commons\1.11.0-M2\junit-platform-commons-1.11.0-M2.jar;C:\Users\user\.m2\repository\org\apiguardian\apiguardian-api\1.1.2\apiguardian-api-1.1.2.jar;C:\Users\user\.m2\repository\org\junit\jupiter\junit-jupiter-engine\5.11.0-M2\junit-jupiter-engine-5.11.0-M2.jar;C:\Users\user\.m2\repository\org\junit\platform\junit-platform-engine\1.11.0-M2\junit-platform-engine-1.11.0-M2.jar;C:\Users\user\.m2\repository\org\junit\jupiter\junit-jupiter-params\5.11.0-M2\junit-jupiter-params-5.11.0-M2.jar;C:\Users\user\.m2\repository\org\hamcrest\hamcrest\2.2\hamcrest-2.2.jar;C:\Users\user\.m2\repository\org\easymock\easymock\5.3.0\easymock-5.3.0.jar;C:\Users\user\.m2\repository\net\bytebuddy\byte-buddy\1.14.17\byte-buddy-1.14.17.jar;C:\Users\user\.m2\repository\org\ow2\asm\asm\9.7\asm-9.7.jar;C:\Users\user\.m2\repository\org\objenesis\objenesis\3.4\objenesis-3.4.jar;C:\Users\user\.m2\repository\org\apache\commons\commons-lang3\3.14.0\commons-lang3-3.14.0.jar;C:\Users\user\.m2\repository\commons-io\commons-io\2.16.1\commons-io-2.16.1.jar;C:\Users\user\.m2\repository\commons-codec\commons-codec\1.17.0\commons-codec-1.17.0.jar;C:\Users\user\.m2\repository\com\google\guava\guava-testlib\33.2.1-jre\guava-testlib-33.2.1-jre.jar;C:\Users\user\.m2\repository\com\google\code\findbugs\jsr305\3.0.2\jsr305-3.0.2.jar;C:\Users\user\.m2\repository\org\checkerframework\checker-qual\3.42.0\checker-qual-3.42.0.jar;C:\Users\user\.m2\repository\com\google\errorprone\error_prone_annotations\2.26.1\error_prone_annotations-2.26.1.jar;C:\Users\user\.m2\repository\com\google\j2objc\j2objc-annotations\3.0.0\j2objc-annotations-3.0.0.jar;C:\Users\user\.m2\repository\com\google\guava\guava\33.2.1-jre\guava-33.2.1-jre.jar;C:\Users\user\.m2\repository\com\google\guava\failureaccess\1.0.2\failureaccess-1.0.2.jar;C:\Users\user\.m2\repository\com\google\guava\listenablefuture\9999.0-empty-to-avoid-conflict-with-guava\listenablefuture-9999.0-empty-to-avoid-conflict-with-guava.jar;C:\Users\user\.m2\repository\junit\junit\4.13.2\junit-4.13.2.jar;C:\Users\user\.m2\repository\org\hamcrest\hamcrest-core\1.3\hamcrest-core-1.3.jar;"/>
    <property name="java.vm.vendor" value="Oracle Corporation"/>
    <property name="sun.arch.data.model" value="64"/>
    <property name="user.variant" value=""/>
    <property name="java.vendor.url" value="http://java.oracle.com/"/>
    <property name="user.timezone" value="Europe/Athens"/>
    <property name="java.vm.specification.version" value="1.8"/>
    <property name="os.name" value="Windows 10"/>
    <property name="user.country" value="GR"/>
    <property name="sun.java.launcher" value="SUN_STANDARD"/>
    <property name="sun.boot.library.path" value="C:\Program Files\Java\jdk1.8.0_202\jre\bin"/>
    <property name="sun.java.command" value="C:\Users\user\AppData\Local\Temp\surefire526822691875347718\surefirebooter-20241012113108757_3.jar C:\Users\user\AppData\Local\Temp\surefire526822691875347718 2024-10-12T11-31-07_214-jvmRun1 surefire-20241012113108757_1tmp surefire_0-20241012113108757_2tmp"/>
    <property name="surefire.test.class.path" value="C:\Users\user\Code_generation_LLMs\AutoTestLab\packages\commons-collections4-4.5.0-M2-src\target\test-classes;C:\Users\user\Code_generation_LLMs\AutoTestLab\packages\commons-collections4-4.5.0-M2-src\target\classes;C:\Users\user\.m2\repository\org\junit\jupiter\junit-jupiter-api\5.11.0-M2\junit-jupiter-api-5.11.0-M2.jar;C:\Users\user\.m2\repository\org\opentest4j\opentest4j\1.3.0\opentest4j-1.3.0.jar;C:\Users\user\.m2\repository\org\junit\platform\junit-platform-commons\1.11.0-M2\junit-platform-commons-1.11.0-M2.jar;C:\Users\user\.m2\repository\org\apiguardian\apiguardian-api\1.1.2\apiguardian-api-1.1.2.jar;C:\Users\user\.m2\repository\org\junit\jupiter\junit-jupiter-engine\5.11.0-M2\junit-jupiter-engine-5.11.0-M2.jar;C:\Users\user\.m2\repository\org\junit\platform\junit-platform-engine\1.11.0-M2\junit-platform-engine-1.11.0-M2.jar;C:\Users\user\.m2\repository\org\junit\jupiter\junit-jupiter-params\5.11.0-M2\junit-jupiter-params-5.11.0-M2.jar;C:\Users\user\.m2\repository\org\hamcrest\hamcrest\2.2\hamcrest-2.2.jar;C:\Users\user\.m2\repository\org\easymock\easymock\5.3.0\easymock-5.3.0.jar;C:\Users\user\.m2\repository\net\bytebuddy\byte-buddy\1.14.17\byte-buddy-1.14.17.jar;C:\Users\user\.m2\repository\org\ow2\asm\asm\9.7\asm-9.7.jar;C:\Users\user\.m2\repository\org\objenesis\objenesis\3.4\objenesis-3.4.jar;C:\Users\user\.m2\repository\org\apache\commons\commons-lang3\3.14.0\commons-lang3-3.14.0.jar;C:\Users\user\.m2\repository\commons-io\commons-io\2.16.1\commons-io-2.16.1.jar;C:\Users\user\.m2\repository\commons-codec\commons-codec\1.17.0\commons-codec-1.17.0.jar;C:\Users\user\.m2\repository\com\google\guava\guava-testlib\33.2.1-jre\guava-testlib-33.2.1-jre.jar;C:\Users\user\.m2\repository\com\google\code\findbugs\jsr305\3.0.2\jsr305-3.0.2.jar;C:\Users\user\.m2\repository\org\checkerframework\checker-qual\3.42.0\checker-qual-3.42.0.jar;C:\Users\user\.m2\repository\com\google\errorprone\error_prone_annotations\2.26.1\error_prone_annotations-2.26.1.jar;C:\Users\user\.m2\repository\com\google\j2objc\j2objc-annotations\3.0.0\j2objc-annotations-3.0.0.jar;C:\Users\user\.m2\repository\com\google\guava\guava\33.2.1-jre\guava-33.2.1-jre.jar;C:\Users\user\.m2\repository\com\google\guava\failureaccess\1.0.2\failureaccess-1.0.2.jar;C:\Users\user\.m2\repository\com\google\guava\listenablefuture\9999.0-empty-to-avoid-conflict-with-guava\listenablefuture-9999.0-empty-to-avoid-conflict-with-guava.jar;C:\Users\user\.m2\repository\junit\junit\4.13.2\junit-4.13.2.jar;C:\Users\user\.m2\repository\org\hamcrest\hamcrest-core\1.3\hamcrest-core-1.3.jar;"/>
    <property name="sun.cpu.endian" value="little"/>
    <property name="user.home" value="C:\Users\user"/>
    <property name="user.language" value="el"/>
    <property name="java.specification.vendor" value="Oracle Corporation"/>
    <property name="java.home" value="C:\Program Files\Java\jdk1.8.0_202\jre"/>
    <property name="basedir" value="C:\Users\user\Code_generation_LLMs\AutoTestLab\packages\commons-collections4-4.5.0-M2-src"/>
    <property name="file.separator" value="\"/>
    <property name="line.separator" value="&#10;"/>
    <property name="java.vm.specification.vendor" value="Oracle Corporation"/>
    <property name="java.specification.name" value="Java Platform API Specification"/>
    <property name="java.awt.graphicsenv" value="sun.awt.Win32GraphicsEnvironment"/>
    <property name="surefire.real.class.path" value="C:\Users\user\AppData\Local\Temp\surefire526822691875347718\surefirebooter-20241012113108757_3.jar;C:\\Users\\user\\.m2\\repository\\org\\jacoco\\org.jacoco.agent\\0.8.12\\org.jacoco.agent-0.8.12-runtime.jar"/>
    <property name="sun.boot.class.path" value="C:\Program Files\Java\jdk1.8.0_202\jre\lib\resources.jar;C:\Program Files\Java\jdk1.8.0_202\jre\lib\rt.jar;C:\Program Files\Java\jdk1.8.0_202\jre\lib\sunrsasign.jar;C:\Program Files\Java\jdk1.8.0_202\jre\lib\jsse.jar;C:\Program Files\Java\jdk1.8.0_202\jre\lib\jce.jar;C:\Program Files\Java\jdk1.8.0_202\jre\lib\charsets.jar;C:\Program Files\Java\jdk1.8.0_202\jre\lib\jfr.jar;C:\Program Files\Java\jdk1.8.0_202\jre\classes"/>
    <property name="user.script" value=""/>
    <property name="sun.management.compiler" value="HotSpot 64-Bit Tiered Compilers"/>
    <property name="java.runtime.version" value="1.8.0_202-b08"/>
    <property name="user.name" value="user"/>
    <property name="path.separator" value=";"/>
    <property name="os.version" value="10.0"/>
    <property name="java.endorsed.dirs" value="C:\Program Files\Java\jdk1.8.0_202\jre\lib\endorsed"/>
    <property name="java.runtime.name" value="Java(TM) SE Runtime Environment"/>
    <property name="file.encoding" value="Cp1253"/>
    <property name="java.vm.name" value="Java HotSpot(TM) 64-Bit Server VM"/>
    <property name="localRepository" value="C:\Users\user\.m2\repository"/>
    <property name="java.vendor.url.bug" value="http://bugreport.sun.com/bugreport/"/>
    <property name="java.io.tmpdir" value="C:\Users\user\AppData\Local\Temp\"/>
    <property name="java.version" value="1.8.0_202"/>
    <property name="user.dir" value="C:\Users\user\Code_generation_LLMs\AutoTestLab\packages\commons-collections4-4.5.0-M2-src"/>
    <property name="os.arch" value="amd64"/>
    <property name="java.vm.specification.name" value="Java Virtual Machine Specification"/>
    <property name="java.awt.printerjob" value="sun.awt.windows.WPrinterJob"/>
    <property name="sun.os.patch.level" value=""/>
    <property name="java.library.path" value="C:\Program Files\Java\jdk1.8.0_202\jre\bin;C:\WINDOWS\Sun\Java\bin;C:\WINDOWS\system32;C:\WINDOWS;C:\Users\user\miniconda3\envs\myenv;C:\Users\user\miniconda3\envs\myenv\Library\mingw-w64\bin;C:\Users\user\miniconda3\envs\myenv\Library\usr\bin;C:\Users\user\miniconda3\envs\myenv\Library\bin;C:\Users\user\miniconda3\envs\myenv\Scripts;C:\Users\user\miniconda3\envs\myenv\bin;C:\Program Files\NVIDIA\CUDNN\v9.0\bin;C:\Program Files\NVIDIA GPU Computing Toolkit\CUDA\v12.3\bin;C:\Program Files\NVIDIA GPU Computing Toolkit\CUDA\v12.3\libnvvp;C:\Program Files\Common Files\Oracle\Java\javapath;C:\Program Files (x86)\Common Files\Oracle\Java\java8path;C:\Program Files (x86)\Common Files\Oracle\Java\javapath;C:\WINDOWS\system32;C:\WINDOWS;C:\WINDOWS\System32\Wbem;C:\WINDOWS\System32\WindowsPowerShell\v1.0;C:\WINDOWS\System32\OpenSSH;C:\Program Files\Intel\WiFi\bin;C:\Program Files\Common Files\Intel\WirelessCommon;c:\Program Files (x86)\Intel\Intel(R) Management Engine Components\DAL;c:\Program Files\Intel\Intel(R) Management Engine Components\DAL;C:\Users\user\Desktop\Large Scale Data Management;C:\Program Files\Vagrant\bin;C:\Program Files\Git\cmd;C:\Program Files\apache-maven-3.9.6\bin;C:\Program Files\NVIDIA Corporation\Nsight Compute 2023.3.1;C:\Program Files (x86)\NVIDIA Corporation\PhysX\Common;C:\Program Files\NVIDIA Corporation\Installer2;C:\Program Files\nodejs;C:\Users\user\defects4j\framework\bin;C:\Program Files\Java\jdk1.8.0_202\bin;C:\Strawberry\c\bin;C:\Strawberry\perl\site\bin;C:\Strawberry\perl\bin;C:\Users\user\defects4j\framework\bin;C:\Windows\System32;C:\Program Files\TortoiseSVN\bin;C:\Program Files\Java\jdk1.8.0_202\bin;C:\Users\user\miniconda3\envs\ujb;C:\Users\user\miniconda3\envs\ujb\Library\mingw-w64\bin;C:\Users\user\miniconda3\envs\ujb\Library\usr\bin;C:\Users\user\miniconda3\envs\ujb\Library\bin;C:\Users\user\miniconda3\envs\ujb\Scripts;C:\Users\user\miniconda3\envs\ujb\bin;C:\Users\user\miniconda3\condabin;C:\Program Files\NVIDIA\CUDNN\v9.0\bin;C:\Program Files\NVIDIA GPU Computing Toolkit\CUDA\v12.3\bin;C:\Program Files\NVIDIA GPU Computing Toolkit\CUDA\v12.3\libnvvp;C:\Program Files\Common Files\Oracle\Java\javapath;C:\Program Files (x86)\Common Files\Oracle\Java\java8path;C:\Program Files (x86)\Common Files\Oracle\Java\javapath;C:\WINDOWS\system32;C:\WINDOWS;C:\WINDOWS\System32\Wbem;C:\WINDOWS\System32\WindowsPowerShell\v1.0;C:\WINDOWS\System32\OpenSSH;C:\Program Files\Intel\WiFi\bin;C:\Program Files\Common Files\Intel\WirelessCommon;c:\Program Files (x86)\Intel\Intel(R) Management Engine Components\DAL;c:\Program Files\Intel\Intel(R) Management Engine Components\DAL;C:\Users;C:\Users\user\AppData\Local\Programs\Microsoft VS Code\bin;."/>
    <property name="java.vm.info" value="mixed mode"/>
    <property name="java.vendor" value="Oracle Corporation"/>
    <property name="java.vm.version" value="25.202-b08"/>
    <property name="java.ext.dirs" value="C:\Program Files\Java\jdk1.8.0_202\jre\lib\ext;C:\WINDOWS\Sun\Java\lib\ext"/>
    <property name="sun.io.unicode.encoding" value="UnicodeLittle"/>
    <property name="java.class.version" value="52.0"/>
  </properties>
  <testcase name="testObjectEqualsSelf" classname="org.apache.commons.collections4.multimap.UnmodifiableMultiValuedMapTest" time="0.004"/>
  <testcase name="testCanonicalFullCollectionExists" classname="org.apache.commons.collections4.multimap.UnmodifiableMultiValuedMapTest" time="0.001"/>
  <testcase name="testEqualsNull" classname="org.apache.commons.collections4.multimap.UnmodifiableMultiValuedMapTest" time="0.0"/>
  <testcase name="testCanonicalEmptyCollectionExists" classname="org.apache.commons.collections4.multimap.UnmodifiableMultiValuedMapTest" time="0.0"/>
  <testcase name="testSimpleSerialization" classname="org.apache.commons.collections4.multimap.UnmodifiableMultiValuedMapTest" time="0.001"/>
  <testcase name="testObjectHashCodeEqualsContract" classname="org.apache.commons.collections4.multimap.UnmodifiableMultiValuedMapTest" time="0.0"/>
  <testcase name="testObjectHashCodeEqualsSelfHashCode" classname="org.apache.commons.collections4.multimap.UnmodifiableMultiValuedMapTest" time="0.002"/>
  <testcase name="testSerializeDeserializeThenCompare" classname="org.apache.commons.collections4.multimap.UnmodifiableMultiValuedMapTest" time="0.001"/>
  <testcase name="testRemoveMappingThroughGet" classname="org.apache.commons.collections4.multimap.UnmodifiableMultiValuedMapTest" time="0.0">
    <skipped type="org.opentest4j.TestAbortedException"><![CDATA[org.opentest4j.TestAbortedException: Assumption failed: assumption is not true
	at org.apache.commons.collections4.multimap.AbstractMultiValuedMapTest.testRemoveMappingThroughGet(AbstractMultiValuedMapTest.java:1196)
	at java.lang.reflect.Method.invoke(Method.java:498)
	at java.util.ArrayList.forEach(ArrayList.java:1257)
	at java.util.ArrayList.forEach(ArrayList.java:1257)
]]></skipped>
  </testcase>
  <testcase name="testPutAll_KeyIterable" classname="org.apache.commons.collections4.multimap.UnmodifiableMultiValuedMapTest" time="0.0">
    <skipped type="org.opentest4j.TestAbortedException"><![CDATA[org.opentest4j.TestAbortedException: Assumption failed: assumption is not true
	at org.apache.commons.collections4.multimap.AbstractMultiValuedMapTest.testPutAll_KeyIterable(AbstractMultiValuedMapTest.java:1063)
	at java.lang.reflect.Method.invoke(Method.java:498)
	at java.util.ArrayList.forEach(ArrayList.java:1257)
	at java.util.ArrayList.forEach(ArrayList.java:1257)
]]></skipped>
  </testcase>
  <testcase name="testNoMappingReturnsEmptyCol" classname="org.apache.commons.collections4.multimap.UnmodifiableMultiValuedMapTest" time="0.001"/>
  <testcase name="testGet" classname="org.apache.commons.collections4.multimap.UnmodifiableMultiValuedMapTest" time="0.005"/>
  <testcase name="testAsMapRemove" classname="org.apache.commons.collections4.multimap.UnmodifiableMultiValuedMapTest" time="0.0">
    <skipped type="org.opentest4j.TestAbortedException"><![CDATA[org.opentest4j.TestAbortedException: Assumption failed: assumption is not true
	at org.apache.commons.collections4.multimap.AbstractMultiValuedMapTest.testAsMapRemove(AbstractMultiValuedMapTest.java:771)
	at java.lang.reflect.Method.invoke(Method.java:498)
	at java.util.ArrayList.forEach(ArrayList.java:1257)
	at java.util.ArrayList.forEach(ArrayList.java:1257)
]]></skipped>
  </testcase>
  <testcase name="testKeysBagContainsAll" classname="org.apache.commons.collections4.multimap.UnmodifiableMultiValuedMapTest" time="0.001"/>
  <testcase name="testKeysBagIterator" classname="org.apache.commons.collections4.multimap.UnmodifiableMultiValuedMapTest" time="0.003"/>
  <testcase name="testRemoveAllViaEntriesIterator" classname="org.apache.commons.collections4.multimap.UnmodifiableMultiValuedMapTest" time="0.0">
    <skipped type="org.opentest4j.TestAbortedException"><![CDATA[org.opentest4j.TestAbortedException: Assumption failed: assumption is not true
	at org.apache.commons.collections4.multimap.AbstractMultiValuedMapTest.testRemoveAllViaEntriesIterator(AbstractMultiValuedMapTest.java:1171)
	at java.lang.reflect.Method.invoke(Method.java:498)
	at java.util.ArrayList.forEach(ArrayList.java:1257)
	at java.util.ArrayList.forEach(ArrayList.java:1257)
]]></skipped>
  </testcase>
  <testcase name="testSize" classname="org.apache.commons.collections4.multimap.UnmodifiableMultiValuedMapTest" time="0.001"/>
  <testcase name="testToString" classname="org.apache.commons.collections4.multimap.UnmodifiableMultiValuedMapTest" time="0.0">
    <skipped type="org.opentest4j.TestAbortedException"><![CDATA[org.opentest4j.TestAbortedException: Assumption failed: assumption is not true
	at org.apache.commons.collections4.multimap.AbstractMultiValuedMapTest.testToString(AbstractMultiValuedMapTest.java:1341)
	at java.lang.reflect.Method.invoke(Method.java:498)
	at java.util.ArrayList.forEach(ArrayList.java:1257)
	at java.util.ArrayList.forEach(ArrayList.java:1257)
]]></skipped>
  </testcase>
  <testcase name="testAsMapGet_Empty" classname="org.apache.commons.collections4.multimap.UnmodifiableMultiValuedMapTest" time="0.0"/>
  <testcase name="testAddMappingThroughGet" classname="org.apache.commons.collections4.multimap.UnmodifiableMultiValuedMapTest" time="0.0">
    <skipped type="org.opentest4j.TestAbortedException"><![CDATA[org.opentest4j.TestAbortedException: Assumption failed: assumption is not true
	at org.apache.commons.collections4.multimap.AbstractMultiValuedMapTest.testAddMappingThroughGet(AbstractMultiValuedMapTest.java:703)
	at java.lang.reflect.Method.invoke(Method.java:498)
	at java.util.ArrayList.forEach(ArrayList.java:1257)
	at java.util.ArrayList.forEach(ArrayList.java:1257)
]]></skipped>
  </testcase>
  <testcase name="testMultiValuedMapIterator" classname="org.apache.commons.collections4.multimap.UnmodifiableMultiValuedMapTest" time="0.0"/>
  <testcase name="testRemoveAllViaValuesIterator" classname="org.apache.commons.collections4.multimap.UnmodifiableMultiValuedMapTest" time="0.0">
    <skipped type="org.opentest4j.TestAbortedException"><![CDATA[org.opentest4j.TestAbortedException: Assumption failed: assumption is not true
	at org.apache.commons.collections4.multimap.AbstractMultiValuedMapTest.testRemoveAllViaValuesIterator(AbstractMultiValuedMapTest.java:1184)
	at java.lang.reflect.Method.invoke(Method.java:498)
	at java.util.ArrayList.forEach(ArrayList.java:1257)
	at java.util.ArrayList.forEach(ArrayList.java:1257)
]]></skipped>
  </testcase>
  <testcase name="testMultipleValues" classname="org.apache.commons.collections4.multimap.UnmodifiableMultiValuedMapTest" time="0.008"/>
  <testcase name="testAsMapGet_Full" classname="org.apache.commons.collections4.multimap.UnmodifiableMultiValuedMapTest" time="0.003"/>
  <testcase name="testContainsValue_Key" classname="org.apache.commons.collections4.multimap.UnmodifiableMultiValuedMapTest" time="0.002"/>
  <testcase name="testMapIterator" classname="org.apache.commons.collections4.multimap.UnmodifiableMultiValuedMapTest" time="0.005"/>
  <testcase name="testKeyContainsValue" classname="org.apache.commons.collections4.multimap.UnmodifiableMultiValuedMapTest" time="0.002"/>
  <testcase name="testContainsValue" classname="org.apache.commons.collections4.multimap.UnmodifiableMultiValuedMapTest" time="0.275"/>
  <testcase name="testEntriesCollectionIterator" classname="org.apache.commons.collections4.multimap.UnmodifiableMultiValuedMapTest" time="0.033"/>
  <testcase name="testMapIteratorUnsupportedSet" classname="org.apache.commons.collections4.multimap.UnmodifiableMultiValuedMapTest" time="0.0"/>
  <testcase name="testRemove_KeyItem" classname="org.apache.commons.collections4.multimap.UnmodifiableMultiValuedMapTest" time="0.0">
    <skipped type="org.opentest4j.TestAbortedException"><![CDATA[org.opentest4j.TestAbortedException: Assumption failed: assumption is not true
	at org.apache.commons.collections4.multimap.AbstractMultiValuedMapTest.testRemove_KeyItem(AbstractMultiValuedMapTest.java:1154)
	at java.lang.reflect.Method.invoke(Method.java:498)
	at java.util.ArrayList.forEach(ArrayList.java:1257)
	at java.util.ArrayList.forEach(ArrayList.java:1257)
]]></skipped>
  </testcase>
  <testcase name="testEmptyMapCompatibility" classname="org.apache.commons.collections4.multimap.UnmodifiableMultiValuedMapTest" time="0.008"/>
  <testcase name="testRemoveMappingThroughGetIterator" classname="org.apache.commons.collections4.multimap.UnmodifiableMultiValuedMapTest" time="0.0">
    <skipped type="org.opentest4j.TestAbortedException"><![CDATA[org.opentest4j.TestAbortedException: Assumption failed: assumption is not true
	at org.apache.commons.collections4.multimap.AbstractMultiValuedMapTest.testRemoveMappingThroughGetIterator(AbstractMultiValuedMapTest.java:1231)
	at java.lang.reflect.Method.invoke(Method.java:498)
	at java.util.ArrayList.forEach(ArrayList.java:1257)
	at java.util.ArrayList.forEach(ArrayList.java:1257)
]]></skipped>
  </testcase>
  <testcase name="testPutAll_Map1" classname="org.apache.commons.collections4.multimap.UnmodifiableMultiValuedMapTest" time="0.0">
    <skipped type="org.opentest4j.TestAbortedException"><![CDATA[org.opentest4j.TestAbortedException: Assumption failed: assumption is not true
	at org.apache.commons.collections4.multimap.AbstractMultiValuedMapTest.testPutAll_Map1(AbstractMultiValuedMapTest.java:1099)
	at java.lang.reflect.Method.invoke(Method.java:498)
	at java.util.ArrayList.forEach(ArrayList.java:1257)
	at java.util.ArrayList.forEach(ArrayList.java:1257)
]]></skipped>
  </testcase>
  <testcase name="testPutAll_Map2" classname="org.apache.commons.collections4.multimap.UnmodifiableMultiValuedMapTest" time="0.0">
    <skipped type="org.opentest4j.TestAbortedException"><![CDATA[org.opentest4j.TestAbortedException: Assumption failed: assumption is not true
	at org.apache.commons.collections4.multimap.AbstractMultiValuedMapTest.testPutAll_Map2(AbstractMultiValuedMapTest.java:1126)
	at java.lang.reflect.Method.invoke(Method.java:498)
	at java.util.ArrayList.forEach(ArrayList.java:1257)
	at java.util.ArrayList.forEach(ArrayList.java:1257)
]]></skipped>
  </testcase>
  <testcase name="testFullMapCompatibility" classname="org.apache.commons.collections4.multimap.UnmodifiableMultiValuedMapTest" time="0.0">
    <skipped message="There is no code to create this test fixture?"/>
  </testcase>
  <testcase name="testMapEquals" classname="org.apache.commons.collections4.multimap.UnmodifiableMultiValuedMapTest" time="0.0">
    <skipped type="org.opentest4j.TestAbortedException"><![CDATA[org.opentest4j.TestAbortedException: Assumption failed: assumption is not true
	at org.apache.commons.collections4.multimap.AbstractMultiValuedMapTest.testMapEquals(AbstractMultiValuedMapTest.java:966)
	at java.lang.reflect.Method.invoke(Method.java:498)
	at java.util.ArrayList.forEach(ArrayList.java:1257)
	at java.util.ArrayList.forEach(ArrayList.java:1257)
]]></skipped>
  </testcase>
  <testcase name="testMapIteratorRemove" classname="org.apache.commons.collections4.multimap.UnmodifiableMultiValuedMapTest" time="0.0">
    <skipped type="org.opentest4j.TestAbortedException"><![CDATA[org.opentest4j.TestAbortedException: Assumption failed: assumption is not true
	at org.apache.commons.collections4.multimap.AbstractMultiValuedMapTest.testMapIteratorRemove(AbstractMultiValuedMapTest.java:993)
	at java.lang.reflect.Method.invoke(Method.java:498)
	at java.util.ArrayList.forEach(ArrayList.java:1257)
	at java.util.ArrayList.forEach(ArrayList.java:1257)
]]></skipped>
  </testcase>
  <testcase name="testRemoveViaValuesRemove" classname="org.apache.commons.collections4.multimap.UnmodifiableMultiValuedMapTest" time="0.0">
    <skipped type="org.opentest4j.TestAbortedException"><![CDATA[org.opentest4j.TestAbortedException: Assumption failed: assumption is not true
	at org.apache.commons.collections4.multimap.AbstractMultiValuedMapTest.testRemoveViaValuesRemove(AbstractMultiValuedMapTest.java:1262)
	at java.lang.reflect.Method.invoke(Method.java:498)
	at java.util.ArrayList.forEach(ArrayList.java:1257)
	at java.util.ArrayList.forEach(ArrayList.java:1257)
]]></skipped>
  </testcase>
  <testcase name="testSize_Key" classname="org.apache.commons.collections4.multimap.UnmodifiableMultiValuedMapTest" time="0.0"/>
  <testcase name="testKeySetSize" classname="org.apache.commons.collections4.multimap.UnmodifiableMultiValuedMapTest" time="0.0"/>
  <testcase name="testValues" classname="org.apache.commons.collections4.multimap.UnmodifiableMultiValuedMapTest" time="0.0"/>
  <testcase name="testSizeWithPutRemove" classname="org.apache.commons.collections4.multimap.UnmodifiableMultiValuedMapTest" time="0.0">
    <skipped type="org.opentest4j.TestAbortedException"><![CDATA[org.opentest4j.TestAbortedException: Assumption failed: assumption is not true
	at org.apache.commons.collections4.multimap.AbstractMultiValuedMapTest.testSizeWithPutRemove(AbstractMultiValuedMapTest.java:1321)
	at java.lang.reflect.Method.invoke(Method.java:498)
	at java.util.ArrayList.forEach(ArrayList.java:1257)
	at java.util.ArrayList.forEach(ArrayList.java:1257)
]]></skipped>
  </testcase>
  <testcase name="testKeysMultiSet" classname="org.apache.commons.collections4.multimap.UnmodifiableMultiValuedMapTest" time="0.0"/>
  <testcase name="testAddException" classname="org.apache.commons.collections4.multimap.UnmodifiableMultiValuedMapTest" time="0.008"/>
  <testcase name="testUnmodifiableKeys" classname="org.apache.commons.collections4.multimap.UnmodifiableMultiValuedMapTest" time="0.001"/>
  <testcase name="testUnmodifiableEntries" classname="org.apache.commons.collections4.multimap.UnmodifiableMultiValuedMapTest" time="0.0"/>
  <testcase name="testClearException" classname="org.apache.commons.collections4.multimap.UnmodifiableMultiValuedMapTest" time="0.009"/>
  <testcase name="testRemoveException" classname="org.apache.commons.collections4.multimap.UnmodifiableMultiValuedMapTest" time="0.001"/>
  <testcase name="testUnmodifiableMapIterator" classname="org.apache.commons.collections4.multimap.UnmodifiableMultiValuedMapTest" time="0.006"/>
  <testcase name="testUnmodifiableKeySet" classname="org.apache.commons.collections4.multimap.UnmodifiableMultiValuedMapTest" time="0.003"/>
  <testcase name="testUnmodifiableValues" classname="org.apache.commons.collections4.multimap.UnmodifiableMultiValuedMapTest" time="0.0"/>
  <testcase name="testDecorateFactory" classname="org.apache.commons.collections4.multimap.UnmodifiableMultiValuedMapTest" time="0.0"/>
  <testcase name="testUnmodifiable" classname="org.apache.commons.collections4.multimap.UnmodifiableMultiValuedMapTest" time="0.0"/>
  <testcase name="testPutAllException" classname="org.apache.commons.collections4.multimap.UnmodifiableMultiValuedMapTest" time="0.004"/>
  <testcase name="testUnmodifiableAsMap" classname="org.apache.commons.collections4.multimap.UnmodifiableMultiValuedMapTest" time="0.004"/>
  <testcase name="testDecoratorFactoryNullMap" classname="org.apache.commons.collections4.multimap.UnmodifiableMultiValuedMapTest" time="0.0"/>
  <testcase name="testRemoveMappingException" classname="org.apache.commons.collections4.multimap.UnmodifiableMultiValuedMapTest" time="0.0"/>
</testsuite>