<?xml version="1.0" encoding="UTF-8"?>
<testsuite xmlns:xsi="http://www.w3.org/2001/XMLSchema-instance" xsi:noNamespaceSchemaLocation="https://maven.apache.org/surefire/maven-surefire-plugin/xsd/surefire-test-report-3.0.xsd" version="3.0" name="org.apache.commons.collections4.multimap.UnmodifiableMultiValuedMapTest" time="0.447" tests="58" errors="0" skipped="16" failures="0">
  <properties>
[...]
</properties>
  <testcase name="testObjectEqualsSelf" classname="org.apache.commons.collections4.multimap.UnmodifiableMultiValuedMapTest" time="0.004"/>
  <testcase name="testCanonicalFullCollectionExists" classname="org.apache.commons.collections4.multimap.UnmodifiableMultiValuedMapTest" time="0.001"/>
  <testcase name="testEqualsNull" classname="org.apache.commons.collections4.multimap.UnmodifiableMultiValuedMapTest" time="0.0"/>
  <testcase name="testCanonicalEmptyCollectionExists" classname="org.apache.commons.collections4.multimap.UnmodifiableMultiValuedMapTest" time="0.0"/>
  <testcase name="testSimpleSerialization" classname="org.apache.commons.collections4.multimap.UnmodifiableMultiValuedMapTest" time="0.001"/>
  <testcase name="testObjectHashCodeEqualsContract" classname="org.apache.commons.collections4.multimap.UnmodifiableMultiValuedMapTest" time="0.0"/>
  <testcase name="testObjectHashCodeEqualsSelfHashCode" classname="org.apache.commons.collections4.multimap.UnmodifiableMultiValuedMapTest" time="0.002"/>
  <testcase name="testSerializeDeserializeThenCompare" classname="org.apache.commons.collections4.multimap.UnmodifiableMultiValuedMapTest" time="0.001"/>
  <testcase name="testRemoveMappingThroughGet" classname="org.apache.commons.collections4.multimap.UnmodifiableMultiValuedMapTest" time="0.0">
    <skipped type="org.opentest4j.TestAbortedException"><![CDATA[org.opentest4j.TestAbortedException: Assumption failed: assumption is not true
	at org.apache.commons.collections4.multimap.AbstractMultiValuedMapTest.testRemoveMappingThroughGet(AbstractMultiValuedMapTest.java:1196)
	at java.lang.reflect.Method.invoke(Method.java:498)
	at java.util.ArrayList.forEach(ArrayList.java:1257)
	at java.util.ArrayList.forEach(ArrayList.java:1257)
]]></skipped>
  </testcase>
  <testcase name="testPutAll_KeyIterable" classname="org.apache.commons.collections4.multimap.UnmodifiableMultiValuedMapTest" time="0.0">
    <skipped type="org.opentest4j.TestAbortedException"><![CDATA[org.opentest4j.TestAbortedException: Assumption failed: assumption is not true
	at org.apache.commons.collections4.multimap.AbstractMultiValuedMapTest.testPutAll_KeyIterable(AbstractMultiValuedMapTest.java:1063)
	at java.lang.reflect.Method.invoke(Method.java:498)
	at java.util.ArrayList.forEach(ArrayList.java:1257)
	at java.util.ArrayList.forEach(ArrayList.java:1257)
]]></skipped>
  </testcase>
  <testcase name="testNoMappingReturnsEmptyCol" classname="org.apache.commons.collections4.multimap.UnmodifiableMultiValuedMapTest" time="0.001"/>
  <testcase name="testGet" classname="org.apache.commons.collections4.multimap.UnmodifiableMultiValuedMapTest" time="0.005"/>
  <testcase name="testAsMapRemove" classname="org.apache.commons.collections4.multimap.UnmodifiableMultiValuedMapTest" time="0.0">
    <skipped type="org.opentest4j.TestAbortedException"><![CDATA[org.opentest4j.TestAbortedException: Assumption failed: assumption is not true
	at org.apache.commons.collections4.multimap.AbstractMultiValuedMapTest.testAsMapRemove(AbstractMultiValuedMapTest.java:771)
	at java.lang.reflect.Method.invoke(Method.java:498)
	at java.util.ArrayList.forEach(ArrayList.java:1257)
	at java.util.ArrayList.forEach(ArrayList.java:1257)
]]></skipped>
  </testcase>
  <testcase name="testKeysBagContainsAll" classname="org.apache.commons.collections4.multimap.UnmodifiableMultiValuedMapTest" time="0.001"/>
  <testcase name="testKeysBagIterator" classname="org.apache.commons.collections4.multimap.UnmodifiableMultiValuedMapTest" time="0.003"/>
  <testcase name="testRemoveAllViaEntriesIterator" classname="org.apache.commons.collections4.multimap.UnmodifiableMultiValuedMapTest" time="0.0">
    <skipped type="org.opentest4j.TestAbortedException"><![CDATA[org.opentest4j.TestAbortedException: Assumption failed: assumption is not true
	at org.apache.commons.collections4.multimap.AbstractMultiValuedMapTest.testRemoveAllViaEntriesIterator(AbstractMultiValuedMapTest.java:1171)
	at java.lang.reflect.Method.invoke(Method.java:498)
	at java.util.ArrayList.forEach(ArrayList.java:1257)
	at java.util.ArrayList.forEach(ArrayList.java:1257)
]]></skipped>
  </testcase>
  <testcase name="testSize" classname="org.apache.commons.collections4.multimap.UnmodifiableMultiValuedMapTest" time="0.001"/>
  <testcase name="testToString" classname="org.apache.commons.collections4.multimap.UnmodifiableMultiValuedMapTest" time="0.0">
    <skipped type="org.opentest4j.TestAbortedException"><![CDATA[org.opentest4j.TestAbortedException: Assumption failed: assumption is not true
	at org.apache.commons.collections4.multimap.AbstractMultiValuedMapTest.testToString(AbstractMultiValuedMapTest.java:1341)
	at java.lang.reflect.Method.invoke(Method.java:498)
	at java.util.ArrayList.forEach(ArrayList.java:1257)
	at java.util.ArrayList.forEach(ArrayList.java:1257)
]]></skipped>
  </testcase>
  <testcase name="testAsMapGet_Empty" classname="org.apache.commons.collections4.multimap.UnmodifiableMultiValuedMapTest" time="0.0"/>
  <testcase name="testAddMappingThroughGet" classname="org.apache.commons.collections4.multimap.UnmodifiableMultiValuedMapTest" time="0.0">
    <skipped type="org.opentest4j.TestAbortedException"><![CDATA[org.opentest4j.TestAbortedException: Assumption failed: assumption is not true
	at org.apache.commons.collections4.multimap.AbstractMultiValuedMapTest.testAddMappingThroughGet(AbstractMultiValuedMapTest.java:703)
	at java.lang.reflect.Method.invoke(Method.java:498)
	at java.util.ArrayList.forEach(ArrayList.java:1257)
	at java.util.ArrayList.forEach(ArrayList.java:1257)
]]></skipped>
  </testcase>
  <testcase name="testMultiValuedMapIterator" classname="org.apache.commons.collections4.multimap.UnmodifiableMultiValuedMapTest" time="0.0"/>
  <testcase name="testRemoveAllViaValuesIterator" classname="org.apache.commons.collections4.multimap.UnmodifiableMultiValuedMapTest" time="0.0">
    <skipped type="org.opentest4j.TestAbortedException"><![CDATA[org.opentest4j.TestAbortedException: Assumption failed: assumption is not true
	at org.apache.commons.collections4.multimap.AbstractMultiValuedMapTest.testRemoveAllViaValuesIterator(AbstractMultiValuedMapTest.java:1184)
	at java.lang.reflect.Method.invoke(Method.java:498)
	at java.util.ArrayList.forEach(ArrayList.java:1257)
	at java.util.ArrayList.forEach(ArrayList.java:1257)
]]></skipped>
  </testcase>
  <testcase name="testMultipleValues" classname="org.apache.commons.collections4.multimap.UnmodifiableMultiValuedMapTest" time="0.008"/>
  <testcase name="testAsMapGet_Full" classname="org.apache.commons.collections4.multimap.UnmodifiableMultiValuedMapTest" time="0.003"/>
  <testcase name="testContainsValue_Key" classname="org.apache.commons.collections4.multimap.UnmodifiableMultiValuedMapTest" time="0.002"/>
  <testcase name="testMapIterator" classname="org.apache.commons.collections4.multimap.UnmodifiableMultiValuedMapTest" time="0.005"/>
  <testcase name="testKeyContainsValue" classname="org.apache.commons.collections4.multimap.UnmodifiableMultiValuedMapTest" time="0.002"/>
  <testcase name="testContainsValue" classname="org.apache.commons.collections4.multimap.UnmodifiableMultiValuedMapTest" time="0.275"/>
  <testcase name="testEntriesCollectionIterator" classname="org.apache.commons.collections4.multimap.UnmodifiableMultiValuedMapTest" time="0.033"/>
  <testcase name="testMapIteratorUnsupportedSet" classname="org.apache.commons.collections4.multimap.UnmodifiableMultiValuedMapTest" time="0.0"/>
  <testcase name="testRemove_KeyItem" classname="org.apache.commons.collections4.multimap.UnmodifiableMultiValuedMapTest" time="0.0">
    <skipped type="org.opentest4j.TestAbortedException"><![CDATA[org.opentest4j.TestAbortedException: Assumption failed: assumption is not true
	at org.apache.commons.collections4.multimap.AbstractMultiValuedMapTest.testRemove_KeyItem(AbstractMultiValuedMapTest.java:1154)
	at java.lang.reflect.Method.invoke(Method.java:498)
	at java.util.ArrayList.forEach(ArrayList.java:1257)
	at java.util.ArrayList.forEach(ArrayList.java:1257)
]]></skipped>
  </testcase>
  <testcase name="testEmptyMapCompatibility" classname="org.apache.commons.collections4.multimap.UnmodifiableMultiValuedMapTest" time="0.008"/>
  <testcase name="testRemoveMappingThroughGetIterator" classname="org.apache.commons.collections4.multimap.UnmodifiableMultiValuedMapTest" time="0.0">
    <skipped type="org.opentest4j.TestAbortedException"><![CDATA[org.opentest4j.TestAbortedException: Assumption failed: assumption is not true
	at org.apache.commons.collections4.multimap.AbstractMultiValuedMapTest.testRemoveMappingThroughGetIterator(AbstractMultiValuedMapTest.java:1231)
	at java.lang.reflect.Method.invoke(Method.java:498)
	at java.util.ArrayList.forEach(ArrayList.java:1257)
	at java.util.ArrayList.forEach(ArrayList.java:1257)
]]></skipped>
  </testcase>
  <testcase name="testPutAll_Map1" classname="org.apache.commons.collections4.multimap.UnmodifiableMultiValuedMapTest" time="0.0">
    <skipped type="org.opentest4j.TestAbortedException"><![CDATA[org.opentest4j.TestAbortedException: Assumption failed: assumption is not true
	at org.apache.commons.collections4.multimap.AbstractMultiValuedMapTest.testPutAll_Map1(AbstractMultiValuedMapTest.java:1099)
	at java.lang.reflect.Method.invoke(Method.java:498)
	at java.util.ArrayList.forEach(ArrayList.java:1257)
	at java.util.ArrayList.forEach(ArrayList.java:1257)
]]></skipped>
  </testcase>
  <testcase name="testPutAll_Map2" classname="org.apache.commons.collections4.multimap.UnmodifiableMultiValuedMapTest" time="0.0">
    <skipped type="org.opentest4j.TestAbortedException"><![CDATA[org.opentest4j.TestAbortedException: Assumption failed: assumption is not true
	at org.apache.commons.collections4.multimap.AbstractMultiValuedMapTest.testPutAll_Map2(AbstractMultiValuedMapTest.java:1126)
	at java.lang.reflect.Method.invoke(Method.java:498)
	at java.util.ArrayList.forEach(ArrayList.java:1257)
	at java.util.ArrayList.forEach(ArrayList.java:1257)
]]></skipped>
  </testcase>
  <testcase name="testFullMapCompatibility" classname="org.apache.commons.collections4.multimap.UnmodifiableMultiValuedMapTest" time="0.0">
    <skipped message="There is no code to create this test fixture?"/>
  </testcase>
  <testcase name="testMapEquals" classname="org.apache.commons.collections4.multimap.UnmodifiableMultiValuedMapTest" time="0.0">
    <skipped type="org.opentest4j.TestAbortedException"><![CDATA[org.opentest4j.TestAbortedException: Assumption failed: assumption is not true
	at org.apache.commons.collections4.multimap.AbstractMultiValuedMapTest.testMapEquals(AbstractMultiValuedMapTest.java:966)
	at java.lang.reflect.Method.invoke(Method.java:498)
	at java.util.ArrayList.forEach(ArrayList.java:1257)
	at java.util.ArrayList.forEach(ArrayList.java:1257)
]]></skipped>
  </testcase>
  <testcase name="testMapIteratorRemove" classname="org.apache.commons.collections4.multimap.UnmodifiableMultiValuedMapTest" time="0.0">
    <skipped type="org.opentest4j.TestAbortedException"><![CDATA[org.opentest4j.TestAbortedException: Assumption failed: assumption is not true
	at org.apache.commons.collections4.multimap.AbstractMultiValuedMapTest.testMapIteratorRemove(AbstractMultiValuedMapTest.java:993)
	at java.lang.reflect.Method.invoke(Method.java:498)
	at java.util.ArrayList.forEach(ArrayList.java:1257)
	at java.util.ArrayList.forEach(ArrayList.java:1257)
]]></skipped>
  </testcase>
  <testcase name="testRemoveViaValuesRemove" classname="org.apache.commons.collections4.multimap.UnmodifiableMultiValuedMapTest" time="0.0">
    <skipped type="org.opentest4j.TestAbortedException"><![CDATA[org.opentest4j.TestAbortedException: Assumption failed: assumption is not true
	at org.apache.commons.collections4.multimap.AbstractMultiValuedMapTest.testRemoveViaValuesRemove(AbstractMultiValuedMapTest.java:1262)
	at java.lang.reflect.Method.invoke(Method.java:498)
	at java.util.ArrayList.forEach(ArrayList.java:1257)
	at java.util.ArrayList.forEach(ArrayList.java:1257)
]]></skipped>
  </testcase>
  <testcase name="testSize_Key" classname="org.apache.commons.collections4.multimap.UnmodifiableMultiValuedMapTest" time="0.0"/>
  <testcase name="testKeySetSize" classname="org.apache.commons.collections4.multimap.UnmodifiableMultiValuedMapTest" time="0.0"/>
  <testcase name="testValues" classname="org.apache.commons.collections4.multimap.UnmodifiableMultiValuedMapTest" time="0.0"/>
  <testcase name="testSizeWithPutRemove" classname="org.apache.commons.collections4.multimap.UnmodifiableMultiValuedMapTest" time="0.0">
    <skipped type="org.opentest4j.TestAbortedException"><![CDATA[org.opentest4j.TestAbortedException: Assumption failed: assumption is not true
	at org.apache.commons.collections4.multimap.AbstractMultiValuedMapTest.testSizeWithPutRemove(AbstractMultiValuedMapTest.java:1321)
	at java.lang.reflect.Method.invoke(Method.java:498)
	at java.util.ArrayList.forEach(ArrayList.java:1257)
	at java.util.ArrayList.forEach(ArrayList.java:1257)
]]></skipped>
  </testcase>
  <testcase name="testKeysMultiSet" classname="org.apache.commons.collections4.multimap.UnmodifiableMultiValuedMapTest" time="0.0"/>
  <testcase name="testAddException" classname="org.apache.commons.collections4.multimap.UnmodifiableMultiValuedMapTest" time="0.008"/>
  <testcase name="testUnmodifiableKeys" classname="org.apache.commons.collections4.multimap.UnmodifiableMultiValuedMapTest" time="0.001"/>
  <testcase name="testUnmodifiableEntries" classname="org.apache.commons.collections4.multimap.UnmodifiableMultiValuedMapTest" time="0.0"/>
  <testcase name="testClearException" classname="org.apache.commons.collections4.multimap.UnmodifiableMultiValuedMapTest" time="0.009"/>
  <testcase name="testRemoveException" classname="org.apache.commons.collections4.multimap.UnmodifiableMultiValuedMapTest" time="0.001"/>
  <testcase name="testUnmodifiableMapIterator" classname="org.apache.commons.collections4.multimap.UnmodifiableMultiValuedMapTest" time="0.006"/>
  <testcase name="testUnmodifiableKeySet" classname="org.apache.commons.collections4.multimap.UnmodifiableMultiValuedMapTest" time="0.003"/>
  <testcase name="testUnmodifiableValues" classname="org.apache.commons.collections4.multimap.UnmodifiableMultiValuedMapTest" time="0.0"/>
  <testcase name="testDecorateFactory" classname="org.apache.commons.collections4.multimap.UnmodifiableMultiValuedMapTest" time="0.0"/>
  <testcase name="testUnmodifiable" classname="org.apache.commons.collections4.multimap.UnmodifiableMultiValuedMapTest" time="0.0"/>
  <testcase name="testPutAllException" classname="org.apache.commons.collections4.multimap.UnmodifiableMultiValuedMapTest" time="0.004"/>
  <testcase name="testUnmodifiableAsMap" classname="org.apache.commons.collections4.multimap.UnmodifiableMultiValuedMapTest" time="0.004"/>
  <testcase name="testDecoratorFactoryNullMap" classname="org.apache.commons.collections4.multimap.UnmodifiableMultiValuedMapTest" time="0.0"/>
  <testcase name="testRemoveMappingException" classname="org.apache.commons.collections4.multimap.UnmodifiableMultiValuedMapTest" time="0.0"/>
</testsuite>