<?xml version="1.0" encoding="UTF-8"?>
<testsuite xmlns:xsi="http://www.w3.org/2001/XMLSchema-instance" xsi:noNamespaceSchemaLocation="https://maven.apache.org/surefire/maven-surefire-plugin/xsd/surefire-test-report-3.0.xsd" version="3.0" name="org.apache.commons.configuration2.io.TestFileHandler" time="0.465" tests="85" errors="0" skipped="0" failures="0">
  <properties>
[...]
</properties>
  <testcase name="testLocateUnknownFile" classname="org.apache.commons.configuration2.io.TestFileHandler" time="0.005"/>
  <testcase name="testLoadFromFileNoContent" classname="org.apache.commons.configuration2.io.TestFileHandler" time="0.006"/>
  <testcase name="testSettingFileNames" classname="org.apache.commons.configuration2.io.TestFileHandler" time="0.001"/>
  <testcase name="testSaveToFileNameURLException" classname="org.apache.commons.configuration2.io.TestFileHandler" time="0.001"/>
  <testcase name="testLocationChangedEncoding" classname="org.apache.commons.configuration2.io.TestFileHandler" time="0.005"/>
  <testcase name="testSaveFileLocatorAwareToStream" classname="org.apache.commons.configuration2.io.TestFileHandler" time="0.002"/>
  <testcase name="testAssignNullHandler" classname="org.apache.commons.configuration2.io.TestFileHandler" time="0.005"/>
  <testcase name="testSaveFileLocatorAwareToWriter" classname="org.apache.commons.configuration2.io.TestFileHandler" time="0.002"/>
  <testcase name="testLoadFromURL" classname="org.apache.commons.configuration2.io.TestFileHandler" time="0.004"/>
  <testcase name="testSetFileSystemNull" classname="org.apache.commons.configuration2.io.TestFileHandler" time="0.003"/>
  <testcase name="testResetFileSystem" classname="org.apache.commons.configuration2.io.TestFileHandler" time="0.002"/>
  <testcase name="testSetURLFileScheme" classname="org.apache.commons.configuration2.io.TestFileHandler" time="0.004"/>
  <testcase name="testLocateSuccess" classname="org.apache.commons.configuration2.io.TestFileHandler" time="0.005"/>
  <testcase name="testLoadNoLocation" classname="org.apache.commons.configuration2.io.TestFileHandler" time="0.007"/>
  <testcase name="testGetFileSystemDefault" classname="org.apache.commons.configuration2.io.TestFileHandler" time="0.002"/>
  <testcase name="testSetFileLocator" classname="org.apache.commons.configuration2.io.TestFileHandler" time="0.003"/>
  <testcase name="testLoadEvents" classname="org.apache.commons.configuration2.io.TestFileHandler" time="0.003"/>
  <testcase name="testSetURLWithParams" classname="org.apache.commons.configuration2.io.TestFileHandler" time="0.058"/>
  <testcase name="testClearLocation" classname="org.apache.commons.configuration2.io.TestFileHandler" time="0.005"/>
  <testcase name="testLoadFileLocatorAware" classname="org.apache.commons.configuration2.io.TestFileHandler" time="0.005"/>
  <testcase name="testLocationChangedFileSystem" classname="org.apache.commons.configuration2.io.TestFileHandler" time="0.002"/>
  <testcase name="testPathWithPlus" classname="org.apache.commons.configuration2.io.TestFileHandler" time="0.006"/>
  <testcase name="testLocationChangedBasePath" classname="org.apache.commons.configuration2.io.TestFileHandler" time="0.001"/>
  <testcase name="testLoadInputStreamSupportIOException" classname="org.apache.commons.configuration2.io.TestFileHandler" time="0.027"/>
  <testcase name="testSetFileNameFileScheme" classname="org.apache.commons.configuration2.io.TestFileHandler" time="0.003"/>
  <testcase name="testSaveToStream" classname="org.apache.commons.configuration2.io.TestFileHandler" time="0.003"/>
  <testcase name="testSaveToWriter" classname="org.apache.commons.configuration2.io.TestFileHandler" time="0.003"/>
  <testcase name="testPathWithSpaces" classname="org.apache.commons.configuration2.io.TestFileHandler" time="0.007"/>
  <testcase name="testAssignWithFileBased" classname="org.apache.commons.configuration2.io.TestFileHandler" time="0.003"/>
  <testcase name="testSaveToWriterNoContent" classname="org.apache.commons.configuration2.io.TestFileHandler" time="0.002"/>
  <testcase name="testLoadDirectoryFile" classname="org.apache.commons.configuration2.io.TestFileHandler" time="0.002"/>
  <testcase name="testSetBasePath" classname="org.apache.commons.configuration2.io.TestFileHandler" time="0.004"/>
  <testcase name="testLoadFromFilePath" classname="org.apache.commons.configuration2.io.TestFileHandler" time="0.004"/>
  <testcase name="testLoadFileLocatorAwareReader" classname="org.apache.commons.configuration2.io.TestFileHandler" time="0.002"/>
  <testcase name="testLoadFileLocatorAwareStream" classname="org.apache.commons.configuration2.io.TestFileHandler" time="0.003"/>
  <testcase name="testIsLocationDefinedFalse" classname="org.apache.commons.configuration2.io.TestFileHandler" time="0.002"/>
  <testcase name="testLocationChangedFileName" classname="org.apache.commons.configuration2.io.TestFileHandler" time="0.002"/>
  <testcase name="testSaveEvents" classname="org.apache.commons.configuration2.io.TestFileHandler" time="0.004"/>
  <testcase name="testLoadInputStreamSupport" classname="org.apache.commons.configuration2.io.TestFileHandler" time="0.004"/>
  <testcase name="testSaveNoLocation" classname="org.apache.commons.configuration2.io.TestFileHandler" time="0.002"/>
  <testcase name="testInitFromMap" classname="org.apache.commons.configuration2.io.TestFileHandler" time="0.0"/>
  <testcase name="testLocationChangedLocator" classname="org.apache.commons.configuration2.io.TestFileHandler" time="0.004"/>
  <testcase name="testSaveSynchronized" classname="org.apache.commons.configuration2.io.TestFileHandler" time="0.008"/>
  <testcase name="testLoadNoContent" classname="org.apache.commons.configuration2.io.TestFileHandler" time="0.001"/>
  <testcase name="testSaveToFile" classname="org.apache.commons.configuration2.io.TestFileHandler" time="0.005"/>
  <testcase name="testLocateUndefinedLocator" classname="org.apache.commons.configuration2.io.TestFileHandler" time="0.002"/>
  <testcase name="testSetBasePathFileScheme" classname="org.apache.commons.configuration2.io.TestFileHandler" time="0.003"/>
  <testcase name="testLocatorAwareEncoding" classname="org.apache.commons.configuration2.io.TestFileHandler" time="0.001"/>
  <testcase name="testSaveToFileName" classname="org.apache.commons.configuration2.io.TestFileHandler" time="0.004"/>
  <testcase name="testSetFileName" classname="org.apache.commons.configuration2.io.TestFileHandler" time="0.002"/>
  <testcase name="testGetBasePathUndefined" classname="org.apache.commons.configuration2.io.TestFileHandler" time="0.003"/>
  <testcase name="testSaveToURL" classname="org.apache.commons.configuration2.io.TestFileHandler" time="0.006"/>
  <testcase name="testIsLocationDefinedFileName" classname="org.apache.commons.configuration2.io.TestFileHandler" time="0.003"/>
  <testcase name="testGetFileNameUndefined" classname="org.apache.commons.configuration2.io.TestFileHandler" time="0.003"/>
  <testcase name="testLocationChangedURL" classname="org.apache.commons.configuration2.io.TestFileHandler" time="0.016"/>
  <testcase name="testSaveToFileNameLocation" classname="org.apache.commons.configuration2.io.TestFileHandler" time="0.004"/>
  <testcase name="testLoadFromReaderIOException" classname="org.apache.commons.configuration2.io.TestFileHandler" time="0.004"/>
  <testcase name="testLoadFromFilePathWithURLDefined" classname="org.apache.commons.configuration2.io.TestFileHandler" time="0.005"/>
  <testcase name="testLoadFromFile" classname="org.apache.commons.configuration2.io.TestFileHandler" time="0.005"/>
  <testcase name="testSaveFileLocatorAware" classname="org.apache.commons.configuration2.io.TestFileHandler" time="0.004"/>
  <testcase name="testLoadFromClassPath" classname="org.apache.commons.configuration2.io.TestFileHandler" time="0.003"/>
  <testcase name="testSetURLNull" classname="org.apache.commons.configuration2.io.TestFileHandler" time="0.003"/>
  <testcase name="testGetLocationStrategyDefault" classname="org.apache.commons.configuration2.io.TestFileHandler" time="0.001"/>
  <testcase name="testLoadFromURLLocation" classname="org.apache.commons.configuration2.io.TestFileHandler" time="0.002"/>
  <testcase name="testIsLocationDefinedBasePathOnly" classname="org.apache.commons.configuration2.io.TestFileHandler" time="0.003"/>
  <testcase name="testIsLocationDefinedFile" classname="org.apache.commons.configuration2.io.TestFileHandler" time="0.003"/>
  <testcase name="testIsLocationDefinedPath" classname="org.apache.commons.configuration2.io.TestFileHandler" time="0.004"/>
  <testcase name="testLoadSynchronized" classname="org.apache.commons.configuration2.io.TestFileHandler" time="0.017"/>
  <testcase name="testLocationChangedFile" classname="org.apache.commons.configuration2.io.TestFileHandler" time="0.002"/>
  <testcase name="testLocationChangedPath" classname="org.apache.commons.configuration2.io.TestFileHandler" time="0.001"/>
  <testcase name="testSetLocationStrategy" classname="org.apache.commons.configuration2.io.TestFileHandler" time="0.004"/>
  <testcase name="testSetFileLocatorNull" classname="org.apache.commons.configuration2.io.TestFileHandler" time="0.003"/>
  <testcase name="testIsLocationDefinedURL" classname="org.apache.commons.configuration2.io.TestFileHandler" time="0.005"/>
  <testcase name="testSetFile" classname="org.apache.commons.configuration2.io.TestFileHandler" time="0.003"/>
  <testcase name="testSetPath" classname="org.apache.commons.configuration2.io.TestFileHandler" time="0.005"/>
  <testcase name="testSetURL" classname="org.apache.commons.configuration2.io.TestFileHandler" time="0.001"/>
  <testcase name="testLoadDirectoryString" classname="org.apache.commons.configuration2.io.TestFileHandler" time="0.009"/>
  <testcase name="testLoadFromReader" classname="org.apache.commons.configuration2.io.TestFileHandler" time="0.004"/>
  <testcase name="testInitPropertiesMultiThreaded" classname="org.apache.commons.configuration2.io.TestFileHandler" time="0.015"/>
  <testcase name="testSaveToWriterIOException" classname="org.apache.commons.configuration2.io.TestFileHandler" time="0.002"/>
  <testcase name="testLoadFromStream" classname="org.apache.commons.configuration2.io.TestFileHandler" time="0.007"/>
  <testcase name="testSaveToURLLocation" classname="org.apache.commons.configuration2.io.TestFileHandler" time="0.004"/>
  <testcase name="testAddFileHandlerListenerNull" classname="org.apache.commons.configuration2.io.TestFileHandler" time="0.003"/>
  <testcase name="testLoadFromFileNameLocation" classname="org.apache.commons.configuration2.io.TestFileHandler" time="0.006"/>
  <testcase name="testSaveToFileNameURLNotResolved" classname="org.apache.commons.configuration2.io.TestFileHandler" time="0.004"/>
</testsuite>